<!DOCTYPE html>








<html>
	<head>
        <meta http-equiv="content-type" content="text/html; charset=UTF-8" />
		<title>UnitTestProject1 Test Execution Report</title>
        <script type="text/javascript" src="http://code.jquery.com/jquery-1.6.2.min.js"></script>
        <script type="text/javascript">
            /**
            * jQuery.fn.sortElements
            * --------------
            * #author James Padolsey (http://james.padolsey.com)
            * #version 0.11
            * #updated 18-MAR-2010
            * #url https://raw.github.com/jamespadolsey/jQuery-Plugins/master/sortElements/jquery.sortElements.js
            * --------------
            * #param Function comparator:
            *   Exactly the same behaviour as [1,2,3].sort(comparator)
            *   
            * #param Function getSortable
            *   A function that should return the element that is
            *   to be sorted. The comparator will run on the
            *   current collection, but you may want the actual
            *   resulting sort to occur on a parent or another
            *   associated element.
            *   
            *   E.g. $('td').sortElements(comparator, function(){
            *      return this.parentNode; 
            *   })
            *   
            *   The <td>'s parent (<tr>) will be sorted instead
            *   of the <td> itself.
            */
            jQuery.fn.sortElements = (function () {

                var sort = [].sort;

                return function (comparator, getSortable) {

                    getSortable = getSortable || function () { return this; };

                    var placements = this.map(function () {

                        var sortElement = getSortable.call(this),
                parentNode = sortElement.parentNode,

                        // Since the element itself will change position, we have
                        // to have some way of storing it's original position in
                        // the DOM. The easiest way is to have a 'flag' node:
                nextSibling = parentNode.insertBefore(
                    document.createTextNode(''),
                    sortElement.nextSibling
                );

                        return function () {

                            if (parentNode === this) {
                                throw new Error(
                        "You can't sort elements if any one is a descendant of another."
                    );
                            }

                            // Insert before flag:
                            parentNode.insertBefore(this, nextSibling);
                            // Remove flag:
                            parentNode.removeChild(nextSibling);

                        };

                    });

                    return sort.call(this, comparator).each(function (i) {
                        placements[i].call(getSortable.call(this));
                    });

                };

            })();
        </script>
        <script type="text/javascript">
            jQuery.fn.setBarSizes = (function () {
                return function (metricName, maxBarSize, min) {
                    var max = Math.max.apply(Math, $.makeArray($(this).map(function () { return Number($(this).attr('data-sr-' + metricName)); })));
                    var scale = 1.0;
                    while (max > 0.0 && max <= 10.0) {
                        scale = scale * 10.0;
                        max = max * 10.0;
                    }
                    max = (Math.ceil(max / 2) * 2) / scale;

                    this.each(function () {
                        var barAnchor = $(this).find('a');
                        var actual = $(this).attr('data-sr-' + metricName);
                        var newHeight = Math.max(Math.round(maxBarSize * (actual - min) / (max - min)), 2);
                        barAnchor.css({ height: newHeight });
                    });

                    var unit = "";
                    if (metricName.substr(metricName.length - 4, 4) === "time")
                        unit = "s";

                    $('#testview .scale-min-label').each(function () {
                        $(this).text(min.toString() + unit);
                    });
                    $('#testview .scale-max-label').each(function () {
                        $(this).text(max.toString() + unit);
                    });
                    var mid = max / 2;
                    $('#testview .scale-mid-label').each(function () {
                        $(this).text(mid.toString() + unit);
                    });
                };
            })();

            function getComparer(metricName, isDesc) {
                return function (a, b) {
                    var aNumber = Number($(a).attr('data-sr-' + metricName));
                    var bNumber = Number($(b).attr('data-sr-' + metricName));
                    var result = aNumber > bNumber ? 1 : (aNumber < bNumber ? -1 : 0);
                    if (isDesc)
                        result = -1 * result;

                    if (result == 0 && metricName != "order")
                        result = getComparer("order", false)(a, b);

                    return result;
                };
            }

            var currentSort = "";
            function doSort(allowToggleDesc) {
                var newSort = $("input[name='barSortOrder']:checked").val();
                if (allowToggleDesc && currentSort == newSort) {
                    $('#barSortDesc').click();
                    doSort(false);
                    return;
                }
                currentSort = newSort;
                $('#testview td.testview-item').sortElements(getComparer(newSort, $('#barSortDesc').is(':checked')));
            }


            function doSetHeights(allowSort) {
                var selectedMetric = $("input[name='barHeight']:checked").val();
                $('#testview td.testview-item').setBarSizes(selectedMetric, 60, 0.0);

                if (allowSort && currentSort != selectedMetric) {
                    var $radios = $("input[name='barSortOrder']");
                    $radios.filter('[value=' + selectedMetric + ']').attr('checked', true);
                    $("#barSortDesc").attr("checked", [true]);
                    doSort(false);
                }
            }

            $(document).ready(function () {
                $("input[name='barSortOrder']").click(function () { doSort(true); return true; });
                $("input[name='barSortDesc']").change(function () { doSort(false); });
                $("input[name='barHeight']").change(function () { doSetHeights(true); });

                doSort(false);
                doSetHeights(false);

                $("div.scrollable").css({ 'overflow': 'auto' });
            });
        </script>

        <style type="text/css">
            body 
            {
                color: #000000;
                font-family: Arial,Liberation Sans,DejaVu Sans,sans-serif;
                line-height: 130%;
            }
            h1 {
                font-family: Trebuchet MS,Liberation Sans,DejaVu Sans,sans-serif;
                font-size: 170%;
                font-weight: bold;
            }            
            h2 {
                font-family: Trebuchet MS,Liberation Sans,DejaVu Sans,sans-serif;
                font-size: 130%;
                font-weight: bold;
                margin-bottom: 5px;
            }            
            h3 {
                font-family: Trebuchet MS,Liberation Sans,DejaVu Sans,sans-serif;
                font-size: 120%;
                font-weight: bold;
                margin-bottom: 5px;
            }            
            a.bar
            {
                text-decoration: none;
                display: block;
                line-height: 1px;
            }
            .description
            {
                font-style: italic;
            }
            .log 
            {
                width: 600px;
                white-space: pre-wrap;
                display: block;
                margin: 0px;
            }
            .errorMessage 
            {
                width: 600px;
                color: Red;
                font-weight: bold;
            }
            .stackTrace 
            {
                width: 600px;
                white-space: pre-wrap;
                font-style: italic;
                color: Red;
                display: block;
            }
            table.testEvents
            {
                border: solid 1px #e8eef4;
                border-collapse: collapse;
            }
            table.testEvents td
            {
                vertical-align: top;
                padding: 5px;
                border: solid 1px #e8eef4;
            }
            table.testEvents th
            {
                padding: 6px 5px;
                text-align: left;
                background-color: #e8eef4;
                border: solid 1px #e8eef4;                
            }
            .comment
            {
                font-style: italic;
                font-size: smaller;
            }
            .startupBar
            {
                background-color: #EEEEEE;
                cursor: default;
            }
            
            .colorSucceeded
            {
                background-color: #90ED7B;
            }
            .colorIgnored
            {
                background-color: #FFFF85;
            }
            .colorPending
            {
                background-color: #D47BED;
            }
            .colorNothingToRun
            {
                background-color: #CCCCFF;
            }
            .colorSkipped
            {
                background-color: #CCCCFF;
            }
            .colorInconclusive
            {
                background-color: #7BEDED;
            }
            .colorCleanupFailed
            {
                background-color: #FFCCCC;
            }
            .colorRandomlyFailed
            {
                background-color: #EDB07B;
            }
            .colorFailed
            {
                background-color: #ED5F5F;
            }
            .colorInitializationFailed
            {
                background-color: #FF0000;
            }
            .colorFrameworkError
            {
                background-color: #FF0000;
            }
            ul.subNodeLinks
            {
                padding-left: 20px;
                margin: 0px;
            }
            ul.subNodeLinks li
            {
                list-style: none;
            }
            
            /* views general */
            div.scrollable
            {
                /*overflow: auto; - thsi has to be set from js, because of an IE9 bug */
            }
            div.viewbox
            {
                position: relative;
                border: 3px solid #e8eef4;
            }
            div.viewbox table
            {
                border: 0px;
            }
                        
            /* testview */
            #testview
            {
                padding-top: 23px;
            }
            
            table.testview-items td
            {
                vertical-align: bottom;
                padding: 0px 1px 0px 1px;
            }
            td.right-padding, td.left-padding
            {
                width: 25px;
                min-width: 25px;
            }
            table.testview-items a.bar
            {
                width: 5px;
            }
            table.testview-items tr.testview-items-row
            {
                height: 60px;
            }
            
            /* scale */
            table.vertical-scale 
            {
                position: absolute;
                top: 23px;
                left: 0px;
                width: 100%;
                z-index: -100;
            }
            table.vertical-scale td, tr.horizontal-scale td
            {
                font-size: 60%;
                line-height: normal;
            }
            table.vertical-scale tr.scale-max, table.vertical-scale tr.scale-mid 
            {
                height: 30px;
            }
            tr.horizontal-scale, table.vertical-scale tr.scale-min 
            {
                height: 12px;
            }
            
            td.scale-max-label, td.scale-mid-label, td.scale-min-label
            {
                border-top: solid 1px #E6E6E6;
                text-align: left;
                vertical-align: top;
            }
            td.scale-10-label
            {
                border-left: solid 1px #E6E6E6;
                text-align: left;
                vertical-align: bottom;
                padding-left: 1px;
            }
            tr.scale-mid td, tr.scale-min td, tr.scale-max td
            {
                border-top: solid 1px #E6E6E6;
            }
           
            
            /* bar-control */
            #bar-control
            {
                font-size: 60%;
                line-height: normal;
                position: absolute;
                right: 0px;
                top: 0px;
            }
            #bar-control label
            {
                font-weight: bold;
                vertical-align: middle;
            }
            #bar-control .option
            {
                vertical-align: middle;
                text-transform: lowercase;
            }
            #bar-control input[type="checkbox"]
            {
                padding: 0 2px 0 3px;
            }
            #bar-control input
            {
                vertical-align: top;
                height: 12px;
                margin: 0px;
                padding: 0px;
            }
            #bar-control div
            {
                float: right;
                margin: 3px 5px 3px 5px;
            }
            
            
            /* timeline view */
            #timelineview
            {
                padding-top: 5px;
            }
            table.timelineview a
            {
                height: 20px;
            }
            table.timelineview td
            {
                vertical-align: bottom;
                padding: 0px 1px 0px 0px;
                border: 0px;
            }
            tr.thread-items-row
            {
                height: 25px;
            }
            tr.thread-items-row td
            {
                vertical-align: bottom;
            }
            td.thread-label
            {
                padding: 0px 6px 0px 6px;
                text-align: right;
                line-height: 18px;
                vertical-align: bottom;
            }
            th.thread-label
            {
                padding: 3px 6px 0px 6px;
                line-height: 18px;
                text-align: left;
                vertical-align: bottom;
            }
        </style>
	</head>
	<body>
        <h1>UnitTestProject1 Test Execution Report</h1>
        <ul>
            <li>Project: UnitTestProject1</li>
            <li>Configuration: Default</li>
            <li>Test Assemblies: C:\Users\Kevin Berg\documents\visual studio 2015\Projects\UnitTestProject1\UnitTestProject1\bin\Debug\UnitTestProject1.dll</li>
            <li>Start Time: 1/26/2016 2:16:33 PM</li>
            <li>Duration: 00:02:28.4958969</li>
            <li>Test Threads: 40</li>
        </ul>

        <h2>Result: 6 failed</h2>
        <table class="testEvents">
                <tr>
        <th colspan="2">Success rate</th>
        <th>Tests</th>
        <th>Succeeded</th>
        <th>Failed</th>
        <th>Pending</th>
        <th>Ignored</th>
        <th>Skipped</th>
    </tr>

                <tr>
            <td>
            70%
    </td>
    <td>
        <table class="timelineview" cellpadding="0" cellspacing="0">
            <tr>
                    <td>
                        <a class="bar colorSucceeded" 
                                style="width: 139px;" 
                                title="14 succeeded" 
                                />
                    </td>
                    <td>
                        <a class="bar colorFailed" 
                                style="width: 59px;" 
                                title="6 failed" 
                            href="#error_summary"
                                />
                    </td>
            </tr>
        </table>
    </td>
    <td>20</td>
    <td>14</td>
    <td>6</td>
    <td>0</td>
    <td>0</td>
    <td>0</td>

    </tr>

        </table>
        
        <h2>Test Timeline Summary</h2>
        <div id="timelineview" class="viewbox">
            <div class="scrollable">
                <table cellpadding="0" cellspacing="0">
                    <tr>
                        <th class="thread-label" colspan="2">thread</th>
                    </tr>
                        <tr class="thread-items-row">
                            <td class="thread-label" title="Machine: DESKTOP-N7IQCOC">#0</td>
                            <td colspan="3">
                                <table class="timelineview" cellpadding="0" cellspacing="0">
                                    <tr>
                                            <td>
        <a
            class="bar startupBar" 
            style="width: 3px;" 
                title="test thread startup" 
        >&nbsp;</a>
    </td>

    <td>
        <a
            class="bar colorSucceeded" 
            style="width: 135px;" 
                title="Paua Shamrock Earrings End to End (in MK end to end test case)" 
                href="#t1281068815.0"
        >&nbsp;</a>
    </td>
                                    </tr>
                                </table>
                            </td>
                        </tr>
                        <tr class="thread-items-row">
                            <td class="thread-label" title="Machine: DESKTOP-N7IQCOC">#1</td>
                            <td colspan="3">
                                <table class="timelineview" cellpadding="0" cellspacing="0">
                                    <tr>
                                            <td>
        <a
            class="bar startupBar" 
            style="width: 3px;" 
                title="test thread startup" 
        >&nbsp;</a>
    </td>

    <td>
        <a
            class="bar colorSucceeded" 
            style="width: 40px;" 
                title="Confirm Alert is present on homepage (in MK Individual Tests)" 
                href="#t510041308.0"
        >&nbsp;</a>
    </td>
                                    </tr>
                                </table>
                            </td>
                        </tr>
                        <tr class="thread-items-row">
                            <td class="thread-label" title="Machine: DESKTOP-N7IQCOC">#2</td>
                            <td colspan="3">
                                <table class="timelineview" cellpadding="0" cellspacing="0">
                                    <tr>
                                            <td>
        <a
            class="bar startupBar" 
            style="width: 3px;" 
                title="test thread startup" 
        >&nbsp;</a>
    </td>

    <td>
        <a
            class="bar colorSucceeded" 
            style="width: 46px;" 
                title="Confirm Alert is Present and Dismiss (in MK Individual Tests)" 
                href="#t162003897.0"
        >&nbsp;</a>
    </td>
                                    </tr>
                                </table>
                            </td>
                        </tr>
                        <tr class="thread-items-row">
                            <td class="thread-label" title="Machine: DESKTOP-N7IQCOC">#3</td>
                            <td colspan="3">
                                <table class="timelineview" cellpadding="0" cellspacing="0">
                                    <tr>
                                            <td>
        <a
            class="bar startupBar" 
            style="width: 3px;" 
                title="test thread startup" 
        >&nbsp;</a>
    </td>

    <td>
        <a
            class="bar colorSucceeded" 
            style="width: 70px;" 
                title="Search for Paua Shamrock Earrings (in MK Individual Tests)" 
                href="#t-1297465784.0"
        >&nbsp;</a>
    </td>
                                    </tr>
                                </table>
                            </td>
                        </tr>
                        <tr class="thread-items-row">
                            <td class="thread-label" title="Machine: DESKTOP-N7IQCOC">#4</td>
                            <td colspan="3">
                                <table class="timelineview" cellpadding="0" cellspacing="0">
                                    <tr>
                                            <td>
        <a
            class="bar startupBar" 
            style="width: 3px;" 
                title="test thread startup" 
        >&nbsp;</a>
    </td>

    <td>
        <a
            class="bar colorSucceeded" 
            style="width: 70px;" 
                title="Add Paua Shamrock Earrings to Cart and Confirm Popup Info (in MK Individual Tests)" 
                href="#t118516224.0"
        >&nbsp;</a>
    </td>
                                    </tr>
                                </table>
                            </td>
                        </tr>
                        <tr class="thread-items-row">
                            <td class="thread-label" title="Machine: DESKTOP-N7IQCOC">#5</td>
                            <td colspan="3">
                                <table class="timelineview" cellpadding="0" cellspacing="0">
                                    <tr>
                                            <td>
        <a
            class="bar startupBar" 
            style="width: 3px;" 
                title="test thread startup" 
        >&nbsp;</a>
    </td>

    <td>
        <a
            class="bar colorFailed" 
            style="width: 65px;" 
                title="Add Paua Shamrock Earrings to Cart click Popup and Confirm Shopping Cart Page Load (in MK Individual Tests)" 
                href="#t-78859643.0"
        >&nbsp;</a>
    </td>
                                    </tr>
                                </table>
                            </td>
                        </tr>
                        <tr class="thread-items-row">
                            <td class="thread-label" title="Machine: DESKTOP-N7IQCOC">#6</td>
                            <td colspan="3">
                                <table class="timelineview" cellpadding="0" cellspacing="0">
                                    <tr>
                                            <td>
        <a
            class="bar startupBar" 
            style="width: 3px;" 
                title="test thread startup" 
        >&nbsp;</a>
    </td>

    <td>
        <a
            class="bar colorFailed" 
            style="width: 76px;" 
                title="Verify information on the Shopping Cart Page (in MK Individual Tests)" 
                href="#t1634110217.0"
        >&nbsp;</a>
    </td>
                                    </tr>
                                </table>
                            </td>
                        </tr>
                        <tr class="thread-items-row">
                            <td class="thread-label" title="Machine: DESKTOP-N7IQCOC">#7</td>
                            <td colspan="3">
                                <table class="timelineview" cellpadding="0" cellspacing="0">
                                    <tr>
                                            <td>
        <a
            class="bar startupBar" 
            style="width: 3px;" 
                title="test thread startup" 
        >&nbsp;</a>
    </td>

    <td>
        <a
            class="bar colorSucceeded" 
            style="width: 65px;" 
                title="Navigate to the Login Page and Verify Checkout as Guest button (in MK Individual Tests)" 
                href="#t-1192265979.0"
        >&nbsp;</a>
    </td>
                                    </tr>
                                </table>
                            </td>
                        </tr>
                        <tr class="thread-items-row">
                            <td class="thread-label" title="Machine: DESKTOP-N7IQCOC">#8</td>
                            <td colspan="3">
                                <table class="timelineview" cellpadding="0" cellspacing="0">
                                    <tr>
                                            <td>
        <a
            class="bar startupBar" 
            style="width: 3px;" 
                title="test thread startup" 
        >&nbsp;</a>
    </td>

    <td>
        <a
            class="bar colorSucceeded" 
            style="width: 86px;" 
                title="Navigate to CheckoutPage1 (in MK Individual Tests)" 
                href="#t-2104053305.0"
        >&nbsp;</a>
    </td>
                                    </tr>
                                </table>
                            </td>
                        </tr>
                        <tr class="thread-items-row">
                            <td class="thread-label" title="Machine: DESKTOP-N7IQCOC">#9</td>
                            <td colspan="3">
                                <table class="timelineview" cellpadding="0" cellspacing="0">
                                    <tr>
                                            <td>
        <a
            class="bar startupBar" 
            style="width: 3px;" 
                title="test thread startup" 
        >&nbsp;</a>
    </td>

    <td>
        <a
            class="bar colorFailed" 
            style="width: 72px;" 
                title="Verify Summary Information on Checkout Page 1 (in MK Individual Tests)" 
                href="#t805522781.0"
        >&nbsp;</a>
    </td>
                                    </tr>
                                </table>
                            </td>
                        </tr>
                        <tr class="thread-items-row">
                            <td class="thread-label" title="Machine: DESKTOP-N7IQCOC">#10</td>
                            <td colspan="3">
                                <table class="timelineview" cellpadding="0" cellspacing="0">
                                    <tr>
                                            <td>
        <a
            class="bar startupBar" 
            style="width: 3px;" 
                title="test thread startup" 
        >&nbsp;</a>
    </td>

    <td>
        <a
            class="bar colorFailed" 
            style="width: 78px;" 
                title="Complete Checkout Page 1 and Submit (in MK Individual Tests)" 
                href="#t512868338.0"
        >&nbsp;</a>
    </td>
                                    </tr>
                                </table>
                            </td>
                        </tr>
                        <tr class="thread-items-row">
                            <td class="thread-label" title="Machine: DESKTOP-N7IQCOC">#11</td>
                            <td colspan="3">
                                <table class="timelineview" cellpadding="0" cellspacing="0">
                                    <tr>
                                            <td>
        <a
            class="bar startupBar" 
            style="width: 3px;" 
                title="test thread startup" 
        >&nbsp;</a>
    </td>

    <td>
        <a
            class="bar colorFailed" 
            style="width: 78px;" 
                title="Confrim Order Summary information on Checkout Page2 (in MK Individual Tests)" 
                href="#t-381477281.0"
        >&nbsp;</a>
    </td>
                                    </tr>
                                </table>
                            </td>
                        </tr>
                        <tr class="thread-items-row">
                            <td class="thread-label" title="Machine: DESKTOP-N7IQCOC">#12</td>
                            <td colspan="3">
                                <table class="timelineview" cellpadding="0" cellspacing="0">
                                    <tr>
                                            <td>
        <a
            class="bar startupBar" 
            style="width: 3px;" 
                title="test thread startup" 
        >&nbsp;</a>
    </td>

    <td>
        <a
            class="bar colorSucceeded" 
            style="width: 117px;" 
                title="Complete Payment Information and Submit Order (in MK Individual Tests)" 
                href="#t-2076185334.0"
        >&nbsp;</a>
    </td>
                                    </tr>
                                </table>
                            </td>
                        </tr>
                        <tr class="thread-items-row">
                            <td class="thread-label" title="Machine: DESKTOP-N7IQCOC">#13</td>
                            <td colspan="3">
                                <table class="timelineview" cellpadding="0" cellspacing="0">
                                    <tr>
                                            <td>
        <a
            class="bar startupBar" 
            style="width: 3px;" 
                title="test thread startup" 
        >&nbsp;</a>
    </td>

    <td>
        <a
            class="bar colorSucceeded" 
            style="width: 114px;" 
                title="Dismiss all the Popup Windows to get to the Order Confirmation Page (in MK Individual Tests)" 
                href="#t1167197841.0"
        >&nbsp;</a>
    </td>
                                    </tr>
                                </table>
                            </td>
                        </tr>
                        <tr class="thread-items-row">
                            <td class="thread-label" title="Machine: DESKTOP-N7IQCOC">#14</td>
                            <td colspan="3">
                                <table class="timelineview" cellpadding="0" cellspacing="0">
                                    <tr>
                                            <td>
        <a
            class="bar startupBar" 
            style="width: 4px;" 
                title="test thread startup" 
        >&nbsp;</a>
    </td>

    <td>
        <a
            class="bar colorSucceeded" 
            style="width: 113px;" 
                title="Confirm Information on the Receipt Page (in MK Individual Tests)" 
                href="#t1463491379.0"
        >&nbsp;</a>
    </td>
                                    </tr>
                                </table>
                            </td>
                        </tr>
                        <tr class="thread-items-row">
                            <td class="thread-label" title="Machine: DESKTOP-N7IQCOC">#15</td>
                            <td colspan="3">
                                <table class="timelineview" cellpadding="0" cellspacing="0">
                                    <tr>
                                            <td>
        <a
            class="bar startupBar" 
            style="width: 4px;" 
                title="test thread startup" 
        >&nbsp;</a>
    </td>

    <td>
        <a
            class="bar colorSucceeded" 
            style="width: 66px;" 
                title="Navigate to the My Account Page (in My Account Login Error Testing)" 
                href="#t-1550055858.0"
        >&nbsp;</a>
    </td>
                                    </tr>
                                </table>
                            </td>
                        </tr>
                        <tr class="thread-items-row">
                            <td class="thread-label" title="Machine: DESKTOP-N7IQCOC">#16</td>
                            <td colspan="3">
                                <table class="timelineview" cellpadding="0" cellspacing="0">
                                    <tr>
                                            <td>
        <a
            class="bar startupBar" 
            style="width: 4px;" 
                title="test thread startup" 
        >&nbsp;</a>
    </td>

    <td>
        <a
            class="bar colorSucceeded" 
            style="width: 47px;" 
                title="Entering an Invalid Email should Display an Error (in My Account Login Error Testing)" 
                href="#t1657462233.0"
        >&nbsp;</a>
    </td>
                                    </tr>
                                </table>
                            </td>
                        </tr>
                        <tr class="thread-items-row">
                            <td class="thread-label" title="Machine: DESKTOP-N7IQCOC">#17</td>
                            <td colspan="3">
                                <table class="timelineview" cellpadding="0" cellspacing="0">
                                    <tr>
                                            <td>
        <a
            class="bar startupBar" 
            style="width: 5px;" 
                title="test thread startup" 
        >&nbsp;</a>
    </td>

    <td>
        <a
            class="bar colorSucceeded" 
            style="width: 62px;" 
                title="Entering an Invalid Password should Display an Error (in My Account Login Error Testing)" 
                href="#t-397844084.0"
        >&nbsp;</a>
    </td>
                                    </tr>
                                </table>
                            </td>
                        </tr>
                        <tr class="thread-items-row">
                            <td class="thread-label" title="Machine: DESKTOP-N7IQCOC">#18</td>
                            <td colspan="3">
                                <table class="timelineview" cellpadding="0" cellspacing="0">
                                    <tr>
                                            <td>
        <a
            class="bar startupBar" 
            style="width: 5px;" 
                title="test thread startup" 
        >&nbsp;</a>
    </td>

    <td>
        <a
            class="bar colorSucceeded" 
            style="width: 60px;" 
                title="After Entering a Valid Email and Password I should see the Account Page (in My Account Login Error Testing)" 
                href="#t1312048565.0"
        >&nbsp;</a>
    </td>
                                    </tr>
                                </table>
                            </td>
                        </tr>
                        <tr class="thread-items-row">
                            <td class="thread-label" title="Machine: DESKTOP-N7IQCOC">#19</td>
                            <td colspan="3">
                                <table class="timelineview" cellpadding="0" cellspacing="0">
                                    <tr>
                                            <td>
        <a
            class="bar startupBar" 
            style="width: 5px;" 
                title="test thread startup" 
        >&nbsp;</a>
    </td>

    <td>
        <a
            class="bar colorFailed" 
            style="width: 127px;" 
                title="End to End Musical Pencils Test Flow (in Purchasing Musical Notes Pencils)" 
                href="#t-521127767.0"
        >&nbsp;</a>
    </td>
                                    </tr>
                                </table>
                            </td>
                        </tr>
                        <tr class="thread-items-row">
                            <td class="thread-label" title="Machine: DESKTOP-N7IQCOC">#20</td>
                            <td colspan="3">
                                <table class="timelineview" cellpadding="0" cellspacing="0">
                                    <tr>
                                            <td>
        <a
            class="bar startupBar" 
            style="width: 6px;" 
                title="test thread startup" 
        >&nbsp;</a>
    </td>

                                    </tr>
                                </table>
                            </td>
                        </tr>
                        <tr class="thread-items-row">
                            <td class="thread-label" title="Machine: DESKTOP-N7IQCOC">#21</td>
                            <td colspan="3">
                                <table class="timelineview" cellpadding="0" cellspacing="0">
                                    <tr>
                                            <td>
        <a
            class="bar startupBar" 
            style="width: 6px;" 
                title="test thread startup" 
        >&nbsp;</a>
    </td>

                                    </tr>
                                </table>
                            </td>
                        </tr>
                        <tr class="thread-items-row">
                            <td class="thread-label" title="Machine: DESKTOP-N7IQCOC">#22</td>
                            <td colspan="3">
                                <table class="timelineview" cellpadding="0" cellspacing="0">
                                    <tr>
                                            <td>
        <a
            class="bar startupBar" 
            style="width: 6px;" 
                title="test thread startup" 
        >&nbsp;</a>
    </td>

                                    </tr>
                                </table>
                            </td>
                        </tr>
                        <tr class="thread-items-row">
                            <td class="thread-label" title="Machine: DESKTOP-N7IQCOC">#23</td>
                            <td colspan="3">
                                <table class="timelineview" cellpadding="0" cellspacing="0">
                                    <tr>
                                            <td>
        <a
            class="bar startupBar" 
            style="width: 7px;" 
                title="test thread startup" 
        >&nbsp;</a>
    </td>

                                    </tr>
                                </table>
                            </td>
                        </tr>
                        <tr class="thread-items-row">
                            <td class="thread-label" title="Machine: DESKTOP-N7IQCOC">#24</td>
                            <td colspan="3">
                                <table class="timelineview" cellpadding="0" cellspacing="0">
                                    <tr>
                                            <td>
        <a
            class="bar startupBar" 
            style="width: 7px;" 
                title="test thread startup" 
        >&nbsp;</a>
    </td>

                                    </tr>
                                </table>
                            </td>
                        </tr>
                        <tr class="thread-items-row">
                            <td class="thread-label" title="Machine: DESKTOP-N7IQCOC">#25</td>
                            <td colspan="3">
                                <table class="timelineview" cellpadding="0" cellspacing="0">
                                    <tr>
                                            <td>
        <a
            class="bar startupBar" 
            style="width: 7px;" 
                title="test thread startup" 
        >&nbsp;</a>
    </td>

                                    </tr>
                                </table>
                            </td>
                        </tr>
                        <tr class="thread-items-row">
                            <td class="thread-label" title="Machine: DESKTOP-N7IQCOC">#26</td>
                            <td colspan="3">
                                <table class="timelineview" cellpadding="0" cellspacing="0">
                                    <tr>
                                            <td>
        <a
            class="bar startupBar" 
            style="width: 8px;" 
                title="test thread startup" 
        >&nbsp;</a>
    </td>

                                    </tr>
                                </table>
                            </td>
                        </tr>
                        <tr class="thread-items-row">
                            <td class="thread-label" title="Machine: DESKTOP-N7IQCOC">#27</td>
                            <td colspan="3">
                                <table class="timelineview" cellpadding="0" cellspacing="0">
                                    <tr>
                                            <td>
        <a
            class="bar startupBar" 
            style="width: 9px;" 
                title="test thread startup" 
        >&nbsp;</a>
    </td>

                                    </tr>
                                </table>
                            </td>
                        </tr>
                        <tr class="thread-items-row">
                            <td class="thread-label" title="Machine: DESKTOP-N7IQCOC">#28</td>
                            <td colspan="3">
                                <table class="timelineview" cellpadding="0" cellspacing="0">
                                    <tr>
                                            <td>
        <a
            class="bar startupBar" 
            style="width: 9px;" 
                title="test thread startup" 
        >&nbsp;</a>
    </td>

                                    </tr>
                                </table>
                            </td>
                        </tr>
                        <tr class="thread-items-row">
                            <td class="thread-label" title="Machine: DESKTOP-N7IQCOC">#29</td>
                            <td colspan="3">
                                <table class="timelineview" cellpadding="0" cellspacing="0">
                                    <tr>
                                            <td>
        <a
            class="bar startupBar" 
            style="width: 9px;" 
                title="test thread startup" 
        >&nbsp;</a>
    </td>

                                    </tr>
                                </table>
                            </td>
                        </tr>
                        <tr class="thread-items-row">
                            <td class="thread-label" title="Machine: DESKTOP-N7IQCOC">#30</td>
                            <td colspan="3">
                                <table class="timelineview" cellpadding="0" cellspacing="0">
                                    <tr>
                                            <td>
        <a
            class="bar startupBar" 
            style="width: 10px;" 
                title="test thread startup" 
        >&nbsp;</a>
    </td>

                                    </tr>
                                </table>
                            </td>
                        </tr>
                        <tr class="thread-items-row">
                            <td class="thread-label" title="Machine: DESKTOP-N7IQCOC">#31</td>
                            <td colspan="3">
                                <table class="timelineview" cellpadding="0" cellspacing="0">
                                    <tr>
                                            <td>
        <a
            class="bar startupBar" 
            style="width: 10px;" 
                title="test thread startup" 
        >&nbsp;</a>
    </td>

                                    </tr>
                                </table>
                            </td>
                        </tr>
                        <tr class="thread-items-row">
                            <td class="thread-label" title="Machine: DESKTOP-N7IQCOC">#32</td>
                            <td colspan="3">
                                <table class="timelineview" cellpadding="0" cellspacing="0">
                                    <tr>
                                            <td>
        <a
            class="bar startupBar" 
            style="width: 10px;" 
                title="test thread startup" 
        >&nbsp;</a>
    </td>

                                    </tr>
                                </table>
                            </td>
                        </tr>
                        <tr class="thread-items-row">
                            <td class="thread-label" title="Machine: DESKTOP-N7IQCOC">#33</td>
                            <td colspan="3">
                                <table class="timelineview" cellpadding="0" cellspacing="0">
                                    <tr>
                                            <td>
        <a
            class="bar startupBar" 
            style="width: 11px;" 
                title="test thread startup" 
        >&nbsp;</a>
    </td>

                                    </tr>
                                </table>
                            </td>
                        </tr>
                        <tr class="thread-items-row">
                            <td class="thread-label" title="Machine: DESKTOP-N7IQCOC">#34</td>
                            <td colspan="3">
                                <table class="timelineview" cellpadding="0" cellspacing="0">
                                    <tr>
                                            <td>
        <a
            class="bar startupBar" 
            style="width: 11px;" 
                title="test thread startup" 
        >&nbsp;</a>
    </td>

                                    </tr>
                                </table>
                            </td>
                        </tr>
                        <tr class="thread-items-row">
                            <td class="thread-label" title="Machine: DESKTOP-N7IQCOC">#35</td>
                            <td colspan="3">
                                <table class="timelineview" cellpadding="0" cellspacing="0">
                                    <tr>
                                            <td>
        <a
            class="bar startupBar" 
            style="width: 12px;" 
                title="test thread startup" 
        >&nbsp;</a>
    </td>

                                    </tr>
                                </table>
                            </td>
                        </tr>
                        <tr class="thread-items-row">
                            <td class="thread-label" title="Machine: DESKTOP-N7IQCOC">#36</td>
                            <td colspan="3">
                                <table class="timelineview" cellpadding="0" cellspacing="0">
                                    <tr>
                                            <td>
        <a
            class="bar startupBar" 
            style="width: 12px;" 
                title="test thread startup" 
        >&nbsp;</a>
    </td>

                                    </tr>
                                </table>
                            </td>
                        </tr>
                        <tr class="thread-items-row">
                            <td class="thread-label" title="Machine: DESKTOP-N7IQCOC">#37</td>
                            <td colspan="3">
                                <table class="timelineview" cellpadding="0" cellspacing="0">
                                    <tr>
                                            <td>
        <a
            class="bar startupBar" 
            style="width: 12px;" 
                title="test thread startup" 
        >&nbsp;</a>
    </td>

                                    </tr>
                                </table>
                            </td>
                        </tr>
                        <tr class="thread-items-row">
                            <td class="thread-label" title="Machine: DESKTOP-N7IQCOC">#38</td>
                            <td colspan="3">
                                <table class="timelineview" cellpadding="0" cellspacing="0">
                                    <tr>
                                            <td>
        <a
            class="bar startupBar" 
            style="width: 12px;" 
                title="test thread startup" 
        >&nbsp;</a>
    </td>

                                    </tr>
                                </table>
                            </td>
                        </tr>
                        <tr class="thread-items-row">
                            <td class="thread-label" title="Machine: DESKTOP-N7IQCOC">#39</td>
                            <td colspan="3">
                                <table class="timelineview" cellpadding="0" cellspacing="0">
                                    <tr>
                                            <td>
        <a
            class="bar startupBar" 
            style="width: 13px;" 
                title="test thread startup" 
        >&nbsp;</a>
    </td>

                                    </tr>
                                </table>
                            </td>
                        </tr>
                    <tr class="horizontal-scale">
                        <td>&nbsp;</td>
                            <td class="scale-10-label" style="width: 70px;min-width: 70px;">0s</td>
                            <td class="scale-10-label" style="width: 70px;min-width: 70px;">74s</td>
                        <td class="scale-10-label">148s</td>
                    </tr>
                </table>
            </div>
        </div>

        <h2>Test Result View</h2>
        <div id="testview" class="viewbox">
            <div id="bar-control">
                <div id="bar-control-sort">
                    <label>sort by:</label>
                    <span class="option"><input type="radio" name="barSortOrder" value="exectime" />Time</span>
                    <span class="option"><input type="radio" name="barSortOrder" value="acttime" />Act Time</span>
                    <span class="option"><input type="radio" name="barSortOrder" value="order" />Execution</span>
                    <span class="option"><input type="radio" name="barSortOrder" value="rescode" checked="checked" />Result</span>
                    <span class="option"><input type="checkbox" name="barSortDesc" id="barSortDesc" checked="checked" />desc</span>
                </div>
                <div id="bar-control-heights">
                    <label>heights:</label>
                    <span class="option"><input type="radio" checked="checked" name="barHeight" value="exectime" />Time</span>
                    <span class="option"><input type="radio" name="barHeight" value="acttime" />Act Time</span>
                    
                </div>
            </div>
            <table class="vertical-scale" cellpadding="0" cellspacing="0">
                <tr class="scale-max">
                    <td class="left-padding scale-max-label">&nbsp;</td>
                    <td colspan="20">&nbsp;</td>
                    <td class="right-padding">&nbsp;</td>
                </tr>
                <tr class="scale-mid">
                    <td class="left-padding scale-mid-label">&nbsp;</td>
                    <td colspan="20">&nbsp;</td>
                    <td class="right-padding">&nbsp;</td>
                </tr>
                <tr class="scale-min">
                    <td class="left-padding scale-min-label">&nbsp;</td>
                    <td colspan="20">&nbsp;</td>
                    <td class="right-padding">&nbsp;</td>
                </tr>
            </table>
            <div class="scrollable">
                <table class="testview-items" cellpadding="0" cellspacing="0">
                    <tr class="testview-items-row">
                        <td class="left-padding">&nbsp;</td>
    <td class="testview-item" 
        data-sr-exectime="148.223474" data-sr-rescode="110" data-sr-order="0" data-sr-acttime="7.999">
        <a
            class="bar colorSucceeded" 
            style="height: 60px;"
            title="Paua Shamrock Earrings End to End (in MK end to end test case)"
            href="#t1281068815.0">&nbsp;</a>
    </td>
    <td class="testview-item" 
        data-sr-exectime="47.0655264" data-sr-rescode="110" data-sr-order="2" data-sr-acttime="0.0">
        <a
            class="bar colorSucceeded" 
            style="height: 19px;"
            title="Confirm Alert is present on homepage (in MK Individual Tests)"
            href="#t510041308.0">&nbsp;</a>
    </td>
    <td class="testview-item" 
        data-sr-exectime="53.7726953" data-sr-rescode="110" data-sr-order="3" data-sr-acttime="0.0">
        <a
            class="bar colorSucceeded" 
            style="height: 22px;"
            title="Confirm Alert is Present and Dismiss (in MK Individual Tests)"
            href="#t162003897.0">&nbsp;</a>
    </td>
    <td class="testview-item" 
        data-sr-exectime="79.5352339" data-sr-rescode="110" data-sr-order="1" data-sr-acttime="3.688">
        <a
            class="bar colorSucceeded" 
            style="height: 32px;"
            title="Search for Paua Shamrock Earrings (in MK Individual Tests)"
            href="#t-1297465784.0">&nbsp;</a>
    </td>
    <td class="testview-item" 
        data-sr-exectime="78.6721633" data-sr-rescode="110" data-sr-order="4" data-sr-acttime="4.015">
        <a
            class="bar colorSucceeded" 
            style="height: 32px;"
            title="Add Paua Shamrock Earrings to Cart and Confirm Popup Info (in MK Individual Tests)"
            href="#t118516224.0">&nbsp;</a>
    </td>
    <td class="testview-item" 
        data-sr-exectime="72.6754382" data-sr-rescode="110" data-sr-order="7" data-sr-acttime="6.407">
        <a
            class="bar colorSucceeded" 
            style="height: 29px;"
            title="Navigate to the Login Page and Verify Checkout as Guest button (in MK Individual Tests)"
            href="#t-1192265979.0">&nbsp;</a>
    </td>
    <td class="testview-item" 
        data-sr-exectime="94.4123494" data-sr-rescode="110" data-sr-order="8" data-sr-acttime="14.797">
        <a
            class="bar colorSucceeded" 
            style="height: 38px;"
            title="Navigate to CheckoutPage1 (in MK Individual Tests)"
            href="#t-2104053305.0">&nbsp;</a>
    </td>
    <td class="testview-item" 
        data-sr-exectime="125.9801452" data-sr-rescode="110" data-sr-order="12" data-sr-acttime="19.374">
        <a
            class="bar colorSucceeded" 
            style="height: 51px;"
            title="Complete Payment Information and Submit Order (in MK Individual Tests)"
            href="#t-2076185334.0">&nbsp;</a>
    </td>
    <td class="testview-item" 
        data-sr-exectime="121.697722" data-sr-rescode="110" data-sr-order="13" data-sr-acttime="7.173">
        <a
            class="bar colorSucceeded" 
            style="height: 49px;"
            title="Dismiss all the Popup Windows to get to the Order Confirmation Page (in MK Individual Tests)"
            href="#t1167197841.0">&nbsp;</a>
    </td>
    <td class="testview-item" 
        data-sr-exectime="120.4254461" data-sr-rescode="110" data-sr-order="14" data-sr-acttime="7.406">
        <a
            class="bar colorSucceeded" 
            style="height: 49px;"
            title="Confirm Information on the Receipt Page (in MK Individual Tests)"
            href="#t1463491379.0">&nbsp;</a>
    </td>
    <td class="testview-item" 
        data-sr-exectime="70.8821272" data-sr-rescode="110" data-sr-order="15" data-sr-acttime="13.046">
        <a
            class="bar colorSucceeded" 
            style="height: 29px;"
            title="Navigate to the My Account Page (in My Account Login Error Testing)"
            href="#t-1550055858.0">&nbsp;</a>
    </td>
    <td class="testview-item" 
        data-sr-exectime="50.1812114" data-sr-rescode="110" data-sr-order="16" data-sr-acttime="3.984">
        <a
            class="bar colorSucceeded" 
            style="height: 20px;"
            title="Entering an Invalid Email should Display an Error (in My Account Login Error Testing)"
            href="#t1657462233.0">&nbsp;</a>
    </td>
    <td class="testview-item" 
        data-sr-exectime="66.1014198" data-sr-rescode="110" data-sr-order="19" data-sr-acttime="3.155">
        <a
            class="bar colorSucceeded" 
            style="height: 27px;"
            title="Entering an Invalid Password should Display an Error (in My Account Login Error Testing)"
            href="#t-397844084.0">&nbsp;</a>
    </td>
    <td class="testview-item" 
        data-sr-exectime="64.1442112" data-sr-rescode="110" data-sr-order="18" data-sr-acttime="3.562">
        <a
            class="bar colorSucceeded" 
            style="height: 26px;"
            title="After Entering a Valid Email and Password I should see the Account Page (in My Account Login Error Testing)"
            href="#t1312048565.0">&nbsp;</a>
    </td>
    <td class="testview-item" 
        data-sr-exectime="73.8979939" data-sr-rescode="440" data-sr-order="5" data-sr-acttime="18.749">
        <a
            class="bar colorFailed" 
            style="height: 30px;"
            title="Add Paua Shamrock Earrings to Cart click Popup and Confirm Shopping Cart Page Load (in MK Individual Tests)"
            href="#t-78859643.0">&nbsp;</a>
    </td>
    <td class="testview-item" 
        data-sr-exectime="85.2980598" data-sr-rescode="440" data-sr-order="6" data-sr-acttime="0.0">
        <a
            class="bar colorFailed" 
            style="height: 35px;"
            title="Verify information on the Shopping Cart Page (in MK Individual Tests)"
            href="#t1634110217.0">&nbsp;</a>
    </td>
    <td class="testview-item" 
        data-sr-exectime="78.4523703" data-sr-rescode="440" data-sr-order="9" data-sr-acttime="0.0">
        <a
            class="bar colorFailed" 
            style="height: 32px;"
            title="Verify Summary Information on Checkout Page 1 (in MK Individual Tests)"
            href="#t805522781.0">&nbsp;</a>
    </td>
    <td class="testview-item" 
        data-sr-exectime="84.7347233" data-sr-rescode="440" data-sr-order="10" data-sr-acttime="0.015">
        <a
            class="bar colorFailed" 
            style="height: 34px;"
            title="Complete Checkout Page 1 and Submit (in MK Individual Tests)"
            href="#t512868338.0">&nbsp;</a>
    </td>
    <td class="testview-item" 
        data-sr-exectime="84.7873295" data-sr-rescode="440" data-sr-order="11" data-sr-acttime="0.0">
        <a
            class="bar colorFailed" 
            style="height: 34px;"
            title="Confrim Order Summary information on Checkout Page2 (in MK Individual Tests)"
            href="#t-381477281.0">&nbsp;</a>
    </td>
    <td class="testview-item" 
        data-sr-exectime="135.2227634" data-sr-rescode="440" data-sr-order="17" data-sr-acttime="0.0">
        <a
            class="bar colorFailed" 
            style="height: 55px;"
            title="End to End Musical Pencils Test Flow (in Purchasing Musical Notes Pencils)"
            href="#t-521127767.0">&nbsp;</a>
    </td>
                        <td class="right-padding">&nbsp;</td>
                    </tr>
                    <tr class="horizontal-scale">
                        <td class="left-padding">&nbsp;</td>
                        <td colspan="10">&nbsp;</td>
                            <td class="scale-10-label" colspan="10">10</td>
                    </tr>
                </table>
            </div>
        </div>

        <h2>Feature Summary</h2>
        <table class="testEvents">
                <tr>
            <th>Feature</th>
        <th colspan="2">Success rate</th>
        <th>Tests</th>
        <th>Succeeded</th>
        <th>Failed</th>
        <th>Pending</th>
        <th>Ignored</th>
        <th>Skipped</th>
    </tr>

    <tr>
            <td><a href="#f-1094047952">MK end to end test case</a></td>
            <td>
            100%
    </td>
    <td>
        <table class="timelineview" cellpadding="0" cellspacing="0">
            <tr>
                    <td>
                        <a class="bar colorSucceeded" 
                                style="width: 199px;" 
                                title="1 succeeded" 
                                />
                    </td>
            </tr>
        </table>
    </td>
    <td>1</td>
    <td>1</td>
    <td>0</td>
    <td>0</td>
    <td>0</td>
    <td>0</td>

    </tr>
    <tr>
            <td><a href="#f-1729506386">MK Individual Tests</a></td>
            <td>
            64%
    </td>
    <td>
        <table class="timelineview" cellpadding="0" cellspacing="0">
            <tr>
                    <td>
                        <a class="bar colorSucceeded" 
                                style="width: 128px;" 
                                title="9 succeeded" 
                                />
                    </td>
                    <td>
                        <a class="bar colorFailed" 
                                style="width: 70px;" 
                                title="5 failed" 
                            href="#error_summary"
                                />
                    </td>
            </tr>
        </table>
    </td>
    <td>14</td>
    <td>9</td>
    <td>5</td>
    <td>0</td>
    <td>0</td>
    <td>0</td>

    </tr>
    <tr>
            <td><a href="#f-1524901153">My Account Login Error Testing</a></td>
            <td>
            100%
    </td>
    <td>
        <table class="timelineview" cellpadding="0" cellspacing="0">
            <tr>
                    <td>
                        <a class="bar colorSucceeded" 
                                style="width: 199px;" 
                                title="4 succeeded" 
                                />
                    </td>
            </tr>
        </table>
    </td>
    <td>4</td>
    <td>4</td>
    <td>0</td>
    <td>0</td>
    <td>0</td>
    <td>0</td>

    </tr>
    <tr>
            <td><a href="#f-429347652">Purchasing Musical Notes Pencils</a></td>
            <td>
            0%
    </td>
    <td>
        <table class="timelineview" cellpadding="0" cellspacing="0">
            <tr>
                    <td>
                        <a class="bar colorFailed" 
                                style="width: 199px;" 
                                title="1 failed" 
                            href="#error_summary"
                                />
                    </td>
            </tr>
        </table>
    </td>
    <td>1</td>
    <td>0</td>
    <td>1</td>
    <td>0</td>
    <td>0</td>
    <td>0</td>

    </tr>
        </table>

        <a name="error_summary" />
        <h2>Error Summary</h2>
        <table class="testEvents">
                <tr>
            <th>Test</th>
        <th colspan="2">Success rate</th>
        <th>Tests</th>
        <th>Succeeded</th>
        <th>Failed</th>
        <th>Pending</th>
        <th>Ignored</th>
        <th>Skipped</th>
    </tr>

                <tr>
                    <td>
                        <a href="#t-78859643.0">Add Paua Shamrock Earrings to Cart click Popup and Confirm Shopping Cart Page Load (in UnitTestProject1, MK Individual Tests)</a>
                    </td>
                        <td>
            0%
    </td>
    <td>
        <table class="timelineview" cellpadding="0" cellspacing="0">
            <tr>
                    <td>
                        <a class="bar colorFailed" 
                                style="width: 199px;" 
                                title="1 failed" 
                            href="#error_summary"
                                />
                    </td>
            </tr>
        </table>
    </td>
    <td>1</td>
    <td>0</td>
    <td>1</td>
    <td>0</td>
    <td>0</td>
    <td>0</td>

                </tr>
                <tr>
                    <td colspan="9" style="padding-left: 20px;"><div class="errorMessage">Error: Timed out after 15 seconds</div></td>
                </tr>
                <tr>
                    <td>
                        <a href="#t1634110217.0">Verify information on the Shopping Cart Page (in UnitTestProject1, MK Individual Tests)</a>
                    </td>
                        <td>
            0%
    </td>
    <td>
        <table class="timelineview" cellpadding="0" cellspacing="0">
            <tr>
                    <td>
                        <a class="bar colorFailed" 
                                style="width: 199px;" 
                                title="1 failed" 
                            href="#error_summary"
                                />
                    </td>
            </tr>
        </table>
    </td>
    <td>1</td>
    <td>0</td>
    <td>1</td>
    <td>0</td>
    <td>0</td>
    <td>0</td>

                </tr>
                <tr>
                    <td colspan="9" style="padding-left: 20px;"><div class="errorMessage">Error: Timed out after 15 seconds</div></td>
                </tr>
                <tr>
                    <td>
                        <a href="#t805522781.0">Verify Summary Information on Checkout Page 1 (in UnitTestProject1, MK Individual Tests)</a>
                    </td>
                        <td>
            0%
    </td>
    <td>
        <table class="timelineview" cellpadding="0" cellspacing="0">
            <tr>
                    <td>
                        <a class="bar colorFailed" 
                                style="width: 199px;" 
                                title="1 failed" 
                            href="#error_summary"
                                />
                    </td>
            </tr>
        </table>
    </td>
    <td>1</td>
    <td>0</td>
    <td>1</td>
    <td>0</td>
    <td>0</td>
    <td>0</td>

                </tr>
                <tr>
                    <td colspan="9" style="padding-left: 20px;"><div class="errorMessage">Error: Timed out after 15 seconds</div></td>
                </tr>
                <tr>
                    <td>
                        <a href="#t512868338.0">Complete Checkout Page 1 and Submit (in UnitTestProject1, MK Individual Tests)</a>
                    </td>
                        <td>
            0%
    </td>
    <td>
        <table class="timelineview" cellpadding="0" cellspacing="0">
            <tr>
                    <td>
                        <a class="bar colorFailed" 
                                style="width: 199px;" 
                                title="1 failed" 
                            href="#error_summary"
                                />
                    </td>
            </tr>
        </table>
    </td>
    <td>1</td>
    <td>0</td>
    <td>1</td>
    <td>0</td>
    <td>0</td>
    <td>0</td>

                </tr>
                <tr>
                    <td colspan="9" style="padding-left: 20px;"><div class="errorMessage">Error: Timed out after 15 seconds</div></td>
                </tr>
                <tr>
                    <td>
                        <a href="#t-381477281.0">Confrim Order Summary information on Checkout Page2 (in UnitTestProject1, MK Individual Tests)</a>
                    </td>
                        <td>
            0%
    </td>
    <td>
        <table class="timelineview" cellpadding="0" cellspacing="0">
            <tr>
                    <td>
                        <a class="bar colorFailed" 
                                style="width: 199px;" 
                                title="1 failed" 
                            href="#error_summary"
                                />
                    </td>
            </tr>
        </table>
    </td>
    <td>1</td>
    <td>0</td>
    <td>1</td>
    <td>0</td>
    <td>0</td>
    <td>0</td>

                </tr>
                <tr>
                    <td colspan="9" style="padding-left: 20px;"><div class="errorMessage">Error: Timed out after 15 seconds</div></td>
                </tr>
                <tr>
                    <td>
                        <a href="#t-521127767.0">End to End Musical Pencils Test Flow (in UnitTestProject1, Purchasing Musical Notes Pencils)</a>
                    </td>
                        <td>
            0%
    </td>
    <td>
        <table class="timelineview" cellpadding="0" cellspacing="0">
            <tr>
                    <td>
                        <a class="bar colorFailed" 
                                style="width: 199px;" 
                                title="1 failed" 
                            href="#error_summary"
                                />
                    </td>
            </tr>
        </table>
    </td>
    <td>1</td>
    <td>0</td>
    <td>1</td>
    <td>0</td>
    <td>0</td>
    <td>0</td>

                </tr>
                <tr>
                    <td colspan="9" style="padding-left: 20px;"><div class="errorMessage">Error: Could not find element by: By.Id: ctl00_ctl00_cphBody_cpInternalMaster_PersonalizationProducts_ctl00_PersonalizationSections_ctl00_ApprovePersonalizationLabel</div></td>
                </tr>
        </table>

        <h2>Scenario Summary</h2>
            <a name="f-1094047952" />
            <h3>Feature: MK end to end test case</h3>
                <div class="description">
                    Tests the entire flow from beginning to end
                </div>
            <table class="testEvents">
                    <tr>
            <th>Test</th>
        <th colspan="2">Success rate</th>
        <th>Tests</th>
        <th>Succeeded</th>
        <th>Failed</th>
        <th>Pending</th>
        <th>Ignored</th>
        <th>Skipped</th>
    </tr>

                    <tr>
                        <td>
                                    <a href="#t1281068815.0">Scenario: Paua Shamrock Earrings End to End</a>

                        </td>
                            <td>
            100%
    </td>
    <td>
        <table class="timelineview" cellpadding="0" cellspacing="0">
            <tr>
                    <td>
                        <a class="bar colorSucceeded" 
                                style="width: 199px;" 
                                title="1 succeeded" 
                                />
                    </td>
            </tr>
        </table>
    </td>
    <td>1</td>
    <td>1</td>
    <td>0</td>
    <td>0</td>
    <td>0</td>
    <td>0</td>

                    </tr>
            </table>
            <a name="f-1729506386" />
            <h3>Feature: MK Individual Tests</h3>
                <div class="description">
                    Scenarios designed to test single aspect of the Miles Kimball Website
                </div>
            <table class="testEvents">
                    <tr>
            <th>Test</th>
        <th colspan="2">Success rate</th>
        <th>Tests</th>
        <th>Succeeded</th>
        <th>Failed</th>
        <th>Pending</th>
        <th>Ignored</th>
        <th>Skipped</th>
    </tr>

                    <tr>
                        <td>
                                    <a href="#t510041308.0">Scenario: Confirm Alert is present on homepage</a>

                        </td>
                            <td>
            100%
    </td>
    <td>
        <table class="timelineview" cellpadding="0" cellspacing="0">
            <tr>
                    <td>
                        <a class="bar colorSucceeded" 
                                style="width: 199px;" 
                                title="1 succeeded" 
                                />
                    </td>
            </tr>
        </table>
    </td>
    <td>1</td>
    <td>1</td>
    <td>0</td>
    <td>0</td>
    <td>0</td>
    <td>0</td>

                    </tr>
                    <tr>
                        <td>
                                    <a href="#t162003897.0">Scenario: Confirm Alert is Present and Dismiss</a>

                        </td>
                            <td>
            100%
    </td>
    <td>
        <table class="timelineview" cellpadding="0" cellspacing="0">
            <tr>
                    <td>
                        <a class="bar colorSucceeded" 
                                style="width: 199px;" 
                                title="1 succeeded" 
                                />
                    </td>
            </tr>
        </table>
    </td>
    <td>1</td>
    <td>1</td>
    <td>0</td>
    <td>0</td>
    <td>0</td>
    <td>0</td>

                    </tr>
                    <tr>
                        <td>
                                    <a href="#t-1297465784.0">Scenario: Search for Paua Shamrock Earrings</a>

                        </td>
                            <td>
            100%
    </td>
    <td>
        <table class="timelineview" cellpadding="0" cellspacing="0">
            <tr>
                    <td>
                        <a class="bar colorSucceeded" 
                                style="width: 199px;" 
                                title="1 succeeded" 
                                />
                    </td>
            </tr>
        </table>
    </td>
    <td>1</td>
    <td>1</td>
    <td>0</td>
    <td>0</td>
    <td>0</td>
    <td>0</td>

                    </tr>
                    <tr>
                        <td>
                                    <a href="#t118516224.0">Scenario: Add Paua Shamrock Earrings to Cart and Confirm Popup Info</a>

                        </td>
                            <td>
            100%
    </td>
    <td>
        <table class="timelineview" cellpadding="0" cellspacing="0">
            <tr>
                    <td>
                        <a class="bar colorSucceeded" 
                                style="width: 199px;" 
                                title="1 succeeded" 
                                />
                    </td>
            </tr>
        </table>
    </td>
    <td>1</td>
    <td>1</td>
    <td>0</td>
    <td>0</td>
    <td>0</td>
    <td>0</td>

                    </tr>
                    <tr>
                        <td>
                                    <a href="#t-78859643.0">Scenario: Add Paua Shamrock Earrings to Cart click Popup and Confirm Shopping Cart Page Load</a>

                        </td>
                            <td>
            0%
    </td>
    <td>
        <table class="timelineview" cellpadding="0" cellspacing="0">
            <tr>
                    <td>
                        <a class="bar colorFailed" 
                                style="width: 199px;" 
                                title="1 failed" 
                            href="#error_summary"
                                />
                    </td>
            </tr>
        </table>
    </td>
    <td>1</td>
    <td>0</td>
    <td>1</td>
    <td>0</td>
    <td>0</td>
    <td>0</td>

                    </tr>
                    <tr>
                        <td>
                                    <a href="#t1634110217.0">Scenario: Verify information on the Shopping Cart Page</a>

                        </td>
                            <td>
            0%
    </td>
    <td>
        <table class="timelineview" cellpadding="0" cellspacing="0">
            <tr>
                    <td>
                        <a class="bar colorFailed" 
                                style="width: 199px;" 
                                title="1 failed" 
                            href="#error_summary"
                                />
                    </td>
            </tr>
        </table>
    </td>
    <td>1</td>
    <td>0</td>
    <td>1</td>
    <td>0</td>
    <td>0</td>
    <td>0</td>

                    </tr>
                    <tr>
                        <td>
                                    <a href="#t-1192265979.0">Scenario: Navigate to the Login Page and Verify Checkout as Guest button</a>

                        </td>
                            <td>
            100%
    </td>
    <td>
        <table class="timelineview" cellpadding="0" cellspacing="0">
            <tr>
                    <td>
                        <a class="bar colorSucceeded" 
                                style="width: 199px;" 
                                title="1 succeeded" 
                                />
                    </td>
            </tr>
        </table>
    </td>
    <td>1</td>
    <td>1</td>
    <td>0</td>
    <td>0</td>
    <td>0</td>
    <td>0</td>

                    </tr>
                    <tr>
                        <td>
                                    <a href="#t-2104053305.0">Scenario: Navigate to CheckoutPage1</a>

                        </td>
                            <td>
            100%
    </td>
    <td>
        <table class="timelineview" cellpadding="0" cellspacing="0">
            <tr>
                    <td>
                        <a class="bar colorSucceeded" 
                                style="width: 199px;" 
                                title="1 succeeded" 
                                />
                    </td>
            </tr>
        </table>
    </td>
    <td>1</td>
    <td>1</td>
    <td>0</td>
    <td>0</td>
    <td>0</td>
    <td>0</td>

                    </tr>
                    <tr>
                        <td>
                                    <a href="#t805522781.0">Scenario: Verify Summary Information on Checkout Page 1</a>

                        </td>
                            <td>
            0%
    </td>
    <td>
        <table class="timelineview" cellpadding="0" cellspacing="0">
            <tr>
                    <td>
                        <a class="bar colorFailed" 
                                style="width: 199px;" 
                                title="1 failed" 
                            href="#error_summary"
                                />
                    </td>
            </tr>
        </table>
    </td>
    <td>1</td>
    <td>0</td>
    <td>1</td>
    <td>0</td>
    <td>0</td>
    <td>0</td>

                    </tr>
                    <tr>
                        <td>
                                    <a href="#t512868338.0">Scenario: Complete Checkout Page 1 and Submit</a>

                        </td>
                            <td>
            0%
    </td>
    <td>
        <table class="timelineview" cellpadding="0" cellspacing="0">
            <tr>
                    <td>
                        <a class="bar colorFailed" 
                                style="width: 199px;" 
                                title="1 failed" 
                            href="#error_summary"
                                />
                    </td>
            </tr>
        </table>
    </td>
    <td>1</td>
    <td>0</td>
    <td>1</td>
    <td>0</td>
    <td>0</td>
    <td>0</td>

                    </tr>
                    <tr>
                        <td>
                                    <a href="#t-381477281.0">Scenario: Confrim Order Summary information on Checkout Page2</a>

                        </td>
                            <td>
            0%
    </td>
    <td>
        <table class="timelineview" cellpadding="0" cellspacing="0">
            <tr>
                    <td>
                        <a class="bar colorFailed" 
                                style="width: 199px;" 
                                title="1 failed" 
                            href="#error_summary"
                                />
                    </td>
            </tr>
        </table>
    </td>
    <td>1</td>
    <td>0</td>
    <td>1</td>
    <td>0</td>
    <td>0</td>
    <td>0</td>

                    </tr>
                    <tr>
                        <td>
                                    <a href="#t-2076185334.0">Scenario: Complete Payment Information and Submit Order</a>

                        </td>
                            <td>
            100%
    </td>
    <td>
        <table class="timelineview" cellpadding="0" cellspacing="0">
            <tr>
                    <td>
                        <a class="bar colorSucceeded" 
                                style="width: 199px;" 
                                title="1 succeeded" 
                                />
                    </td>
            </tr>
        </table>
    </td>
    <td>1</td>
    <td>1</td>
    <td>0</td>
    <td>0</td>
    <td>0</td>
    <td>0</td>

                    </tr>
                    <tr>
                        <td>
                                    <a href="#t1167197841.0">Scenario: Dismiss all the Popup Windows to get to the Order Confirmation Page</a>

                        </td>
                            <td>
            100%
    </td>
    <td>
        <table class="timelineview" cellpadding="0" cellspacing="0">
            <tr>
                    <td>
                        <a class="bar colorSucceeded" 
                                style="width: 199px;" 
                                title="1 succeeded" 
                                />
                    </td>
            </tr>
        </table>
    </td>
    <td>1</td>
    <td>1</td>
    <td>0</td>
    <td>0</td>
    <td>0</td>
    <td>0</td>

                    </tr>
                    <tr>
                        <td>
                                    <a href="#t1463491379.0">Scenario: Confirm Information on the Receipt Page</a>

                        </td>
                            <td>
            100%
    </td>
    <td>
        <table class="timelineview" cellpadding="0" cellspacing="0">
            <tr>
                    <td>
                        <a class="bar colorSucceeded" 
                                style="width: 199px;" 
                                title="1 succeeded" 
                                />
                    </td>
            </tr>
        </table>
    </td>
    <td>1</td>
    <td>1</td>
    <td>0</td>
    <td>0</td>
    <td>0</td>
    <td>0</td>

                    </tr>
            </table>
            <a name="f-1524901153" />
            <h3>Feature: My Account Login Error Testing</h3>
                <div class="description">
                    Verify the behavior of Account Login Flow
                </div>
            <table class="testEvents">
                    <tr>
            <th>Test</th>
        <th colspan="2">Success rate</th>
        <th>Tests</th>
        <th>Succeeded</th>
        <th>Failed</th>
        <th>Pending</th>
        <th>Ignored</th>
        <th>Skipped</th>
    </tr>

                    <tr>
                        <td>
                                    <a href="#t-1550055858.0">Scenario: Navigate to the My Account Page</a>

                        </td>
                            <td>
            100%
    </td>
    <td>
        <table class="timelineview" cellpadding="0" cellspacing="0">
            <tr>
                    <td>
                        <a class="bar colorSucceeded" 
                                style="width: 199px;" 
                                title="1 succeeded" 
                                />
                    </td>
            </tr>
        </table>
    </td>
    <td>1</td>
    <td>1</td>
    <td>0</td>
    <td>0</td>
    <td>0</td>
    <td>0</td>

                    </tr>
                    <tr>
                        <td>
                                    <a href="#t1657462233.0">Scenario: Entering an Invalid Email should Display an Error</a>

                        </td>
                            <td>
            100%
    </td>
    <td>
        <table class="timelineview" cellpadding="0" cellspacing="0">
            <tr>
                    <td>
                        <a class="bar colorSucceeded" 
                                style="width: 199px;" 
                                title="1 succeeded" 
                                />
                    </td>
            </tr>
        </table>
    </td>
    <td>1</td>
    <td>1</td>
    <td>0</td>
    <td>0</td>
    <td>0</td>
    <td>0</td>

                    </tr>
                    <tr>
                        <td>
                                    <a href="#t-397844084.0">Scenario: Entering an Invalid Password should Display an Error</a>

                        </td>
                            <td>
            100%
    </td>
    <td>
        <table class="timelineview" cellpadding="0" cellspacing="0">
            <tr>
                    <td>
                        <a class="bar colorSucceeded" 
                                style="width: 199px;" 
                                title="1 succeeded" 
                                />
                    </td>
            </tr>
        </table>
    </td>
    <td>1</td>
    <td>1</td>
    <td>0</td>
    <td>0</td>
    <td>0</td>
    <td>0</td>

                    </tr>
                    <tr>
                        <td>
                                    <a href="#t1312048565.0">Scenario: After Entering a Valid Email and Password I should see the Account Page</a>

                        </td>
                            <td>
            100%
    </td>
    <td>
        <table class="timelineview" cellpadding="0" cellspacing="0">
            <tr>
                    <td>
                        <a class="bar colorSucceeded" 
                                style="width: 199px;" 
                                title="1 succeeded" 
                                />
                    </td>
            </tr>
        </table>
    </td>
    <td>1</td>
    <td>1</td>
    <td>0</td>
    <td>0</td>
    <td>0</td>
    <td>0</td>

                    </tr>
            </table>
            <a name="f-429347652" />
            <h3>Feature: Purchasing Musical Notes Pencils</h3>
                <div class="description">
                    Tests the entire flow from beginning to end
                </div>
            <table class="testEvents">
                    <tr>
            <th>Test</th>
        <th colspan="2">Success rate</th>
        <th>Tests</th>
        <th>Succeeded</th>
        <th>Failed</th>
        <th>Pending</th>
        <th>Ignored</th>
        <th>Skipped</th>
    </tr>

                    <tr>
                        <td>
                                    <a href="#t-521127767.0">Scenario: End to End Musical Pencils Test Flow</a>

                        </td>
                            <td>
            0%
    </td>
    <td>
        <table class="timelineview" cellpadding="0" cellspacing="0">
            <tr>
                    <td>
                        <a class="bar colorFailed" 
                                style="width: 199px;" 
                                title="1 failed" 
                            href="#error_summary"
                                />
                    </td>
            </tr>
        </table>
    </td>
    <td>1</td>
    <td>0</td>
    <td>1</td>
    <td>0</td>
    <td>0</td>
    <td>0</td>

                    </tr>
            </table>

        <h2>Execution Details</h2>
            <a name="t1281068815.0" />
            <h3>Scenario: Paua Shamrock Earrings End to End (in UnitTestProject1, MK end to end test case)</h3>
            <ul>
                <li>Status: Succeeded</li>
                <li>Start time: 1/26/2016 2:16:34 PM</li>
                <li>Execution time (sec): 148.223474</li>
                <li>Thread: #0</li>
            </ul>
            <table class="testEvents">
                <tr>
                    <th>Steps</th>
                    <th>Trace</th>
                    <th>Result</th>
                </tr>
                    <tr>
                        <td>
                            <pre class="log">Given I am on the product page</pre>
                        </td>
                        <td>
                            <!--[TestArrange: Scenario - Paua Shamrock Earrings End to End]-->
                            <pre class="log">done: MKIndividualTestsSteps.GivenIAmOnTheProductPage() (20.9s)</pre>
                        </td>
                        <td>Succeeded in 47.614s</td>
                    </tr>
                    <tr>
                        <td>
                            <pre class="log">And I check for the Free Shipping popup</pre>
                        </td>
                        <td>
                            <!--[TestArrange: Scenario - Paua Shamrock Earrings End to End]-->
                            <pre class="log">done: MKIndividualTestsSteps.GivenICheckForPopUp() (7.1s)</pre>
                        </td>
                        <td>Succeeded in 7.11s</td>
                    </tr>
                    <tr>
                        <td>
                            <pre class="log">And I continue to the Shopping Cart Page</pre>
                        </td>
                        <td>
                            <!--[TestArrange: Scenario - Paua Shamrock Earrings End to End]-->
                            <pre class="log">done: MKIndividualTestsSteps.GivenIAmOnTheShoppingCartPage() (19.1s)</pre>
                        </td>
                        <td>Succeeded in 19.14s</td>
                    </tr>
                    <tr>
                        <td>
                            <pre class="log">And I continue on to the first Checkout Page</pre>
                        </td>
                        <td>
                            <!--[TestArrange: Scenario - Paua Shamrock Earrings End to End]-->
                            <pre class="log">done: MKIndividualTestsSteps.GivenIAmOnTheFirstCheckoutPage() (22.9s)</pre>
                        </td>
                        <td>Succeeded in 22.86s</td>
                    </tr>
                    <tr>
                        <td>
                            <pre class="log">And I continue on to the second checkout page</pre>
                        </td>
                        <td>
                            <!--[TestArrange: Scenario - Paua Shamrock Earrings End to End]-->
                            <pre class="log">done: MKIndividualTestsSteps.GivenIAmOnTheSecondCheckoutPage() (17.2s)</pre>
                        </td>
                        <td>Succeeded in 17.156s</td>
                    </tr>
                    <tr>
                        <td>
                            <pre class="log">And I continue on to the Order Confirmation page</pre>
                        </td>
                        <td>
                            <!--[TestArrange: Scenario - Paua Shamrock Earrings End to End]-->
                            <pre class="log">done: MKIndividualTestsSteps.GivenIAmOnTheReceiptPage() (22.9s)</pre>
                        </td>
                        <td>Succeeded in 22.875s</td>
                    </tr>
                    <tr>
                        <td>
                            <pre class="log">When I close the popups</pre>
                        </td>
                        <td>
                            <!--[TestAct: Scenario - Paua Shamrock Earrings End to End]-->
                            <pre class="log">done: MKIndividualTestsSteps.WhenICloseThePopups() (8.0s)</pre>
                        </td>
                        <td>Succeeded in 7.999s</td>
                    </tr>
                    <tr>
                        <td>
                            <pre class="log">Then I will have completed the purchase</pre>
                        </td>
                        <td>
                            <!--[TestAssert: Scenario - Paua Shamrock Earrings End to End]-->
                            <pre class="log">done: MKIndividualTestsSteps.ThenWillHaveCompletedThePurchase() (0.1s)</pre>
                        </td>
                        <td>Succeeded in 0.141s</td>
                    </tr>
            </table>
            <a name="t-1297465784.0" />
            <h3>Scenario: Search for Paua Shamrock Earrings (in UnitTestProject1, MK Individual Tests)</h3>
            <ul>
                <li>Status: Succeeded</li>
                <li>Start time: 1/26/2016 2:16:34 PM</li>
                <li>Execution time (sec): 79.5352339</li>
                <li>Thread: #3</li>
            </ul>
            <table class="testEvents">
                <tr>
                    <th>Steps</th>
                    <th>Trace</th>
                    <th>Result</th>
                </tr>
                    <tr>
                        <td>
                            <pre class="log">Given I am on the Miles Kimball homepage</pre>
                        </td>
                        <td>
                            <!--[TestArrange: Scenario - Search for Paua Shamrock Earrings]-->
                            <pre class="log">done: MKIndividualTestsSteps.GivenIAmOnTheMilesKimballHomepage() (25.8s)</pre>
                        </td>
                        <td>Succeeded in 57.295s</td>
                    </tr>
                    <tr>
                        <td>
                            <pre class="log">And I check for the Free Shipping popup on the home page</pre>
                        </td>
                        <td>
                            <!--[TestArrange: Scenario - Search for Paua Shamrock Earrings]-->
                            <pre class="log">done: MKIndividualTestsSteps.GivenICheckForPopUpHomePage() (1.7s)</pre>
                        </td>
                        <td>Succeeded in 1.719s</td>
                    </tr>
                    <tr>
                        <td>
                            <pre class="log">When I enter the SKU in the search box and submit</pre>
                        </td>
                        <td>
                            <!--[TestAct: Scenario - Search for Paua Shamrock Earrings]-->
                            <pre class="log">done: MKIndividualTestsSteps.WhenIEnterTheSKUInTheSearchBoxAndSubmit() (3.7s)</pre>
                        </td>
                        <td>Succeeded in 3.688s</td>
                    </tr>
                    <tr>
                        <td>
                            <pre class="log">Then I should be on the Paua Shamrock product page</pre>
                        </td>
                        <td>
                            <!--[TestAssert: Scenario - Search for Paua Shamrock Earrings]-->
                            <pre class="log">done: MKIndividualTestsSteps.ThenIShouldBeOnThePauaShamrockProductPage() (12.6s)</pre>
                        </td>
                        <td>Succeeded in 12.592s</td>
                    </tr>
            </table>
            <a name="t510041308.0" />
            <h3>Scenario: Confirm Alert is present on homepage (in UnitTestProject1, MK Individual Tests)</h3>
            <ul>
                <li>Status: Succeeded</li>
                <li>Start time: 1/26/2016 2:16:34 PM</li>
                <li>Execution time (sec): 47.0655264</li>
                <li>Thread: #1</li>
            </ul>
            <table class="testEvents">
                <tr>
                    <th>Steps</th>
                    <th>Trace</th>
                    <th>Result</th>
                </tr>
                    <tr>
                        <td>
                            <pre class="log">Given I am on the Miles Kimball homepage</pre>
                        </td>
                        <td>
                            <!--[TestArrange: Scenario - Confirm Alert is present on homepage]-->
                            <pre class="log">done: MKIndividualTestsSteps.GivenIAmOnTheMilesKimballHomepage() (15.8s)</pre>
                        </td>
                        <td>Succeeded in 42.961s</td>
                    </tr>
                    <tr>
                        <td>
                            <pre class="log">Then the free shipping alert should be present</pre>
                        </td>
                        <td>
                            <!--[TestAssert: Scenario - Confirm Alert is present on homepage]-->
                            <pre class="log">done: MKIndividualTestsSteps.ThenTheAlertShouldBePresent() (0.9s)</pre>
                        </td>
                        <td>Succeeded in 0.925s</td>
                    </tr>
            </table>
            <a name="t162003897.0" />
            <h3>Scenario: Confirm Alert is Present and Dismiss (in UnitTestProject1, MK Individual Tests)</h3>
            <ul>
                <li>Status: Succeeded</li>
                <li>Start time: 1/26/2016 2:16:34 PM</li>
                <li>Execution time (sec): 53.7726953</li>
                <li>Thread: #2</li>
            </ul>
            <table class="testEvents">
                <tr>
                    <th>Steps</th>
                    <th>Trace</th>
                    <th>Result</th>
                </tr>
                    <tr>
                        <td>
                            <pre class="log">Given I am on the Miles Kimball homepage</pre>
                        </td>
                        <td>
                            <!--[TestArrange: Scenario - Confirm Alert is Present and Dismiss]-->
                            <pre class="log">done: MKIndividualTestsSteps.GivenIAmOnTheMilesKimballHomepage() (17.7s)</pre>
                        </td>
                        <td>Succeeded in 45.75s</td>
                    </tr>
                    <tr>
                        <td>
                            <pre class="log">And the Free Shipping alert Appears</pre>
                        </td>
                        <td>
                            <!--[TestArrange: Scenario - Confirm Alert is Present and Dismiss]-->
                            <pre class="log">done: MKIndividualTestsSteps.GivenTheFreeShippingAlertAppears() (0.5s)</pre>
                        </td>
                        <td>Succeeded in 0.516s</td>
                    </tr>
                    <tr>
                        <td>
                            <pre class="log">And I dismiss the Free Shipping popup</pre>
                        </td>
                        <td>
                            <!--[TestArrange: Scenario - Confirm Alert is Present and Dismiss]-->
                            <pre class="log">done: MKIndividualTestsSteps.GivenIDismissThePopup() (1.6s)</pre>
                        </td>
                        <td>Succeeded in 1.641s</td>
                    </tr>
                    <tr>
                        <td>
                            <pre class="log">Then the alert should not be present</pre>
                        </td>
                        <td>
                            <!--[TestAssert: Scenario - Confirm Alert is Present and Dismiss]-->
                            <pre class="log">done: MKIndividualTestsSteps.ThenTheAlertShouldNotBePresent() (1.6s)</pre>
                        </td>
                        <td>Succeeded in 1.625s</td>
                    </tr>
            </table>
            <a name="t118516224.0" />
            <h3>Scenario: Add Paua Shamrock Earrings to Cart and Confirm Popup Info (in UnitTestProject1, MK Individual Tests)</h3>
            <ul>
                <li>Status: Succeeded</li>
                <li>Start time: 1/26/2016 2:16:34 PM</li>
                <li>Execution time (sec): 78.6721633</li>
                <li>Thread: #4</li>
            </ul>
            <table class="testEvents">
                <tr>
                    <th>Steps</th>
                    <th>Trace</th>
                    <th>Result</th>
                </tr>
                    <tr>
                        <td>
                            <pre class="log">Given I am on the product page</pre>
                        </td>
                        <td>
                            <!--[TestArrange: Scenario - Add Paua Shamrock Earrings to Cart and Confirm Popup Info]-->
                            <pre class="log">done: MKIndividualTestsSteps.GivenIAmOnTheProductPage() (16.5s)</pre>
                        </td>
                        <td>Succeeded in 44.858s</td>
                    </tr>
                    <tr>
                        <td>
                            <pre class="log">And I check for the Free Shipping popup</pre>
                        </td>
                        <td>
                            <!--[TestArrange: Scenario - Add Paua Shamrock Earrings to Cart and Confirm Popup Info]-->
                            <pre class="log">done: MKIndividualTestsSteps.GivenICheckForPopUp() (25.6s)</pre>
                        </td>
                        <td>Succeeded in 25.612s</td>
                    </tr>
                    <tr>
                        <td>
                            <pre class="log">When I click the Add to Cart Button</pre>
                        </td>
                        <td>
                            <!--[TestAct: Scenario - Add Paua Shamrock Earrings to Cart and Confirm Popup Info]-->
                            <pre class="log">done: MKIndividualTestsSteps.WhenIClickTheAddToCartButton() (4.0s)</pre>
                        </td>
                        <td>Succeeded in 4.015s</td>
                    </tr>
                    <tr>
                        <td>
                            <pre class="log">Then the popup should appear with the correct information</pre>
                        </td>
                        <td>
                            <!--[TestAssert: Scenario - Add Paua Shamrock Earrings to Cart and Confirm Popup Info]-->
                            <pre class="log">done: MKIndividualTestsSteps.ThenThePopupShouldAppearWithTheCorrectInformation() (0.5s)</pre>
                        </td>
                        <td>Succeeded in 0.547s</td>
                    </tr>
            </table>
            <a name="t-78859643.0" />
            <h3>Scenario: Add Paua Shamrock Earrings to Cart click Popup and Confirm Shopping Cart Page Load (in UnitTestProject1, MK Individual Tests)</h3>
            <ul>
                <li>Status: Failed</li>
                <li>Start time: 1/26/2016 2:16:34 PM</li>
                <li>Execution time (sec): 73.8979939</li>
                <li>Thread: #5</li>
                <li>Error: Timed out after 15 seconds</li>
            </ul>
            <table class="testEvents">
                <tr>
                    <th>Steps</th>
                    <th>Trace</th>
                    <th>Result</th>
                </tr>
                    <tr>
                        <td>
                            <pre class="log">Given I am on the product page</pre>
                        </td>
                        <td>
                            <!--[TestArrange: Scenario - Add Paua Shamrock Earrings to Cart click Popup and Confirm Shopping Cart Page Load]-->
                            <pre class="log">done: MKIndividualTestsSteps.GivenIAmOnTheProductPage() (19.9s)</pre>
                        </td>
                        <td>Succeeded in 43.04s</td>
                    </tr>
                    <tr>
                        <td>
                            <pre class="log">And I check for the Free Shipping popup</pre>
                        </td>
                        <td>
                            <!--[TestArrange: Scenario - Add Paua Shamrock Earrings to Cart click Popup and Confirm Shopping Cart Page Load]-->
                            <pre class="log">done: MKIndividualTestsSteps.GivenICheckForPopUp() (6.2s)</pre>
                        </td>
                        <td>Succeeded in 6.25s</td>
                    </tr>
                    <tr>
                        <td>
                            <pre class="log">When I click the Add to Cart Button</pre>
                        </td>
                        <td>
                            <!--[TestAct: Scenario - Add Paua Shamrock Earrings to Cart click Popup and Confirm Shopping Cart Page Load]-->
                            <pre class="log">error: Timed out after 15 seconds</pre>
                                <div class="errorMessage">Timed out after 15 seconds</div>
                                <pre class="stackTrace">OpenQA.Selenium.WebDriverTimeoutException: Timed out after 15 seconds
   at OpenQA.Selenium.Support.UI.DefaultWait`1.ThrowTimeoutException(String exceptionMessage, Exception lastException) in c:\Projects\webdriver\dotnet\src\support\UI\DefaultWait.cs:line 215
   at OpenQA.Selenium.Support.UI.DefaultWait`1.Until[TResult](Func`2 condition) in c:\Projects\webdriver\dotnet\src\support\UI\DefaultWait.cs:line 199
   at UnitTestProject1.MKIndividualTestsSteps.WhenIClickTheAddToCartButton() in C:\Users\Kevin Berg\documents\visual studio 2015\Projects\UnitTestProject1\UnitTestProject1\MKIndividualTestsSteps.cs:line 111
   at lambda_method(Closure , IContextManager )
   at TechTalk.SpecFlow.Bindings.BindingInvoker.InvokeBinding(IBinding binding, IContextManager contextManager, Object[] arguments, ITestTracer testTracer, TimeSpan&amp; duration)
   at TechTalk.SpecFlow.Infrastructure.TestExecutionEngine.ExecuteStepMatch(BindingMatch match, Object[] arguments)
   at TechTalk.SpecFlow.Infrastructure.TestExecutionEngine.ExecuteStep(StepInstance stepInstance)
   at TechTalk.SpecFlow.Infrastructure.TestExecutionEngine.OnAfterLastStep()
   at TechTalk.SpecFlow.TestRunner.CollectScenarioErrors()
   at UnitTestProject1.MKIndividualTestsFeature.ScenarioCleanup() in C:\Users\Kevin Berg\documents\visual studio 2015\Projects\UnitTestProject1\UnitTestProject1\MKIndividualTests.feature.cs:line 0
   at UnitTestProject1.MKIndividualTestsFeature.AddPauaShamrockEarringsToCartClickPopupAndConfirmShoppingCartPageLoad() in C:\Users\Kevin Berg\documents\visual studio 2015\Projects\UnitTestProject1\UnitTestProject1\MKIndividualTests.feature:line 31
   at TechTalk.SpecRun.Framework.TaskExecutors.StaticOrInstanceMethodExecutor.ExecuteInternal(ITestThreadExecutionContext testThreadExecutionContext) in c:\TeamCity\buildAgent\work\1ace6ed01d0a43bb\TechTalk.SpecRun.Framework.Interfaces\TaskExecutors\StaticOrInstanceMethodExecutor.cs:line 40
   at TechTalk.SpecRun.Framework.TaskExecutors.StaticOrInstanceMethodExecutor.Execute(ITestThreadExecutionContext testThreadExecutionContext) in c:\TeamCity\buildAgent\work\1ace6ed01d0a43bb\TechTalk.SpecRun.Framework.Interfaces\TaskExecutors\StaticOrInstanceMethodExecutor.cs:line 21
   at TechTalk.SpecRun.Framework.TestAssemblyExecutor.ExecuteTestNodeTask(TestNode testNode, ITaskExecutor task, TraceEventType eventType) in c:\TeamCity\buildAgent\work\1ace6ed01d0a43bb\TechTalk.SpecRun.Framework.Executor\TestAssemblyExecutor.cs:line 215</pre>
                        </td>
                        <td>Failed in 18.749s</td>
                    </tr>
                    <tr>
                        <td>
                            <pre class="log">When I click the View Cart / Checkout Button</pre>
                        </td>
                        <td>
                            <!--[TestAct: Scenario - Add Paua Shamrock Earrings to Cart click Popup and Confirm Shopping Cart Page Load]-->
                            <pre class="log">skipped because of previous errors</pre>
                        </td>
                        <td>Skipped in 0s</td>
                    </tr>
                    <tr>
                        <td>
                            <pre class="log">Then I should be on the shopping cart page</pre>
                        </td>
                        <td>
                            <!--[TestAssert: Scenario - Add Paua Shamrock Earrings to Cart click Popup and Confirm Shopping Cart Page Load]-->
                            <pre class="log">skipped because of previous errors</pre>
                        </td>
                        <td>Skipped in 0.047s</td>
                    </tr>
            </table>
            <a name="t1634110217.0" />
            <h3>Scenario: Verify information on the Shopping Cart Page (in UnitTestProject1, MK Individual Tests)</h3>
            <ul>
                <li>Status: Failed</li>
                <li>Start time: 1/26/2016 2:16:34 PM</li>
                <li>Execution time (sec): 85.2980598</li>
                <li>Thread: #6</li>
                <li>Error: Timed out after 15 seconds</li>
            </ul>
            <table class="testEvents">
                <tr>
                    <th>Steps</th>
                    <th>Trace</th>
                    <th>Result</th>
                </tr>
                    <tr>
                        <td>
                            <pre class="log">Given I am on the product page</pre>
                        </td>
                        <td>
                            <!--[TestArrange: Scenario - Verify information on the Shopping Cart Page]-->
                            <pre class="log">done: MKIndividualTestsSteps.GivenIAmOnTheProductPage() (27.6s)</pre>
                        </td>
                        <td>Succeeded in 55.383s</td>
                    </tr>
                    <tr>
                        <td>
                            <pre class="log">And I check for the Free Shipping popup</pre>
                        </td>
                        <td>
                            <!--[TestArrange: Scenario - Verify information on the Shopping Cart Page]-->
                            <pre class="log">done: MKIndividualTestsSteps.GivenICheckForPopUp() (6.3s)</pre>
                        </td>
                        <td>Succeeded in 6.328s</td>
                    </tr>
                    <tr>
                        <td>
                            <pre class="log">And I continue to the Shopping Cart Page</pre>
                        </td>
                        <td>
                            <!--[TestArrange: Scenario - Verify information on the Shopping Cart Page]-->
                            <pre class="log">error: Timed out after 15 seconds</pre>
                                <div class="errorMessage">Timed out after 15 seconds</div>
                                <pre class="stackTrace">OpenQA.Selenium.WebDriverTimeoutException: Timed out after 15 seconds
   at OpenQA.Selenium.Support.UI.DefaultWait`1.ThrowTimeoutException(String exceptionMessage, Exception lastException) in c:\Projects\webdriver\dotnet\src\support\UI\DefaultWait.cs:line 215
   at OpenQA.Selenium.Support.UI.DefaultWait`1.Until[TResult](Func`2 condition) in c:\Projects\webdriver\dotnet\src\support\UI\DefaultWait.cs:line 199
   at UnitTestProject1.MKIndividualTestsSteps.GivenIAmOnTheShoppingCartPage() in C:\Users\Kevin Berg\documents\visual studio 2015\Projects\UnitTestProject1\UnitTestProject1\MKIndividualTestsSteps.cs:line 150
   at lambda_method(Closure , IContextManager )
   at TechTalk.SpecFlow.Bindings.BindingInvoker.InvokeBinding(IBinding binding, IContextManager contextManager, Object[] arguments, ITestTracer testTracer, TimeSpan&amp; duration)
   at TechTalk.SpecFlow.Infrastructure.TestExecutionEngine.ExecuteStepMatch(BindingMatch match, Object[] arguments)
   at TechTalk.SpecFlow.Infrastructure.TestExecutionEngine.ExecuteStep(StepInstance stepInstance)
   at TechTalk.SpecFlow.Infrastructure.TestExecutionEngine.OnAfterLastStep()
   at TechTalk.SpecFlow.TestRunner.CollectScenarioErrors()
   at UnitTestProject1.MKIndividualTestsFeature.ScenarioCleanup() in C:\Users\Kevin Berg\documents\visual studio 2015\Projects\UnitTestProject1\UnitTestProject1\MKIndividualTests.feature.cs:line 0
   at UnitTestProject1.MKIndividualTestsFeature.VerifyInformationOnTheShoppingCartPage() in C:\Users\Kevin Berg\documents\visual studio 2015\Projects\UnitTestProject1\UnitTestProject1\MKIndividualTests.feature:line 37
   at TechTalk.SpecRun.Framework.TaskExecutors.StaticOrInstanceMethodExecutor.ExecuteInternal(ITestThreadExecutionContext testThreadExecutionContext) in c:\TeamCity\buildAgent\work\1ace6ed01d0a43bb\TechTalk.SpecRun.Framework.Interfaces\TaskExecutors\StaticOrInstanceMethodExecutor.cs:line 40
   at TechTalk.SpecRun.Framework.TaskExecutors.StaticOrInstanceMethodExecutor.Execute(ITestThreadExecutionContext testThreadExecutionContext) in c:\TeamCity\buildAgent\work\1ace6ed01d0a43bb\TechTalk.SpecRun.Framework.Interfaces\TaskExecutors\StaticOrInstanceMethodExecutor.cs:line 21
   at TechTalk.SpecRun.Framework.TestAssemblyExecutor.ExecuteTestNodeTask(TestNode testNode, ITaskExecutor task, TraceEventType eventType) in c:\TeamCity\buildAgent\work\1ace6ed01d0a43bb\TechTalk.SpecRun.Framework.Executor\TestAssemblyExecutor.cs:line 215</pre>
                        </td>
                        <td>Failed in 18.485s</td>
                    </tr>
                    <tr>
                        <td>
                            <pre class="log">Then The expected information should be present</pre>
                        </td>
                        <td>
                            <!--[TestAssert: Scenario - Verify information on the Shopping Cart Page]-->
                            <pre class="log">skipped because of previous errors</pre>
                        </td>
                        <td>Skipped in 0.03s</td>
                    </tr>
            </table>
            <a name="t-1192265979.0" />
            <h3>Scenario: Navigate to the Login Page and Verify Checkout as Guest button (in UnitTestProject1, MK Individual Tests)</h3>
            <ul>
                <li>Status: Succeeded</li>
                <li>Start time: 1/26/2016 2:16:35 PM</li>
                <li>Execution time (sec): 72.6754382</li>
                <li>Thread: #7</li>
            </ul>
            <table class="testEvents">
                <tr>
                    <th>Steps</th>
                    <th>Trace</th>
                    <th>Result</th>
                </tr>
                    <tr>
                        <td>
                            <pre class="log">Given I am on the product page</pre>
                        </td>
                        <td>
                            <!--[TestArrange: Scenario - Navigate to the Login Page and Verify Checkout as Guest button]-->
                            <pre class="log">done: MKIndividualTestsSteps.GivenIAmOnTheProductPage() (19.0s)</pre>
                        </td>
                        <td>Succeeded in 40.65s</td>
                    </tr>
                    <tr>
                        <td>
                            <pre class="log">And I check for the Free Shipping popup</pre>
                        </td>
                        <td>
                            <!--[TestArrange: Scenario - Navigate to the Login Page and Verify Checkout as Guest button]-->
                            <pre class="log">done: MKIndividualTestsSteps.GivenICheckForPopUp() (6.9s)</pre>
                        </td>
                        <td>Succeeded in 6.878s</td>
                    </tr>
                    <tr>
                        <td>
                            <pre class="log">And I continue to the Shopping Cart Page</pre>
                        </td>
                        <td>
                            <!--[TestArrange: Scenario - Navigate to the Login Page and Verify Checkout as Guest button]-->
                            <pre class="log">done: MKIndividualTestsSteps.GivenIAmOnTheShoppingCartPage() (15.3s)</pre>
                        </td>
                        <td>Succeeded in 15.343s</td>
                    </tr>
                    <tr>
                        <td>
                            <pre class="log">When I click on the Checkout button</pre>
                        </td>
                        <td>
                            <!--[TestAct: Scenario - Navigate to the Login Page and Verify Checkout as Guest button]-->
                            <pre class="log">done: MKIndividualTestsSteps.WhenIClickOnTheCheckoutButton() (6.4s)</pre>
                        </td>
                        <td>Succeeded in 6.407s</td>
                    </tr>
                    <tr>
                        <td>
                            <pre class="log">Then I should see the Checkout as Guest Button</pre>
                        </td>
                        <td>
                            <!--[TestAssert: Scenario - Navigate to the Login Page and Verify Checkout as Guest button]-->
                            <pre class="log">done: MKIndividualTestsSteps.ThenIShouldBeOnTheCheckoutStepPage() (0.1s)</pre>
                        </td>
                        <td>Succeeded in 0.14s</td>
                    </tr>
            </table>
            <a name="t-2104053305.0" />
            <h3>Scenario: Navigate to CheckoutPage1 (in UnitTestProject1, MK Individual Tests)</h3>
            <ul>
                <li>Status: Succeeded</li>
                <li>Start time: 1/26/2016 2:16:36 PM</li>
                <li>Execution time (sec): 94.4123494</li>
                <li>Thread: #8</li>
            </ul>
            <table class="testEvents">
                <tr>
                    <th>Steps</th>
                    <th>Trace</th>
                    <th>Result</th>
                </tr>
                    <tr>
                        <td>
                            <pre class="log">Given I am on the product page</pre>
                        </td>
                        <td>
                            <!--[TestArrange: Scenario - Navigate to CheckoutPage1]-->
                            <pre class="log">done: MKIndividualTestsSteps.GivenIAmOnTheProductPage() (12.9s)</pre>
                        </td>
                        <td>Succeeded in 35.339s</td>
                    </tr>
                    <tr>
                        <td>
                            <pre class="log">And I check for the Free Shipping popup</pre>
                        </td>
                        <td>
                            <!--[TestArrange: Scenario - Navigate to CheckoutPage1]-->
                            <pre class="log">done: MKIndividualTestsSteps.GivenICheckForPopUp() (25.2s)</pre>
                        </td>
                        <td>Succeeded in 25.187s</td>
                    </tr>
                    <tr>
                        <td>
                            <pre class="log">And I continue to the Shopping Cart Page</pre>
                        </td>
                        <td>
                            <!--[TestArrange: Scenario - Navigate to CheckoutPage1]-->
                            <pre class="log">done: MKIndividualTestsSteps.GivenIAmOnTheShoppingCartPage() (14.7s)</pre>
                        </td>
                        <td>Succeeded in 14.718s</td>
                    </tr>
                    <tr>
                        <td>
                            <pre class="log">When I click on the Checkout button</pre>
                        </td>
                        <td>
                            <!--[TestAct: Scenario - Navigate to CheckoutPage1]-->
                            <pre class="log">done: MKIndividualTestsSteps.WhenIClickOnTheCheckoutButton() (7.0s)</pre>
                        </td>
                        <td>Succeeded in 6.984s</td>
                    </tr>
                    <tr>
                        <td>
                            <pre class="log">When I click on the Checkout as Guest Button</pre>
                        </td>
                        <td>
                            <!--[TestAct: Scenario - Navigate to CheckoutPage1]-->
                            <pre class="log">done: MKIndividualTestsSteps.WhenIClickOnTheCheckoutAsGuestButton() (7.8s)</pre>
                        </td>
                        <td>Succeeded in 7.813s</td>
                    </tr>
                    <tr>
                        <td>
                            <pre class="log">Then I should be on the first Checkout Page</pre>
                        </td>
                        <td>
                            <!--[TestAssert: Scenario - Navigate to CheckoutPage1]-->
                            <pre class="log">done: MKIndividualTestsSteps.ThenIShouldBeOnTheFirstCheckoutPage() (0.2s)</pre>
                        </td>
                        <td>Succeeded in 0.265s</td>
                    </tr>
            </table>
            <a name="t805522781.0" />
            <h3>Scenario: Verify Summary Information on Checkout Page 1 (in UnitTestProject1, MK Individual Tests)</h3>
            <ul>
                <li>Status: Failed</li>
                <li>Start time: 1/26/2016 2:16:36 PM</li>
                <li>Execution time (sec): 78.4523703</li>
                <li>Thread: #9</li>
                <li>Error: Timed out after 15 seconds</li>
            </ul>
            <table class="testEvents">
                <tr>
                    <th>Steps</th>
                    <th>Trace</th>
                    <th>Result</th>
                </tr>
                    <tr>
                        <td>
                            <pre class="log">Given I am on the product page</pre>
                        </td>
                        <td>
                            <!--[TestArrange: Scenario - Verify Summary Information on Checkout Page 1]-->
                            <pre class="log">done: MKIndividualTestsSteps.GivenIAmOnTheProductPage() (19.4s)</pre>
                        </td>
                        <td>Succeeded in 46.069s</td>
                    </tr>
                    <tr>
                        <td>
                            <pre class="log">And I check for the Free Shipping popup</pre>
                        </td>
                        <td>
                            <!--[TestArrange: Scenario - Verify Summary Information on Checkout Page 1]-->
                            <pre class="log">done: MKIndividualTestsSteps.GivenICheckForPopUp() (6.5s)</pre>
                        </td>
                        <td>Succeeded in 6.501s</td>
                    </tr>
                    <tr>
                        <td>
                            <pre class="log">And I continue to the Shopping Cart Page</pre>
                        </td>
                        <td>
                            <!--[TestArrange: Scenario - Verify Summary Information on Checkout Page 1]-->
                            <pre class="log">error: Timed out after 15 seconds</pre>
                                <div class="errorMessage">Timed out after 15 seconds</div>
                                <pre class="stackTrace">OpenQA.Selenium.WebDriverTimeoutException: Timed out after 15 seconds
   at OpenQA.Selenium.Support.UI.DefaultWait`1.ThrowTimeoutException(String exceptionMessage, Exception lastException) in c:\Projects\webdriver\dotnet\src\support\UI\DefaultWait.cs:line 215
   at OpenQA.Selenium.Support.UI.DefaultWait`1.Until[TResult](Func`2 condition) in c:\Projects\webdriver\dotnet\src\support\UI\DefaultWait.cs:line 199
   at UnitTestProject1.MKIndividualTestsSteps.GivenIAmOnTheShoppingCartPage() in C:\Users\Kevin Berg\documents\visual studio 2015\Projects\UnitTestProject1\UnitTestProject1\MKIndividualTestsSteps.cs:line 150
   at lambda_method(Closure , IContextManager )
   at TechTalk.SpecFlow.Bindings.BindingInvoker.InvokeBinding(IBinding binding, IContextManager contextManager, Object[] arguments, ITestTracer testTracer, TimeSpan&amp; duration)
   at TechTalk.SpecFlow.Infrastructure.TestExecutionEngine.ExecuteStepMatch(BindingMatch match, Object[] arguments)
   at TechTalk.SpecFlow.Infrastructure.TestExecutionEngine.ExecuteStep(StepInstance stepInstance)
   at TechTalk.SpecFlow.Infrastructure.TestExecutionEngine.OnAfterLastStep()
   at TechTalk.SpecFlow.TestRunner.CollectScenarioErrors()
   at UnitTestProject1.MKIndividualTestsFeature.ScenarioCleanup() in C:\Users\Kevin Berg\documents\visual studio 2015\Projects\UnitTestProject1\UnitTestProject1\MKIndividualTests.feature.cs:line 0
   at UnitTestProject1.MKIndividualTestsFeature.VerifySummaryInformationOnCheckoutPage1() in C:\Users\Kevin Berg\documents\visual studio 2015\Projects\UnitTestProject1\UnitTestProject1\MKIndividualTests.feature:line 59
   at TechTalk.SpecRun.Framework.TaskExecutors.StaticOrInstanceMethodExecutor.ExecuteInternal(ITestThreadExecutionContext testThreadExecutionContext) in c:\TeamCity\buildAgent\work\1ace6ed01d0a43bb\TechTalk.SpecRun.Framework.Interfaces\TaskExecutors\StaticOrInstanceMethodExecutor.cs:line 40
   at TechTalk.SpecRun.Framework.TaskExecutors.StaticOrInstanceMethodExecutor.Execute(ITestThreadExecutionContext testThreadExecutionContext) in c:\TeamCity\buildAgent\work\1ace6ed01d0a43bb\TechTalk.SpecRun.Framework.Interfaces\TaskExecutors\StaticOrInstanceMethodExecutor.cs:line 21
   at TechTalk.SpecRun.Framework.TestAssemblyExecutor.ExecuteTestNodeTask(TestNode testNode, ITaskExecutor task, TraceEventType eventType) in c:\TeamCity\buildAgent\work\1ace6ed01d0a43bb\TechTalk.SpecRun.Framework.Executor\TestAssemblyExecutor.cs:line 215</pre>
                        </td>
                        <td>Failed in 19.264s</td>
                    </tr>
                    <tr>
                        <td>
                            <pre class="log">And I continue on to the first Checkout Page</pre>
                        </td>
                        <td>
                            <!--[TestArrange: Scenario - Verify Summary Information on Checkout Page 1]-->
                            <pre class="log">skipped because of previous errors</pre>
                        </td>
                        <td>Skipped in 0s</td>
                    </tr>
                    <tr>
                        <td>
                            <pre class="log">Then I will confirm the summary information</pre>
                        </td>
                        <td>
                            <!--[TestAssert: Scenario - Verify Summary Information on Checkout Page 1]-->
                            <pre class="log">skipped because of previous errors</pre>
                        </td>
                        <td>Skipped in 0.031s</td>
                    </tr>
            </table>
            <a name="t512868338.0" />
            <h3>Scenario: Complete Checkout Page 1 and Submit (in UnitTestProject1, MK Individual Tests)</h3>
            <ul>
                <li>Status: Failed</li>
                <li>Start time: 1/26/2016 2:16:36 PM</li>
                <li>Execution time (sec): 84.7347233</li>
                <li>Thread: #10</li>
                <li>Error: Timed out after 15 seconds</li>
            </ul>
            <table class="testEvents">
                <tr>
                    <th>Steps</th>
                    <th>Trace</th>
                    <th>Result</th>
                </tr>
                    <tr>
                        <td>
                            <pre class="log">Given I am on the product page</pre>
                        </td>
                        <td>
                            <!--[TestArrange: Scenario - Complete Checkout Page 1 and Submit]-->
                            <pre class="log">done: MKIndividualTestsSteps.GivenIAmOnTheProductPage() (27.0s)</pre>
                        </td>
                        <td>Succeeded in 50.725s</td>
                    </tr>
                    <tr>
                        <td>
                            <pre class="log">And I check for the Free Shipping popup</pre>
                        </td>
                        <td>
                            <!--[TestArrange: Scenario - Complete Checkout Page 1 and Submit]-->
                            <pre class="log">done: MKIndividualTestsSteps.GivenICheckForPopUp() (6.8s)</pre>
                        </td>
                        <td>Succeeded in 6.829s</td>
                    </tr>
                    <tr>
                        <td>
                            <pre class="log">And I continue to the Shopping Cart Page</pre>
                        </td>
                        <td>
                            <!--[TestArrange: Scenario - Complete Checkout Page 1 and Submit]-->
                            <pre class="log">error: Timed out after 15 seconds</pre>
                                <div class="errorMessage">Timed out after 15 seconds</div>
                                <pre class="stackTrace">OpenQA.Selenium.WebDriverTimeoutException: Timed out after 15 seconds
   at OpenQA.Selenium.Support.UI.DefaultWait`1.ThrowTimeoutException(String exceptionMessage, Exception lastException) in c:\Projects\webdriver\dotnet\src\support\UI\DefaultWait.cs:line 215
   at OpenQA.Selenium.Support.UI.DefaultWait`1.Until[TResult](Func`2 condition) in c:\Projects\webdriver\dotnet\src\support\UI\DefaultWait.cs:line 199
   at UnitTestProject1.MKIndividualTestsSteps.GivenIAmOnTheShoppingCartPage() in C:\Users\Kevin Berg\documents\visual studio 2015\Projects\UnitTestProject1\UnitTestProject1\MKIndividualTestsSteps.cs:line 150
   at lambda_method(Closure , IContextManager )
   at TechTalk.SpecFlow.Bindings.BindingInvoker.InvokeBinding(IBinding binding, IContextManager contextManager, Object[] arguments, ITestTracer testTracer, TimeSpan&amp; duration)
   at TechTalk.SpecFlow.Infrastructure.TestExecutionEngine.ExecuteStepMatch(BindingMatch match, Object[] arguments)
   at TechTalk.SpecFlow.Infrastructure.TestExecutionEngine.ExecuteStep(StepInstance stepInstance)
   at TechTalk.SpecFlow.Infrastructure.TestExecutionEngine.OnAfterLastStep()
   at TechTalk.SpecFlow.TestRunner.CollectScenarioErrors()
   at UnitTestProject1.MKIndividualTestsFeature.ScenarioCleanup() in C:\Users\Kevin Berg\documents\visual studio 2015\Projects\UnitTestProject1\UnitTestProject1\MKIndividualTests.feature.cs:line 0
   at UnitTestProject1.MKIndividualTestsFeature.CompleteCheckoutPage1AndSubmit() in C:\Users\Kevin Berg\documents\visual studio 2015\Projects\UnitTestProject1\UnitTestProject1\MKIndividualTests.feature:line 68
   at TechTalk.SpecRun.Framework.TaskExecutors.StaticOrInstanceMethodExecutor.ExecuteInternal(ITestThreadExecutionContext testThreadExecutionContext) in c:\TeamCity\buildAgent\work\1ace6ed01d0a43bb\TechTalk.SpecRun.Framework.Interfaces\TaskExecutors\StaticOrInstanceMethodExecutor.cs:line 40
   at TechTalk.SpecRun.Framework.TaskExecutors.StaticOrInstanceMethodExecutor.Execute(ITestThreadExecutionContext testThreadExecutionContext) in c:\TeamCity\buildAgent\work\1ace6ed01d0a43bb\TechTalk.SpecRun.Framework.Interfaces\TaskExecutors\StaticOrInstanceMethodExecutor.cs:line 21
   at TechTalk.SpecRun.Framework.TestAssemblyExecutor.ExecuteTestNodeTask(TestNode testNode, ITaskExecutor task, TraceEventType eventType) in c:\TeamCity\buildAgent\work\1ace6ed01d0a43bb\TechTalk.SpecRun.Framework.Executor\TestAssemblyExecutor.cs:line 215</pre>
                        </td>
                        <td>Failed in 19.296s</td>
                    </tr>
                    <tr>
                        <td>
                            <pre class="log">And I continue on to the first Checkout Page</pre>
                        </td>
                        <td>
                            <!--[TestArrange: Scenario - Complete Checkout Page 1 and Submit]-->
                            <pre class="log">skipped because of previous errors</pre>
                        </td>
                        <td>Skipped in 0s</td>
                    </tr>
                    <tr>
                        <td>
                            <pre class="log">When I complete the form and confirm order summary information</pre>
                        </td>
                        <td>
                            <!--[TestAct: Scenario - Complete Checkout Page 1 and Submit]-->
                            <pre class="log">skipped because of previous errors</pre>
                        </td>
                        <td>Skipped in 0.015s</td>
                    </tr>
                    <tr>
                        <td>
                            <pre class="log">When I click the Proceed to Payment and Review Button</pre>
                        </td>
                        <td>
                            <!--[TestAct: Scenario - Complete Checkout Page 1 and Submit]-->
                            <pre class="log">skipped because of previous errors</pre>
                        </td>
                        <td>Skipped in 0s</td>
                    </tr>
                    <tr>
                        <td>
                            <pre class="log">Then I should be on the second checkout page</pre>
                        </td>
                        <td>
                            <!--[TestAssert: Scenario - Complete Checkout Page 1 and Submit]-->
                            <pre class="log">skipped because of previous errors</pre>
                        </td>
                        <td>Skipped in 0.047s</td>
                    </tr>
            </table>
            <a name="t-381477281.0" />
            <h3>Scenario: Confrim Order Summary information on Checkout Page2 (in UnitTestProject1, MK Individual Tests)</h3>
            <ul>
                <li>Status: Failed</li>
                <li>Start time: 1/26/2016 2:16:37 PM</li>
                <li>Execution time (sec): 84.7873295</li>
                <li>Thread: #11</li>
                <li>Error: Timed out after 15 seconds</li>
            </ul>
            <table class="testEvents">
                <tr>
                    <th>Steps</th>
                    <th>Trace</th>
                    <th>Result</th>
                </tr>
                    <tr>
                        <td>
                            <pre class="log">Given I am on the product page</pre>
                        </td>
                        <td>
                            <!--[TestArrange: Scenario - Confrim Order Summary information on Checkout Page2]-->
                            <pre class="log">done: MKIndividualTestsSteps.GivenIAmOnTheProductPage() (23.0s)</pre>
                        </td>
                        <td>Succeeded in 50.499s</td>
                    </tr>
                    <tr>
                        <td>
                            <pre class="log">And I check for the Free Shipping popup</pre>
                        </td>
                        <td>
                            <!--[TestArrange: Scenario - Confrim Order Summary information on Checkout Page2]-->
                            <pre class="log">done: MKIndividualTestsSteps.GivenICheckForPopUp() (7.0s)</pre>
                        </td>
                        <td>Succeeded in 7.032s</td>
                    </tr>
                    <tr>
                        <td>
                            <pre class="log">And I continue to the Shopping Cart Page</pre>
                        </td>
                        <td>
                            <!--[TestArrange: Scenario - Confrim Order Summary information on Checkout Page2]-->
                            <pre class="log">error: Timed out after 15 seconds</pre>
                                <div class="errorMessage">Timed out after 15 seconds</div>
                                <pre class="stackTrace">OpenQA.Selenium.WebDriverTimeoutException: Timed out after 15 seconds
   at OpenQA.Selenium.Support.UI.DefaultWait`1.ThrowTimeoutException(String exceptionMessage, Exception lastException) in c:\Projects\webdriver\dotnet\src\support\UI\DefaultWait.cs:line 215
   at OpenQA.Selenium.Support.UI.DefaultWait`1.Until[TResult](Func`2 condition) in c:\Projects\webdriver\dotnet\src\support\UI\DefaultWait.cs:line 199
   at UnitTestProject1.MKIndividualTestsSteps.GivenIAmOnTheShoppingCartPage() in C:\Users\Kevin Berg\documents\visual studio 2015\Projects\UnitTestProject1\UnitTestProject1\MKIndividualTestsSteps.cs:line 150
   at lambda_method(Closure , IContextManager )
   at TechTalk.SpecFlow.Bindings.BindingInvoker.InvokeBinding(IBinding binding, IContextManager contextManager, Object[] arguments, ITestTracer testTracer, TimeSpan&amp; duration)
   at TechTalk.SpecFlow.Infrastructure.TestExecutionEngine.ExecuteStepMatch(BindingMatch match, Object[] arguments)
   at TechTalk.SpecFlow.Infrastructure.TestExecutionEngine.ExecuteStep(StepInstance stepInstance)
   at TechTalk.SpecFlow.Infrastructure.TestExecutionEngine.OnAfterLastStep()
   at TechTalk.SpecFlow.TestRunner.CollectScenarioErrors()
   at UnitTestProject1.MKIndividualTestsFeature.ScenarioCleanup() in C:\Users\Kevin Berg\documents\visual studio 2015\Projects\UnitTestProject1\UnitTestProject1\MKIndividualTests.feature.cs:line 0
   at UnitTestProject1.MKIndividualTestsFeature.ConfrimOrderSummaryInformationOnCheckoutPage2() in C:\Users\Kevin Berg\documents\visual studio 2015\Projects\UnitTestProject1\UnitTestProject1\MKIndividualTests.feature:line 76
   at TechTalk.SpecRun.Framework.TaskExecutors.StaticOrInstanceMethodExecutor.ExecuteInternal(ITestThreadExecutionContext testThreadExecutionContext) in c:\TeamCity\buildAgent\work\1ace6ed01d0a43bb\TechTalk.SpecRun.Framework.Interfaces\TaskExecutors\StaticOrInstanceMethodExecutor.cs:line 40
   at TechTalk.SpecRun.Framework.TaskExecutors.StaticOrInstanceMethodExecutor.Execute(ITestThreadExecutionContext testThreadExecutionContext) in c:\TeamCity\buildAgent\work\1ace6ed01d0a43bb\TechTalk.SpecRun.Framework.Interfaces\TaskExecutors\StaticOrInstanceMethodExecutor.cs:line 21
   at TechTalk.SpecRun.Framework.TestAssemblyExecutor.ExecuteTestNodeTask(TestNode testNode, ITaskExecutor task, TraceEventType eventType) in c:\TeamCity\buildAgent\work\1ace6ed01d0a43bb\TechTalk.SpecRun.Framework.Executor\TestAssemblyExecutor.cs:line 215</pre>
                        </td>
                        <td>Failed in 18.983s</td>
                    </tr>
                    <tr>
                        <td>
                            <pre class="log">And I continue on to the first Checkout Page</pre>
                        </td>
                        <td>
                            <!--[TestArrange: Scenario - Confrim Order Summary information on Checkout Page2]-->
                            <pre class="log">skipped because of previous errors</pre>
                        </td>
                        <td>Skipped in 0s</td>
                    </tr>
                    <tr>
                        <td>
                            <pre class="log">And I continue on to the second checkout page</pre>
                        </td>
                        <td>
                            <!--[TestArrange: Scenario - Confrim Order Summary information on Checkout Page2]-->
                            <pre class="log">skipped because of previous errors</pre>
                        </td>
                        <td>Skipped in 0s</td>
                    </tr>
                    <tr>
                        <td>
                            <pre class="log">Then the correct information should be present</pre>
                        </td>
                        <td>
                            <!--[TestAssert: Scenario - Confrim Order Summary information on Checkout Page2]-->
                            <pre class="log">skipped because of previous errors</pre>
                        </td>
                        <td>Skipped in 0.031s</td>
                    </tr>
            </table>
            <a name="t-2076185334.0" />
            <h3>Scenario: Complete Payment Information and Submit Order (in UnitTestProject1, MK Individual Tests)</h3>
            <ul>
                <li>Status: Succeeded</li>
                <li>Start time: 1/26/2016 2:16:37 PM</li>
                <li>Execution time (sec): 125.9801452</li>
                <li>Thread: #12</li>
            </ul>
            <table class="testEvents">
                <tr>
                    <th>Steps</th>
                    <th>Trace</th>
                    <th>Result</th>
                </tr>
                    <tr>
                        <td>
                            <pre class="log">Given I am on the product page</pre>
                        </td>
                        <td>
                            <!--[TestArrange: Scenario - Complete Payment Information and Submit Order]-->
                            <pre class="log">done: MKIndividualTestsSteps.GivenIAmOnTheProductPage() (26.5s)</pre>
                        </td>
                        <td>Succeeded in 50.139s</td>
                    </tr>
                    <tr>
                        <td>
                            <pre class="log">And I check for the Free Shipping popup</pre>
                        </td>
                        <td>
                            <!--[TestArrange: Scenario - Complete Payment Information and Submit Order]-->
                            <pre class="log">done: MKIndividualTestsSteps.GivenICheckForPopUp() (6.5s)</pre>
                        </td>
                        <td>Succeeded in 6.453s</td>
                    </tr>
                    <tr>
                        <td>
                            <pre class="log">And I continue to the Shopping Cart Page</pre>
                        </td>
                        <td>
                            <!--[TestArrange: Scenario - Complete Payment Information and Submit Order]-->
                            <pre class="log">done: MKIndividualTestsSteps.GivenIAmOnTheShoppingCartPage() (14.5s)</pre>
                        </td>
                        <td>Succeeded in 14.516s</td>
                    </tr>
                    <tr>
                        <td>
                            <pre class="log">And I continue on to the first Checkout Page</pre>
                        </td>
                        <td>
                            <!--[TestArrange: Scenario - Complete Payment Information and Submit Order]-->
                            <pre class="log">done: MKIndividualTestsSteps.GivenIAmOnTheFirstCheckoutPage() (16.3s)</pre>
                        </td>
                        <td>Succeeded in 16.282s</td>
                    </tr>
                    <tr>
                        <td>
                            <pre class="log">And I continue on to the second checkout page</pre>
                        </td>
                        <td>
                            <!--[TestArrange: Scenario - Complete Payment Information and Submit Order]-->
                            <pre class="log">done: MKIndividualTestsSteps.GivenIAmOnTheSecondCheckoutPage() (12.1s)</pre>
                        </td>
                        <td>Succeeded in 12.156s</td>
                    </tr>
                    <tr>
                        <td>
                            <pre class="log">When I fill complete the payment information</pre>
                        </td>
                        <td>
                            <!--[TestAct: Scenario - Complete Payment Information and Submit Order]-->
                            <pre class="log">done: MKIndividualTestsSteps.WhenIFillCompleteThePaymentInformation() (5.7s)</pre>
                        </td>
                        <td>Succeeded in 5.75s</td>
                    </tr>
                    <tr>
                        <td>
                            <pre class="log">When I click the submit order button</pre>
                        </td>
                        <td>
                            <!--[TestAct: Scenario - Complete Payment Information and Submit Order]-->
                            <pre class="log">done: MKIndividualTestsSteps.WhenIClickTheSubmitOrderButton() (13.6s)</pre>
                        </td>
                        <td>Succeeded in 13.624s</td>
                    </tr>
                    <tr>
                        <td>
                            <pre class="log">Then I should be on the Order Confirmation page</pre>
                        </td>
                        <td>
                            <!--[TestAssert: Scenario - Complete Payment Information and Submit Order]-->
                            <pre class="log">done: MKIndividualTestsSteps.ThenIShouldSeeTheGooglePopup() (0.1s)</pre>
                        </td>
                        <td>Succeeded in 0.125s</td>
                    </tr>
            </table>
            <a name="t1167197841.0" />
            <h3>Scenario: Dismiss all the Popup Windows to get to the Order Confirmation Page (in UnitTestProject1, MK Individual Tests)</h3>
            <ul>
                <li>Status: Succeeded</li>
                <li>Start time: 1/26/2016 2:16:38 PM</li>
                <li>Execution time (sec): 121.697722</li>
                <li>Thread: #13</li>
            </ul>
            <table class="testEvents">
                <tr>
                    <th>Steps</th>
                    <th>Trace</th>
                    <th>Result</th>
                </tr>
                    <tr>
                        <td>
                            <pre class="log">Given I am on the product page</pre>
                        </td>
                        <td>
                            <!--[TestArrange: Scenario - Dismiss all the Popup Windows to get to the Order Confirmation Page]-->
                            <pre class="log">done: MKIndividualTestsSteps.GivenIAmOnTheProductPage() (17.9s)</pre>
                        </td>
                        <td>Succeeded in 37.984s</td>
                    </tr>
                    <tr>
                        <td>
                            <pre class="log">And I check for the Free Shipping popup</pre>
                        </td>
                        <td>
                            <!--[TestArrange: Scenario - Dismiss all the Popup Windows to get to the Order Confirmation Page]-->
                            <pre class="log">done: MKIndividualTestsSteps.GivenICheckForPopUp() (6.5s)</pre>
                        </td>
                        <td>Succeeded in 6.501s</td>
                    </tr>
                    <tr>
                        <td>
                            <pre class="log">And I continue to the Shopping Cart Page</pre>
                        </td>
                        <td>
                            <!--[TestArrange: Scenario - Dismiss all the Popup Windows to get to the Order Confirmation Page]-->
                            <pre class="log">done: MKIndividualTestsSteps.GivenIAmOnTheShoppingCartPage() (15.0s)</pre>
                        </td>
                        <td>Succeeded in 15.046s</td>
                    </tr>
                    <tr>
                        <td>
                            <pre class="log">And I continue on to the first Checkout Page</pre>
                        </td>
                        <td>
                            <!--[TestArrange: Scenario - Dismiss all the Popup Windows to get to the Order Confirmation Page]-->
                            <pre class="log">done: MKIndividualTestsSteps.GivenIAmOnTheFirstCheckoutPage() (12.8s)</pre>
                        </td>
                        <td>Succeeded in 12.782s</td>
                    </tr>
                    <tr>
                        <td>
                            <pre class="log">And I continue on to the second checkout page</pre>
                        </td>
                        <td>
                            <!--[TestArrange: Scenario - Dismiss all the Popup Windows to get to the Order Confirmation Page]-->
                            <pre class="log">done: MKIndividualTestsSteps.GivenIAmOnTheSecondCheckoutPage() (13.3s)</pre>
                        </td>
                        <td>Succeeded in 13.266s</td>
                    </tr>
                    <tr>
                        <td>
                            <pre class="log">And I continue on to the Order Confirmation page</pre>
                        </td>
                        <td>
                            <!--[TestArrange: Scenario - Dismiss all the Popup Windows to get to the Order Confirmation Page]-->
                            <pre class="log">done: MKIndividualTestsSteps.GivenIAmOnTheReceiptPage() (20.0s)</pre>
                        </td>
                        <td>Succeeded in 19.967s</td>
                    </tr>
                    <tr>
                        <td>
                            <pre class="log">When I close the popups</pre>
                        </td>
                        <td>
                            <!--[TestAct: Scenario - Dismiss all the Popup Windows to get to the Order Confirmation Page]-->
                            <pre class="log">done: MKIndividualTestsSteps.WhenICloseThePopups() (7.1s)</pre>
                        </td>
                        <td>Succeeded in 7.173s</td>
                    </tr>
                    <tr>
                        <td>
                            <pre class="log">Then they should not be present</pre>
                        </td>
                        <td>
                            <!--[TestAssert: Scenario - Dismiss all the Popup Windows to get to the Order Confirmation Page]-->
                            <pre class="log">done: MKIndividualTestsSteps.ThenTheyShouldNotBePresent() (0.3s)</pre>
                        </td>
                        <td>Succeeded in 0.374s</td>
                    </tr>
            </table>
            <a name="t1463491379.0" />
            <h3>Scenario: Confirm Information on the Receipt Page (in UnitTestProject1, MK Individual Tests)</h3>
            <ul>
                <li>Status: Succeeded</li>
                <li>Start time: 1/26/2016 2:16:39 PM</li>
                <li>Execution time (sec): 120.4254461</li>
                <li>Thread: #14</li>
            </ul>
            <table class="testEvents">
                <tr>
                    <th>Steps</th>
                    <th>Trace</th>
                    <th>Result</th>
                </tr>
                    <tr>
                        <td>
                            <pre class="log">Given I am on the product page</pre>
                        </td>
                        <td>
                            <!--[TestArrange: Scenario - Confirm Information on the Receipt Page]-->
                            <pre class="log">done: MKIndividualTestsSteps.GivenIAmOnTheProductPage() (15.7s)</pre>
                        </td>
                        <td>Succeeded in 37.353s</td>
                    </tr>
                    <tr>
                        <td>
                            <pre class="log">And I check for the Free Shipping popup</pre>
                        </td>
                        <td>
                            <!--[TestArrange: Scenario - Confirm Information on the Receipt Page]-->
                            <pre class="log">done: MKIndividualTestsSteps.GivenICheckForPopUp() (6.8s)</pre>
                        </td>
                        <td>Succeeded in 6.766s</td>
                    </tr>
                    <tr>
                        <td>
                            <pre class="log">And I continue to the Shopping Cart Page</pre>
                        </td>
                        <td>
                            <!--[TestArrange: Scenario - Confirm Information on the Receipt Page]-->
                            <pre class="log">done: MKIndividualTestsSteps.GivenIAmOnTheShoppingCartPage() (14.5s)</pre>
                        </td>
                        <td>Succeeded in 14.531s</td>
                    </tr>
                    <tr>
                        <td>
                            <pre class="log">And I continue on to the first Checkout Page</pre>
                        </td>
                        <td>
                            <!--[TestArrange: Scenario - Confirm Information on the Receipt Page]-->
                            <pre class="log">done: MKIndividualTestsSteps.GivenIAmOnTheFirstCheckoutPage() (13.6s)</pre>
                        </td>
                        <td>Succeeded in 13.563s</td>
                    </tr>
                    <tr>
                        <td>
                            <pre class="log">And I continue on to the second checkout page</pre>
                        </td>
                        <td>
                            <!--[TestArrange: Scenario - Confirm Information on the Receipt Page]-->
                            <pre class="log">done: MKIndividualTestsSteps.GivenIAmOnTheSecondCheckoutPage() (11.7s)</pre>
                        </td>
                        <td>Succeeded in 11.671s</td>
                    </tr>
                    <tr>
                        <td>
                            <pre class="log">And I continue on to the Order Confirmation page</pre>
                        </td>
                        <td>
                            <!--[TestArrange: Scenario - Confirm Information on the Receipt Page]-->
                            <pre class="log">done: MKIndividualTestsSteps.GivenIAmOnTheReceiptPage() (20.4s)</pre>
                        </td>
                        <td>Succeeded in 20.438s</td>
                    </tr>
                    <tr>
                        <td>
                            <pre class="log">When I close the popups</pre>
                        </td>
                        <td>
                            <!--[TestAct: Scenario - Confirm Information on the Receipt Page]-->
                            <pre class="log">done: MKIndividualTestsSteps.WhenICloseThePopups() (7.4s)</pre>
                        </td>
                        <td>Succeeded in 7.406s</td>
                    </tr>
                    <tr>
                        <td>
                            <pre class="log">Then I will confirm all the pertinent information</pre>
                        </td>
                        <td>
                            <!--[TestAssert: Scenario - Confirm Information on the Receipt Page]-->
                            <pre class="log">done: MKIndividualTestsSteps.ThenConfirmAllPertinentInformation() (1.0s)</pre>
                        </td>
                        <td>Succeeded in 1.047s</td>
                    </tr>
            </table>
            <a name="t-1550055858.0" />
            <h3>Scenario: Navigate to the My Account Page (in UnitTestProject1, My Account Login Error Testing)</h3>
            <ul>
                <li>Status: Succeeded</li>
                <li>Start time: 1/26/2016 2:16:39 PM</li>
                <li>Execution time (sec): 70.8821272</li>
                <li>Thread: #15</li>
            </ul>
            <table class="testEvents">
                <tr>
                    <th>Steps</th>
                    <th>Trace</th>
                    <th>Result</th>
                </tr>
                    <tr>
                        <td>
                            <pre class="log">Given I am on the Miles Kimball homepage</pre>
                        </td>
                        <td>
                            <!--[TestArrange: Scenario - Navigate to the My Account Page]-->
                            <pre class="log">done: MKIndividualTestsSteps.GivenIAmOnTheMilesKimballHomepage() (22.6s)</pre>
                        </td>
                        <td>Succeeded in 47.435s</td>
                    </tr>
                    <tr>
                        <td>
                            <pre class="log">And I check for the Free Shipping popup on the home page</pre>
                        </td>
                        <td>
                            <!--[TestArrange: Scenario - Navigate to the My Account Page]-->
                            <pre class="log">done: MKIndividualTestsSteps.GivenICheckForPopUpHomePage() (1.7s)</pre>
                        </td>
                        <td>Succeeded in 1.672s</td>
                    </tr>
                    <tr>
                        <td>
                            <pre class="log">When I Click on the My Account Link</pre>
                        </td>
                        <td>
                            <!--[TestAct: Scenario - Navigate to the My Account Page]-->
                            <pre class="log">done: MKAccountLoginErrorTestingSteps.WhenIClickOnTheMyAccountLink() (13.0s)</pre>
                        </td>
                        <td>Succeeded in 13.046s</td>
                    </tr>
                    <tr>
                        <td>
                            <pre class="log">Then I should be on the Account Login Page</pre>
                        </td>
                        <td>
                            <!--[TestAssert: Scenario - Navigate to the My Account Page]-->
                            <pre class="log">done: MKAccountLoginErrorTestingSteps.ThenIShouldBeOnTheAccountPage() (0.1s)</pre>
                        </td>
                        <td>Succeeded in 0.141s</td>
                    </tr>
            </table>
            <a name="t1657462233.0" />
            <h3>Scenario: Entering an Invalid Email should Display an Error (in UnitTestProject1, My Account Login Error Testing)</h3>
            <ul>
                <li>Status: Succeeded</li>
                <li>Start time: 1/26/2016 2:16:39 PM</li>
                <li>Execution time (sec): 50.1812114</li>
                <li>Thread: #16</li>
            </ul>
            <table class="testEvents">
                <tr>
                    <th>Steps</th>
                    <th>Trace</th>
                    <th>Result</th>
                </tr>
                    <tr>
                        <td>
                            <pre class="log">Given I am on the MK Account Login Page</pre>
                        </td>
                        <td>
                            <!--[TestArrange: Scenario - Entering an Invalid Email should Display an Error]-->
                            <pre class="log">done: MKAccountLoginErrorTestingSteps.GivenIAmOnTheMKAccountLoginPage() (12.1s)</pre>
                        </td>
                        <td>Succeeded in 32.425s</td>
                    </tr>
                    <tr>
                        <td>
                            <pre class="log">And I check for the Free Shipping popup on the account login page</pre>
                        </td>
                        <td>
                            <!--[TestArrange: Scenario - Entering an Invalid Email should Display an Error]-->
                            <pre class="log">done: MKAccountLoginErrorTestingSteps.GivenICheckForPopUpHomePage() (1.5s)</pre>
                        </td>
                        <td>Succeeded in 1.527s</td>
                    </tr>
                    <tr>
                        <td>
                            <pre class="log">When I enter the email address &#39;SSBtestautomation@gmail&#39; and the password &#39;SSBtest10&#39;</pre>
                        </td>
                        <td>
                            <!--[TestAct: Scenario - Entering an Invalid Email should Display an Error]-->
                            <pre class="log">done: MKAccountLoginErrorTestingSteps.WhenIEnterTheEmailAddressAndThePassword(&quot;SSBtestautomation...&quot;, &quot;SSBtest10&quot;) (4.0s)</pre>
                        </td>
                        <td>Succeeded in 3.984s</td>
                    </tr>
                    <tr>
                        <td>
                            <pre class="log">Then I should see the Invalid Username and Password Error</pre>
                        </td>
                        <td>
                            <!--[TestAssert: Scenario - Entering an Invalid Email should Display an Error]-->
                            <pre class="log">done: MKAccountLoginErrorTestingSteps.ThenIShouldSeeTheInvalidUsernameAndPasswordError() (5.1s)</pre>
                        </td>
                        <td>Succeeded in 5.187s</td>
                    </tr>
            </table>
            <a name="t-521127767.0" />
            <h3>Scenario: End to End Musical Pencils Test Flow (in UnitTestProject1, Purchasing Musical Notes Pencils)</h3>
            <ul>
                <li>Status: Failed</li>
                <li>Start time: 1/26/2016 2:16:40 PM</li>
                <li>Execution time (sec): 135.2227634</li>
                <li>Thread: #19</li>
                <li>Error: Could not find element by: By.Id: ctl00_ctl00_cphBody_cpInternalMaster_PersonalizationProducts_ctl00_PersonalizationSections_ctl00_ApprovePersonalizationLabel</li>
            </ul>
            <table class="testEvents">
                <tr>
                    <th>Steps</th>
                    <th>Trace</th>
                    <th>Result</th>
                </tr>
                    <tr>
                        <td>
                            <pre class="log">Given I am on the Miles Kimball homepage</pre>
                        </td>
                        <td>
                            <!--[TestArrange: Scenario - End to End Musical Pencils Test Flow]-->
                            <pre class="log">done: MKIndividualTestsSteps.GivenIAmOnTheMilesKimballHomepage() (17.0s)</pre>
                        </td>
                        <td>Succeeded in 39.488s</td>
                    </tr>
                    <tr>
                        <td>
                            <pre class="log">And I check for the Free Shipping popup on the home page</pre>
                        </td>
                        <td>
                            <!--[TestArrange: Scenario - End to End Musical Pencils Test Flow]-->
                            <pre class="log">done: MKIndividualTestsSteps.GivenICheckForPopUpHomePage() (1.5s)</pre>
                        </td>
                        <td>Succeeded in 1.454s</td>
                    </tr>
                    <tr>
                        <td>
                            <pre class="log">And I click on Kids</pre>
                        </td>
                        <td>
                            <!--[TestArrange: Scenario - End to End Musical Pencils Test Flow]-->
                            <pre class="log">done: MKMusicalPencislEndtoEndSteps.GivenIClickOnKids() (9.7s)</pre>
                        </td>
                        <td>Succeeded in 9.749s</td>
                    </tr>
                    <tr>
                        <td>
                            <pre class="log">And I click on Pencils and Pencil Cases</pre>
                        </td>
                        <td>
                            <!--[TestArrange: Scenario - End to End Musical Pencils Test Flow]-->
                            <pre class="log">done: MKMusicalPencislEndtoEndSteps.GivenIClickOnPencilsAndPencilCases() (22.5s)</pre>
                        </td>
                        <td>Succeeded in 22.515s</td>
                    </tr>
                    <tr>
                        <td>
                            <pre class="log">And I choose All from the Items per page selector</pre>
                        </td>
                        <td>
                            <!--[TestArrange: Scenario - End to End Musical Pencils Test Flow]-->
                            <pre class="log">done: MKMusicalPencislEndtoEndSteps.GivenIChooseAllFromTheItemsPerPageSelector() (10.7s)</pre>
                        </td>
                        <td>Succeeded in 10.641s</td>
                    </tr>
                    <tr>
                        <td>
                            <pre class="log">And I click on the personalized musical notes pencils</pre>
                        </td>
                        <td>
                            <!--[TestArrange: Scenario - End to End Musical Pencils Test Flow]-->
                            <pre class="log">done: MKMusicalPencislEndtoEndSteps.GivenIClickOnThePersonalizedMusicalNotesPencils() (19.9s)</pre>
                        </td>
                        <td>Succeeded in 19.875s</td>
                    </tr>
                    <tr>
                        <td>
                            <pre class="log">And I click personalize</pre>
                        </td>
                        <td>
                            <!--[TestArrange: Scenario - End to End Musical Pencils Test Flow]-->
                            <pre class="log">done: MKMusicalPencislEndtoEndSteps.GivenIClickPersonalize() (3.1s)</pre>
                        </td>
                        <td>Succeeded in 3.109s</td>
                    </tr>
                    <tr>
                        <td>
                            <pre class="log">And I enter Mr. Rodgers neighborhood in the input</pre>
                        </td>
                        <td>
                            <!--[TestArrange: Scenario - End to End Musical Pencils Test Flow]-->
                            <pre class="log">done: MKMusicalPencislEndtoEndSteps.GivenIEnterMrRodgersNeighborhoodInTheInput() (0.8s)</pre>
                        </td>
                        <td>Succeeded in 0.766s</td>
                    </tr>
                    <tr>
                        <td>
                            <pre class="log">And I click the personalization approval</pre>
                        </td>
                        <td>
                            <!--[TestArrange: Scenario - End to End Musical Pencils Test Flow]-->
                            <pre class="log">error: Could not find element by: By.Id: ctl00_ctl00_cphBody_cpInternalMaster_PersonalizationProducts_ctl00_PersonalizationSections_ctl00_ApprovePersonalizationLabel</pre>
                                <div class="errorMessage">Could not find element by: By.Id: ctl00_ctl00_cphBody_cpInternalMaster_PersonalizationProducts_ctl00_PersonalizationSections_ctl00_ApprovePersonalizationLabel</div>
                                <pre class="stackTrace">OpenQA.Selenium.NoSuchElementException: Could not find element by: By.Id: ctl00_ctl00_cphBody_cpInternalMaster_PersonalizationProducts_ctl00_PersonalizationSections_ctl00_ApprovePersonalizationLabel
   at OpenQA.Selenium.Support.PageObjects.DefaultElementLocator.LocateElement(IEnumerable`1 bys) in c:\Projects\webdriver\dotnet\src\support\PageObjects\DefaultElementLocator.cs:line 78
   at OpenQA.Selenium.Support.PageObjects.WebElementProxy.get_Element() in c:\Projects\webdriver\dotnet\src\support\PageObjects\WebElementProxy.cs:line 58
   at OpenQA.Selenium.Support.PageObjects.WebElementProxy.Invoke(IMessage msg) in c:\Projects\webdriver\dotnet\src\support\PageObjects\WebElementProxy.cs:line 91
   at System.Runtime.Remoting.Proxies.RealProxy.PrivateInvoke(MessageData&amp; msgData, Int32 type)
   at OpenQA.Selenium.IWebElement.Click()
   at UnitTestProject1.MKMusicalPencislEndtoEndSteps.GivenIClickThePersonalizationApproval() in C:\Users\Kevin Berg\documents\visual studio 2015\Projects\UnitTestProject1\UnitTestProject1\MKMusicalPencilsEndToEndSteps.cs:line 83
   at lambda_method(Closure , IContextManager )
   at TechTalk.SpecFlow.Bindings.BindingInvoker.InvokeBinding(IBinding binding, IContextManager contextManager, Object[] arguments, ITestTracer testTracer, TimeSpan&amp; duration)
   at TechTalk.SpecFlow.Infrastructure.TestExecutionEngine.ExecuteStepMatch(BindingMatch match, Object[] arguments)
   at TechTalk.SpecFlow.Infrastructure.TestExecutionEngine.ExecuteStep(StepInstance stepInstance)
   at TechTalk.SpecFlow.Infrastructure.TestExecutionEngine.OnAfterLastStep()
   at TechTalk.SpecFlow.TestRunner.CollectScenarioErrors()
   at UnitTestProject1.PurchasingMusicalNotesPencilsFeature.ScenarioCleanup() in C:\Users\Kevin Berg\documents\visual studio 2015\Projects\UnitTestProject1\UnitTestProject1\MKMusicalPencilsEndToEnd.feature.cs:line 0
   at UnitTestProject1.PurchasingMusicalNotesPencilsFeature.EndToEndMusicalPencilsTestFlow() in C:\Users\Kevin Berg\documents\visual studio 2015\Projects\UnitTestProject1\UnitTestProject1\MKMusicalPencilsEndToEnd.feature:line 29
   at TechTalk.SpecRun.Framework.TaskExecutors.StaticOrInstanceMethodExecutor.ExecuteInternal(ITestThreadExecutionContext testThreadExecutionContext) in c:\TeamCity\buildAgent\work\1ace6ed01d0a43bb\TechTalk.SpecRun.Framework.Interfaces\TaskExecutors\StaticOrInstanceMethodExecutor.cs:line 40
   at TechTalk.SpecRun.Framework.TaskExecutors.StaticOrInstanceMethodExecutor.Execute(ITestThreadExecutionContext testThreadExecutionContext) in c:\TeamCity\buildAgent\work\1ace6ed01d0a43bb\TechTalk.SpecRun.Framework.Interfaces\TaskExecutors\StaticOrInstanceMethodExecutor.cs:line 21
   at TechTalk.SpecRun.Framework.TestAssemblyExecutor.ExecuteTestNodeTask(TestNode testNode, ITaskExecutor task, TraceEventType eventType) in c:\TeamCity\buildAgent\work\1ace6ed01d0a43bb\TechTalk.SpecRun.Framework.Executor\TestAssemblyExecutor.cs:line 215</pre>
                        </td>
                        <td>Failed in 20.297s</td>
                    </tr>
                    <tr>
                        <td>
                            <pre class="log">And I then click add to cart</pre>
                        </td>
                        <td>
                            <!--[TestArrange: Scenario - End to End Musical Pencils Test Flow]-->
                            <pre class="log">skipped because of previous errors</pre>
                        </td>
                        <td>Skipped in 0s</td>
                    </tr>
                    <tr>
                        <td>
                            <pre class="log">And I then click View Cart / Checkout</pre>
                        </td>
                        <td>
                            <!--[TestArrange: Scenario - End to End Musical Pencils Test Flow]-->
                            <pre class="log">skipped because of previous errors</pre>
                        </td>
                        <td>Skipped in 0s</td>
                    </tr>
                    <tr>
                        <td>
                            <pre class="log">And I enter the promotional code and apply</pre>
                        </td>
                        <td>
                            <!--[TestArrange: Scenario - End to End Musical Pencils Test Flow]-->
                            <pre class="log">skipped because of previous errors</pre>
                        </td>
                        <td>Skipped in 0s</td>
                    </tr>
                    <tr>
                        <td>
                            <pre class="log">And I choose premium shipping from the selector</pre>
                        </td>
                        <td>
                            <!--[TestArrange: Scenario - End to End Musical Pencils Test Flow]-->
                            <pre class="log">skipped because of previous errors</pre>
                        </td>
                        <td>Skipped in 0s</td>
                    </tr>
                    <tr>
                        <td>
                            <pre class="log">And I then click the bottom checkout button</pre>
                        </td>
                        <td>
                            <!--[TestArrange: Scenario - End to End Musical Pencils Test Flow]-->
                            <pre class="log">skipped because of previous errors</pre>
                        </td>
                        <td>Skipped in 0s</td>
                    </tr>
                    <tr>
                        <td>
                            <pre class="log">And I click the Checkout as Guest button</pre>
                        </td>
                        <td>
                            <!--[TestArrange: Scenario - End to End Musical Pencils Test Flow]-->
                            <pre class="log">skipped because of previous errors</pre>
                        </td>
                        <td>Skipped in 0s</td>
                    </tr>
                    <tr>
                        <td>
                            <pre class="log">And I complete the form accordingly</pre>
                        </td>
                        <td>
                            <!--[TestArrange: Scenario - End to End Musical Pencils Test Flow]-->
                            <pre class="log">skipped because of previous errors</pre>
                        </td>
                        <td>Skipped in 0s</td>
                    </tr>
                    <tr>
                        <td>
                            <pre class="log">And I uncheck the Special Offers and Emails box</pre>
                        </td>
                        <td>
                            <!--[TestArrange: Scenario - End to End Musical Pencils Test Flow]-->
                            <pre class="log">skipped because of previous errors</pre>
                        </td>
                        <td>Skipped in 0s</td>
                    </tr>
                    <tr>
                        <td>
                            <pre class="log">And I check the button to ship to a different address</pre>
                        </td>
                        <td>
                            <!--[TestArrange: Scenario - End to End Musical Pencils Test Flow]-->
                            <pre class="log">skipped because of previous errors</pre>
                        </td>
                        <td>Skipped in 0s</td>
                    </tr>
                    <tr>
                        <td>
                            <pre class="log">And I enter the additional address</pre>
                        </td>
                        <td>
                            <!--[TestArrange: Scenario - End to End Musical Pencils Test Flow]-->
                            <pre class="log">skipped because of previous errors</pre>
                        </td>
                        <td>Skipped in 0s</td>
                    </tr>
                    <tr>
                        <td>
                            <pre class="log">And I click the radio button to designate the item is a gift</pre>
                        </td>
                        <td>
                            <!--[TestArrange: Scenario - End to End Musical Pencils Test Flow]-->
                            <pre class="log">skipped because of previous errors</pre>
                        </td>
                        <td>Skipped in 0s</td>
                    </tr>
                    <tr>
                        <td>
                            <pre class="log">And I click the button to Proceed to Payment and Review</pre>
                        </td>
                        <td>
                            <!--[TestArrange: Scenario - End to End Musical Pencils Test Flow]-->
                            <pre class="log">skipped because of previous errors</pre>
                        </td>
                        <td>Skipped in 0s</td>
                    </tr>
                    <tr>
                        <td>
                            <pre class="log">And I fill out the payment information</pre>
                        </td>
                        <td>
                            <!--[TestArrange: Scenario - End to End Musical Pencils Test Flow]-->
                            <pre class="log">skipped because of previous errors</pre>
                        </td>
                        <td>Skipped in 0s</td>
                    </tr>
                    <tr>
                        <td>
                            <pre class="log">And I click the button to submit the order</pre>
                        </td>
                        <td>
                            <!--[TestArrange: Scenario - End to End Musical Pencils Test Flow]-->
                            <pre class="log">skipped because of previous errors</pre>
                        </td>
                        <td>Skipped in 0s</td>
                    </tr>
                    <tr>
                        <td>
                            <pre class="log">And I close all of the popup windows</pre>
                        </td>
                        <td>
                            <!--[TestArrange: Scenario - End to End Musical Pencils Test Flow]-->
                            <pre class="log">skipped because of previous errors</pre>
                        </td>
                        <td>Skipped in 0s</td>
                    </tr>
                    <tr>
                        <td>
                            <pre class="log">Then I will be on the Order Confirmation Page</pre>
                        </td>
                        <td>
                            <!--[TestAssert: Scenario - End to End Musical Pencils Test Flow]-->
                            <pre class="log">skipped because of previous errors</pre>
                        </td>
                        <td>Skipped in 0.031s</td>
                    </tr>
            </table>
            <a name="t1312048565.0" />
            <h3>Scenario: After Entering a Valid Email and Password I should see the Account Page (in UnitTestProject1, My Account Login Error Testing)</h3>
            <ul>
                <li>Status: Succeeded</li>
                <li>Start time: 1/26/2016 2:16:40 PM</li>
                <li>Execution time (sec): 64.1442112</li>
                <li>Thread: #18</li>
            </ul>
            <table class="testEvents">
                <tr>
                    <th>Steps</th>
                    <th>Trace</th>
                    <th>Result</th>
                </tr>
                    <tr>
                        <td>
                            <pre class="log">Given I am on the MK Account Login Page</pre>
                        </td>
                        <td>
                            <!--[TestArrange: Scenario - After Entering a Valid Email and Password I should see the Account Page]-->
                            <pre class="log">done: MKAccountLoginErrorTestingSteps.GivenIAmOnTheMKAccountLoginPage() (27.7s)</pre>
                        </td>
                        <td>Succeeded in 45.72s</td>
                    </tr>
                    <tr>
                        <td>
                            <pre class="log">And I check for the Free Shipping popup on the account login page</pre>
                        </td>
                        <td>
                            <!--[TestArrange: Scenario - After Entering a Valid Email and Password I should see the Account Page]-->
                            <pre class="log">done: MKAccountLoginErrorTestingSteps.GivenICheckForPopUpHomePage() (1.0s)</pre>
                        </td>
                        <td>Succeeded in 0.954s</td>
                    </tr>
                    <tr>
                        <td>
                            <pre class="log">When I enter the email address &#39;SSBtestautomation@gmail.com&#39; and the password &#39;SSBtest100&#39;</pre>
                        </td>
                        <td>
                            <!--[TestAct: Scenario - After Entering a Valid Email and Password I should see the Account Page]-->
                            <pre class="log">done: MKAccountLoginErrorTestingSteps.WhenIEnterTheEmailAddressAndThePassword(&quot;SSBtestautomation...&quot;, &quot;SSBtest100&quot;) (3.5s)</pre>
                        </td>
                        <td>Succeeded in 3.562s</td>
                    </tr>
                    <tr>
                        <td>
                            <pre class="log">Then I should be on the My Account Page</pre>
                        </td>
                        <td>
                            <!--[TestAssert: Scenario - After Entering a Valid Email and Password I should see the Account Page]-->
                            <pre class="log">done: MKAccountLoginErrorTestingSteps.ThenIShouldBeOnTheMyAccountPage() (5.1s)</pre>
                        </td>
                        <td>Succeeded in 5.125s</td>
                    </tr>
            </table>
            <a name="t-397844084.0" />
            <h3>Scenario: Entering an Invalid Password should Display an Error (in UnitTestProject1, My Account Login Error Testing)</h3>
            <ul>
                <li>Status: Succeeded</li>
                <li>Start time: 1/26/2016 2:16:41 PM</li>
                <li>Execution time (sec): 66.1014198</li>
                <li>Thread: #17</li>
            </ul>
            <table class="testEvents">
                <tr>
                    <th>Steps</th>
                    <th>Trace</th>
                    <th>Result</th>
                </tr>
                    <tr>
                        <td>
                            <pre class="log">Given I am on the MK Account Login Page</pre>
                        </td>
                        <td>
                            <!--[TestArrange: Scenario - Entering an Invalid Password should Display an Error]-->
                            <pre class="log">done: MKAccountLoginErrorTestingSteps.GivenIAmOnTheMKAccountLoginPage() (24.2s)</pre>
                        </td>
                        <td>Succeeded in 45.755s</td>
                    </tr>
                    <tr>
                        <td>
                            <pre class="log">And I check for the Free Shipping popup on the account login page</pre>
                        </td>
                        <td>
                            <!--[TestArrange: Scenario - Entering an Invalid Password should Display an Error]-->
                            <pre class="log">done: MKAccountLoginErrorTestingSteps.GivenICheckForPopUpHomePage() (1.5s)</pre>
                        </td>
                        <td>Succeeded in 1.517s</td>
                    </tr>
                    <tr>
                        <td>
                            <pre class="log">When I enter the email address &#39;SSBtestautomation@gmail.com&#39; and the password &#39;SSBtest10&#39;</pre>
                        </td>
                        <td>
                            <!--[TestAct: Scenario - Entering an Invalid Password should Display an Error]-->
                            <pre class="log">done: MKAccountLoginErrorTestingSteps.WhenIEnterTheEmailAddressAndThePassword(&quot;SSBtestautomation...&quot;, &quot;SSBtest10&quot;) (3.1s)</pre>
                        </td>
                        <td>Succeeded in 3.155s</td>
                    </tr>
                    <tr>
                        <td>
                            <pre class="log">Then I should see the Invalid Username and Password Error</pre>
                        </td>
                        <td>
                            <!--[TestAssert: Scenario - Entering an Invalid Password should Display an Error]-->
                            <pre class="log">done: MKAccountLoginErrorTestingSteps.ThenIShouldSeeTheInvalidUsernameAndPasswordError() (7.3s)</pre>
                        </td>
                        <td>Succeeded in 7.297s</td>
                    </tr>
            </table>
	</body>
</html>