<!DOCTYPE html>








<html>
	<head>
        <meta http-equiv="content-type" content="text/html; charset=UTF-8" />
		<title>UnitTestProject1 Test Execution Report</title>
        <script type="text/javascript" src="http://code.jquery.com/jquery-1.6.2.min.js"></script>
        <script type="text/javascript">
            /**
            * jQuery.fn.sortElements
            * --------------
            * #author James Padolsey (http://james.padolsey.com)
            * #version 0.11
            * #updated 18-MAR-2010
            * #url https://raw.github.com/jamespadolsey/jQuery-Plugins/master/sortElements/jquery.sortElements.js
            * --------------
            * #param Function comparator:
            *   Exactly the same behaviour as [1,2,3].sort(comparator)
            *   
            * #param Function getSortable
            *   A function that should return the element that is
            *   to be sorted. The comparator will run on the
            *   current collection, but you may want the actual
            *   resulting sort to occur on a parent or another
            *   associated element.
            *   
            *   E.g. $('td').sortElements(comparator, function(){
            *      return this.parentNode; 
            *   })
            *   
            *   The <td>'s parent (<tr>) will be sorted instead
            *   of the <td> itself.
            */
            jQuery.fn.sortElements = (function () {

                var sort = [].sort;

                return function (comparator, getSortable) {

                    getSortable = getSortable || function () { return this; };

                    var placements = this.map(function () {

                        var sortElement = getSortable.call(this),
                parentNode = sortElement.parentNode,

                        // Since the element itself will change position, we have
                        // to have some way of storing it's original position in
                        // the DOM. The easiest way is to have a 'flag' node:
                nextSibling = parentNode.insertBefore(
                    document.createTextNode(''),
                    sortElement.nextSibling
                );

                        return function () {

                            if (parentNode === this) {
                                throw new Error(
                        "You can't sort elements if any one is a descendant of another."
                    );
                            }

                            // Insert before flag:
                            parentNode.insertBefore(this, nextSibling);
                            // Remove flag:
                            parentNode.removeChild(nextSibling);

                        };

                    });

                    return sort.call(this, comparator).each(function (i) {
                        placements[i].call(getSortable.call(this));
                    });

                };

            })();
        </script>
        <script type="text/javascript">
            jQuery.fn.setBarSizes = (function () {
                return function (metricName, maxBarSize, min) {
                    var max = Math.max.apply(Math, $.makeArray($(this).map(function () { return Number($(this).attr('data-sr-' + metricName)); })));
                    var scale = 1.0;
                    while (max > 0.0 && max <= 10.0) {
                        scale = scale * 10.0;
                        max = max * 10.0;
                    }
                    max = (Math.ceil(max / 2) * 2) / scale;

                    this.each(function () {
                        var barAnchor = $(this).find('a');
                        var actual = $(this).attr('data-sr-' + metricName);
                        var newHeight = Math.max(Math.round(maxBarSize * (actual - min) / (max - min)), 2);
                        barAnchor.css({ height: newHeight });
                    });

                    var unit = "";
                    if (metricName.substr(metricName.length - 4, 4) === "time")
                        unit = "s";

                    $('#testview .scale-min-label').each(function () {
                        $(this).text(min.toString() + unit);
                    });
                    $('#testview .scale-max-label').each(function () {
                        $(this).text(max.toString() + unit);
                    });
                    var mid = max / 2;
                    $('#testview .scale-mid-label').each(function () {
                        $(this).text(mid.toString() + unit);
                    });
                };
            })();

            function getComparer(metricName, isDesc) {
                return function (a, b) {
                    var aNumber = Number($(a).attr('data-sr-' + metricName));
                    var bNumber = Number($(b).attr('data-sr-' + metricName));
                    var result = aNumber > bNumber ? 1 : (aNumber < bNumber ? -1 : 0);
                    if (isDesc)
                        result = -1 * result;

                    if (result == 0 && metricName != "order")
                        result = getComparer("order", false)(a, b);

                    return result;
                };
            }

            var currentSort = "";
            function doSort(allowToggleDesc) {
                var newSort = $("input[name='barSortOrder']:checked").val();
                if (allowToggleDesc && currentSort == newSort) {
                    $('#barSortDesc').click();
                    doSort(false);
                    return;
                }
                currentSort = newSort;
                $('#testview td.testview-item').sortElements(getComparer(newSort, $('#barSortDesc').is(':checked')));
            }


            function doSetHeights(allowSort) {
                var selectedMetric = $("input[name='barHeight']:checked").val();
                $('#testview td.testview-item').setBarSizes(selectedMetric, 60, 0.0);

                if (allowSort && currentSort != selectedMetric) {
                    var $radios = $("input[name='barSortOrder']");
                    $radios.filter('[value=' + selectedMetric + ']').attr('checked', true);
                    $("#barSortDesc").attr("checked", [true]);
                    doSort(false);
                }
            }

            $(document).ready(function () {
                $("input[name='barSortOrder']").click(function () { doSort(true); return true; });
                $("input[name='barSortDesc']").change(function () { doSort(false); });
                $("input[name='barHeight']").change(function () { doSetHeights(true); });

                doSort(false);
                doSetHeights(false);

                $("div.scrollable").css({ 'overflow': 'auto' });
            });
        </script>

        <style type="text/css">
            body 
            {
                color: #000000;
                font-family: Arial,Liberation Sans,DejaVu Sans,sans-serif;
                line-height: 130%;
            }
            h1 {
                font-family: Trebuchet MS,Liberation Sans,DejaVu Sans,sans-serif;
                font-size: 170%;
                font-weight: bold;
            }            
            h2 {
                font-family: Trebuchet MS,Liberation Sans,DejaVu Sans,sans-serif;
                font-size: 130%;
                font-weight: bold;
                margin-bottom: 5px;
            }            
            h3 {
                font-family: Trebuchet MS,Liberation Sans,DejaVu Sans,sans-serif;
                font-size: 120%;
                font-weight: bold;
                margin-bottom: 5px;
            }            
            a.bar
            {
                text-decoration: none;
                display: block;
                line-height: 1px;
            }
            .description
            {
                font-style: italic;
            }
            .log 
            {
                width: 600px;
                white-space: pre-wrap;
                display: block;
                margin: 0px;
            }
            .errorMessage 
            {
                width: 600px;
                color: Red;
                font-weight: bold;
            }
            .stackTrace 
            {
                width: 600px;
                white-space: pre-wrap;
                font-style: italic;
                color: Red;
                display: block;
            }
            table.testEvents
            {
                border: solid 1px #e8eef4;
                border-collapse: collapse;
            }
            table.testEvents td
            {
                vertical-align: top;
                padding: 5px;
                border: solid 1px #e8eef4;
            }
            table.testEvents th
            {
                padding: 6px 5px;
                text-align: left;
                background-color: #e8eef4;
                border: solid 1px #e8eef4;                
            }
            .comment
            {
                font-style: italic;
                font-size: smaller;
            }
            .startupBar
            {
                background-color: #EEEEEE;
                cursor: default;
            }
            
            .colorSucceeded
            {
                background-color: #90ED7B;
            }
            .colorIgnored
            {
                background-color: #FFFF85;
            }
            .colorPending
            {
                background-color: #D47BED;
            }
            .colorNothingToRun
            {
                background-color: #CCCCFF;
            }
            .colorSkipped
            {
                background-color: #CCCCFF;
            }
            .colorInconclusive
            {
                background-color: #7BEDED;
            }
            .colorCleanupFailed
            {
                background-color: #FFCCCC;
            }
            .colorRandomlyFailed
            {
                background-color: #EDB07B;
            }
            .colorFailed
            {
                background-color: #ED5F5F;
            }
            .colorInitializationFailed
            {
                background-color: #FF0000;
            }
            .colorFrameworkError
            {
                background-color: #FF0000;
            }
            ul.subNodeLinks
            {
                padding-left: 20px;
                margin: 0px;
            }
            ul.subNodeLinks li
            {
                list-style: none;
            }
            
            /* views general */
            div.scrollable
            {
                /*overflow: auto; - thsi has to be set from js, because of an IE9 bug */
            }
            div.viewbox
            {
                position: relative;
                border: 3px solid #e8eef4;
            }
            div.viewbox table
            {
                border: 0px;
            }
                        
            /* testview */
            #testview
            {
                padding-top: 23px;
            }
            
            table.testview-items td
            {
                vertical-align: bottom;
                padding: 0px 1px 0px 1px;
            }
            td.right-padding, td.left-padding
            {
                width: 25px;
                min-width: 25px;
            }
            table.testview-items a.bar
            {
                width: 5px;
            }
            table.testview-items tr.testview-items-row
            {
                height: 60px;
            }
            
            /* scale */
            table.vertical-scale 
            {
                position: absolute;
                top: 23px;
                left: 0px;
                width: 100%;
                z-index: -100;
            }
            table.vertical-scale td, tr.horizontal-scale td
            {
                font-size: 60%;
                line-height: normal;
            }
            table.vertical-scale tr.scale-max, table.vertical-scale tr.scale-mid 
            {
                height: 30px;
            }
            tr.horizontal-scale, table.vertical-scale tr.scale-min 
            {
                height: 12px;
            }
            
            td.scale-max-label, td.scale-mid-label, td.scale-min-label
            {
                border-top: solid 1px #E6E6E6;
                text-align: left;
                vertical-align: top;
            }
            td.scale-10-label
            {
                border-left: solid 1px #E6E6E6;
                text-align: left;
                vertical-align: bottom;
                padding-left: 1px;
            }
            tr.scale-mid td, tr.scale-min td, tr.scale-max td
            {
                border-top: solid 1px #E6E6E6;
            }
           
            
            /* bar-control */
            #bar-control
            {
                font-size: 60%;
                line-height: normal;
                position: absolute;
                right: 0px;
                top: 0px;
            }
            #bar-control label
            {
                font-weight: bold;
                vertical-align: middle;
            }
            #bar-control .option
            {
                vertical-align: middle;
                text-transform: lowercase;
            }
            #bar-control input[type="checkbox"]
            {
                padding: 0 2px 0 3px;
            }
            #bar-control input
            {
                vertical-align: top;
                height: 12px;
                margin: 0px;
                padding: 0px;
            }
            #bar-control div
            {
                float: right;
                margin: 3px 5px 3px 5px;
            }
            
            
            /* timeline view */
            #timelineview
            {
                padding-top: 5px;
            }
            table.timelineview a
            {
                height: 20px;
            }
            table.timelineview td
            {
                vertical-align: bottom;
                padding: 0px 1px 0px 0px;
                border: 0px;
            }
            tr.thread-items-row
            {
                height: 25px;
            }
            tr.thread-items-row td
            {
                vertical-align: bottom;
            }
            td.thread-label
            {
                padding: 0px 6px 0px 6px;
                text-align: right;
                line-height: 18px;
                vertical-align: bottom;
            }
            th.thread-label
            {
                padding: 3px 6px 0px 6px;
                line-height: 18px;
                text-align: left;
                vertical-align: bottom;
            }
        </style>
	</head>
	<body>
        <h1>UnitTestProject1 Test Execution Report</h1>
        <ul>
            <li>Project: UnitTestProject1</li>
            <li>Configuration: Default</li>
            <li>Test Assemblies: C:\Users\Kevin Berg\documents\visual studio 2015\Projects\UnitTestProject1\UnitTestProject1\bin\Debug\UnitTestProject1.dll</li>
            <li>Start Time: 1/13/2016 8:12:42 AM</li>
            <li>Duration: 00:00:47.3737586</li>
            <li>Test Threads: 20</li>
        </ul>

        <h2>Result: 13 failed</h2>
        <table class="testEvents">
                <tr>
        <th colspan="2">Success rate</th>
        <th>Tests</th>
        <th>Succeeded</th>
        <th>Failed</th>
        <th>Pending</th>
        <th>Ignored</th>
        <th>Skipped</th>
    </tr>

                <tr>
            <td>
            0%
    </td>
    <td>
        <table class="timelineview" cellpadding="0" cellspacing="0">
            <tr>
                    <td>
                        <a class="bar colorFailed" 
                                style="width: 199px;" 
                                title="13 failed" 
                            href="#error_summary"
                                />
                    </td>
            </tr>
        </table>
    </td>
    <td>13</td>
    <td>0</td>
    <td>13</td>
    <td>0</td>
    <td>0</td>
    <td>0</td>

    </tr>

        </table>
        
        <h2>Test Timeline Summary</h2>
        <div id="timelineview" class="viewbox">
            <div class="scrollable">
                <table cellpadding="0" cellspacing="0">
                    <tr>
                        <th class="thread-label" colspan="2">thread</th>
                    </tr>
                        <tr class="thread-items-row">
                            <td class="thread-label" title="Machine: DESKTOP-N7IQCOC">#0</td>
                            <td colspan="2">
                                <table class="timelineview" cellpadding="0" cellspacing="0">
                                    <tr>
                                            <td>
        <a
            class="bar startupBar" 
            style="width: 3px;" 
                title="test thread startup" 
        >&nbsp;</a>
    </td>

    <td>
        <a
            class="bar colorFailed" 
            style="width: 59px;" 
                title="End to End (in MK end to end test case)" 
                href="#t785844260.0"
        >&nbsp;</a>
    </td>
                                    </tr>
                                </table>
                            </td>
                        </tr>
                        <tr class="thread-items-row">
                            <td class="thread-label" title="Machine: DESKTOP-N7IQCOC">#1</td>
                            <td colspan="2">
                                <table class="timelineview" cellpadding="0" cellspacing="0">
                                    <tr>
                                            <td>
        <a
            class="bar startupBar" 
            style="width: 3px;" 
                title="test thread startup" 
        >&nbsp;</a>
    </td>

    <td>
        <a
            class="bar colorFailed" 
            style="width: 57px;" 
                title="Confirm Alert is Present and Dismiss (in MK Individual Tests)" 
                href="#t162003897.0"
        >&nbsp;</a>
    </td>
                                    </tr>
                                </table>
                            </td>
                        </tr>
                        <tr class="thread-items-row">
                            <td class="thread-label" title="Machine: DESKTOP-N7IQCOC">#2</td>
                            <td colspan="2">
                                <table class="timelineview" cellpadding="0" cellspacing="0">
                                    <tr>
                                            <td>
        <a
            class="bar startupBar" 
            style="width: 3px;" 
                title="test thread startup" 
        >&nbsp;</a>
    </td>

    <td>
        <a
            class="bar colorFailed" 
            style="width: 83px;" 
                title="Search for Paua Shamrock Earrings (in MK Individual Tests)" 
                href="#t-1297465784.0"
        >&nbsp;</a>
    </td>
                                    </tr>
                                </table>
                            </td>
                        </tr>
                        <tr class="thread-items-row">
                            <td class="thread-label" title="Machine: DESKTOP-N7IQCOC">#3</td>
                            <td colspan="2">
                                <table class="timelineview" cellpadding="0" cellspacing="0">
                                    <tr>
                                            <td>
        <a
            class="bar startupBar" 
            style="width: 3px;" 
                title="test thread startup" 
        >&nbsp;</a>
    </td>

    <td>
        <a
            class="bar colorFailed" 
            style="width: 78px;" 
                title="Add Paua Shamrock Earrings to Cart and Confirm Popup Info (in MK Individual Tests)" 
                href="#t118516224.0"
        >&nbsp;</a>
    </td>
                                    </tr>
                                </table>
                            </td>
                        </tr>
                        <tr class="thread-items-row">
                            <td class="thread-label" title="Machine: DESKTOP-N7IQCOC">#4</td>
                            <td colspan="2">
                                <table class="timelineview" cellpadding="0" cellspacing="0">
                                    <tr>
                                            <td>
        <a
            class="bar startupBar" 
            style="width: 3px;" 
                title="test thread startup" 
        >&nbsp;</a>
    </td>

    <td>
        <a
            class="bar colorFailed" 
            style="width: 75px;" 
                title="Add Paua Shamrock Earrings to Cart click Popup and Confirm Shopping Cart Page Load (in MK Individual Tests)" 
                href="#t-78859643.0"
        >&nbsp;</a>
    </td>
                                    </tr>
                                </table>
                            </td>
                        </tr>
                        <tr class="thread-items-row">
                            <td class="thread-label" title="Machine: DESKTOP-N7IQCOC">#5</td>
                            <td colspan="2">
                                <table class="timelineview" cellpadding="0" cellspacing="0">
                                    <tr>
                                            <td>
        <a
            class="bar startupBar" 
            style="width: 3px;" 
                title="test thread startup" 
        >&nbsp;</a>
    </td>

    <td>
        <a
            class="bar colorFailed" 
            style="width: 82px;" 
                title="Verify information on the Shopping Cart Page (in MK Individual Tests)" 
                href="#t1634110217.0"
        >&nbsp;</a>
    </td>
                                    </tr>
                                </table>
                            </td>
                        </tr>
                        <tr class="thread-items-row">
                            <td class="thread-label" title="Machine: DESKTOP-N7IQCOC">#6</td>
                            <td colspan="2">
                                <table class="timelineview" cellpadding="0" cellspacing="0">
                                    <tr>
                                            <td>
        <a
            class="bar startupBar" 
            style="width: 3px;" 
                title="test thread startup" 
        >&nbsp;</a>
    </td>

    <td>
        <a
            class="bar colorFailed" 
            style="width: 75px;" 
                title="Navigate to the Login Page and Verify Checkout as Guest button (in MK Individual Tests)" 
                href="#t-1192265979.0"
        >&nbsp;</a>
    </td>
                                    </tr>
                                </table>
                            </td>
                        </tr>
                        <tr class="thread-items-row">
                            <td class="thread-label" title="Machine: DESKTOP-N7IQCOC">#7</td>
                            <td colspan="2">
                                <table class="timelineview" cellpadding="0" cellspacing="0">
                                    <tr>
                                            <td>
        <a
            class="bar startupBar" 
            style="width: 3px;" 
                title="test thread startup" 
        >&nbsp;</a>
    </td>

    <td>
        <a
            class="bar colorFailed" 
            style="width: 80px;" 
                title="Navigate to CheckoutPage1 (in MK Individual Tests)" 
                href="#t-2104053305.0"
        >&nbsp;</a>
    </td>
                                    </tr>
                                </table>
                            </td>
                        </tr>
                        <tr class="thread-items-row">
                            <td class="thread-label" title="Machine: DESKTOP-N7IQCOC">#8</td>
                            <td colspan="2">
                                <table class="timelineview" cellpadding="0" cellspacing="0">
                                    <tr>
                                            <td>
        <a
            class="bar startupBar" 
            style="width: 3px;" 
                title="test thread startup" 
        >&nbsp;</a>
    </td>

    <td>
        <a
            class="bar colorFailed" 
            style="width: 72px;" 
                title="Complete Checkout Page 1 and Submit (in MK Individual Tests)" 
                href="#t512868338.0"
        >&nbsp;</a>
    </td>
                                    </tr>
                                </table>
                            </td>
                        </tr>
                        <tr class="thread-items-row">
                            <td class="thread-label" title="Machine: DESKTOP-N7IQCOC">#9</td>
                            <td colspan="2">
                                <table class="timelineview" cellpadding="0" cellspacing="0">
                                    <tr>
                                            <td>
        <a
            class="bar startupBar" 
            style="width: 4px;" 
                title="test thread startup" 
        >&nbsp;</a>
    </td>

    <td>
        <a
            class="bar colorFailed" 
            style="width: 85px;" 
                title="Confrim Order Summary information on Checkout Page2 (in MK Individual Tests)" 
                href="#t-381477281.0"
        >&nbsp;</a>
    </td>
                                    </tr>
                                </table>
                            </td>
                        </tr>
                        <tr class="thread-items-row">
                            <td class="thread-label" title="Machine: DESKTOP-N7IQCOC">#10</td>
                            <td colspan="2">
                                <table class="timelineview" cellpadding="0" cellspacing="0">
                                    <tr>
                                            <td>
        <a
            class="bar startupBar" 
            style="width: 4px;" 
                title="test thread startup" 
        >&nbsp;</a>
    </td>

    <td>
        <a
            class="bar colorFailed" 
            style="width: 62px;" 
                title="Complete Payment Information and Submit Order (in MK Individual Tests)" 
                href="#t-2076185334.0"
        >&nbsp;</a>
    </td>
                                    </tr>
                                </table>
                            </td>
                        </tr>
                        <tr class="thread-items-row">
                            <td class="thread-label" title="Machine: DESKTOP-N7IQCOC">#11</td>
                            <td colspan="2">
                                <table class="timelineview" cellpadding="0" cellspacing="0">
                                    <tr>
                                            <td>
        <a
            class="bar startupBar" 
            style="width: 5px;" 
                title="test thread startup" 
        >&nbsp;</a>
    </td>

    <td>
        <a
            class="bar colorFailed" 
            style="width: 67px;" 
                title="Dismiss all the Popup windows to get to the receipt page (in MK Individual Tests)" 
                href="#t-122693259.0"
        >&nbsp;</a>
    </td>
                                    </tr>
                                </table>
                            </td>
                        </tr>
                        <tr class="thread-items-row">
                            <td class="thread-label" title="Machine: DESKTOP-N7IQCOC">#12</td>
                            <td colspan="2">
                                <table class="timelineview" cellpadding="0" cellspacing="0">
                                    <tr>
                                            <td>
        <a
            class="bar startupBar" 
            style="width: 6px;" 
                title="test thread startup" 
        >&nbsp;</a>
    </td>

    <td>
        <a
            class="bar colorFailed" 
            style="width: 71px;" 
                title="Confirm information on the Receipt Page (in MK Individual Tests)" 
                href="#t1882691919.0"
        >&nbsp;</a>
    </td>
                                    </tr>
                                </table>
                            </td>
                        </tr>
                        <tr class="thread-items-row">
                            <td class="thread-label" title="Machine: DESKTOP-N7IQCOC">#13</td>
                            <td colspan="2">
                                <table class="timelineview" cellpadding="0" cellspacing="0">
                                    <tr>
                                            <td>
        <a
            class="bar startupBar" 
            style="width: 7px;" 
                title="test thread startup" 
        >&nbsp;</a>
    </td>

                                    </tr>
                                </table>
                            </td>
                        </tr>
                        <tr class="thread-items-row">
                            <td class="thread-label" title="Machine: DESKTOP-N7IQCOC">#14</td>
                            <td colspan="2">
                                <table class="timelineview" cellpadding="0" cellspacing="0">
                                    <tr>
                                            <td>
        <a
            class="bar startupBar" 
            style="width: 7px;" 
                title="test thread startup" 
        >&nbsp;</a>
    </td>

                                    </tr>
                                </table>
                            </td>
                        </tr>
                        <tr class="thread-items-row">
                            <td class="thread-label" title="Machine: DESKTOP-N7IQCOC">#15</td>
                            <td colspan="2">
                                <table class="timelineview" cellpadding="0" cellspacing="0">
                                    <tr>
                                            <td>
        <a
            class="bar startupBar" 
            style="width: 7px;" 
                title="test thread startup" 
        >&nbsp;</a>
    </td>

                                    </tr>
                                </table>
                            </td>
                        </tr>
                        <tr class="thread-items-row">
                            <td class="thread-label" title="Machine: DESKTOP-N7IQCOC">#16</td>
                            <td colspan="2">
                                <table class="timelineview" cellpadding="0" cellspacing="0">
                                    <tr>
                                            <td>
        <a
            class="bar startupBar" 
            style="width: 8px;" 
                title="test thread startup" 
        >&nbsp;</a>
    </td>

                                    </tr>
                                </table>
                            </td>
                        </tr>
                        <tr class="thread-items-row">
                            <td class="thread-label" title="Machine: DESKTOP-N7IQCOC">#17</td>
                            <td colspan="2">
                                <table class="timelineview" cellpadding="0" cellspacing="0">
                                    <tr>
                                            <td>
        <a
            class="bar startupBar" 
            style="width: 9px;" 
                title="test thread startup" 
        >&nbsp;</a>
    </td>

                                    </tr>
                                </table>
                            </td>
                        </tr>
                        <tr class="thread-items-row">
                            <td class="thread-label" title="Machine: DESKTOP-N7IQCOC">#18</td>
                            <td colspan="2">
                                <table class="timelineview" cellpadding="0" cellspacing="0">
                                    <tr>
                                            <td>
        <a
            class="bar startupBar" 
            style="width: 10px;" 
                title="test thread startup" 
        >&nbsp;</a>
    </td>

                                    </tr>
                                </table>
                            </td>
                        </tr>
                        <tr class="thread-items-row">
                            <td class="thread-label" title="Machine: DESKTOP-N7IQCOC">#19</td>
                            <td colspan="2">
                                <table class="timelineview" cellpadding="0" cellspacing="0">
                                    <tr>
                                            <td>
        <a
            class="bar startupBar" 
            style="width: 11px;" 
                title="test thread startup" 
        >&nbsp;</a>
    </td>

                                    </tr>
                                </table>
                            </td>
                        </tr>
                    <tr class="horizontal-scale">
                        <td>&nbsp;</td>
                            <td class="scale-10-label" style="width: 69px;min-width: 69px;">0s</td>
                        <td class="scale-10-label">36s</td>
                    </tr>
                </table>
            </div>
        </div>

        <h2>Test Result View</h2>
        <div id="testview" class="viewbox">
            <div id="bar-control">
                <div id="bar-control-sort">
                    <label>sort by:</label>
                    <span class="option"><input type="radio" name="barSortOrder" value="exectime" />Time</span>
                    <span class="option"><input type="radio" name="barSortOrder" value="acttime" />Act Time</span>
                    <span class="option"><input type="radio" name="barSortOrder" value="order" />Execution</span>
                    <span class="option"><input type="radio" name="barSortOrder" value="rescode" checked="checked" />Result</span>
                    <span class="option"><input type="checkbox" name="barSortDesc" id="barSortDesc" checked="checked" />desc</span>
                </div>
                <div id="bar-control-heights">
                    <label>heights:</label>
                    <span class="option"><input type="radio" checked="checked" name="barHeight" value="exectime" />Time</span>
                    <span class="option"><input type="radio" name="barHeight" value="acttime" />Act Time</span>
                    
                </div>
            </div>
            <table class="vertical-scale" cellpadding="0" cellspacing="0">
                <tr class="scale-max">
                    <td class="left-padding scale-max-label">&nbsp;</td>
                    <td colspan="13">&nbsp;</td>
                    <td class="right-padding">&nbsp;</td>
                </tr>
                <tr class="scale-mid">
                    <td class="left-padding scale-mid-label">&nbsp;</td>
                    <td colspan="13">&nbsp;</td>
                    <td class="right-padding">&nbsp;</td>
                </tr>
                <tr class="scale-min">
                    <td class="left-padding scale-min-label">&nbsp;</td>
                    <td colspan="13">&nbsp;</td>
                    <td class="right-padding">&nbsp;</td>
                </tr>
            </table>
            <div class="scrollable">
                <table class="testview-items" cellpadding="0" cellspacing="0">
                    <tr class="testview-items-row">
                        <td class="left-padding">&nbsp;</td>
    <td class="testview-item" 
        data-sr-exectime="32.8969187" data-sr-rescode="440" data-sr-order="0" data-sr-acttime="0.0">
        <a
            class="bar colorFailed" 
            style="height: 44px;"
            title="End to End (in MK end to end test case)"
            href="#t785844260.0">&nbsp;</a>
    </td>
    <td class="testview-item" 
        data-sr-exectime="32.0528678" data-sr-rescode="440" data-sr-order="1" data-sr-acttime="0.014">
        <a
            class="bar colorFailed" 
            style="height: 42px;"
            title="Confirm Alert is Present and Dismiss (in MK Individual Tests)"
            href="#t162003897.0">&nbsp;</a>
    </td>
    <td class="testview-item" 
        data-sr-exectime="45.333625" data-sr-rescode="440" data-sr-order="2" data-sr-acttime="0.015">
        <a
            class="bar colorFailed" 
            style="height: 60px;"
            title="Search for Paua Shamrock Earrings (in MK Individual Tests)"
            href="#t-1297465784.0">&nbsp;</a>
    </td>
    <td class="testview-item" 
        data-sr-exectime="42.3284598" data-sr-rescode="440" data-sr-order="3" data-sr-acttime="0.013">
        <a
            class="bar colorFailed" 
            style="height: 56px;"
            title="Add Paua Shamrock Earrings to Cart and Confirm Popup Info (in MK Individual Tests)"
            href="#t118516224.0">&nbsp;</a>
    </td>
    <td class="testview-item" 
        data-sr-exectime="40.7093622" data-sr-rescode="440" data-sr-order="4" data-sr-acttime="0.013">
        <a
            class="bar colorFailed" 
            style="height: 54px;"
            title="Add Paua Shamrock Earrings to Cart click Popup and Confirm Shopping Cart Page Load (in MK Individual Tests)"
            href="#t-78859643.0">&nbsp;</a>
    </td>
    <td class="testview-item" 
        data-sr-exectime="43.7845379" data-sr-rescode="440" data-sr-order="5" data-sr-acttime="0.0">
        <a
            class="bar colorFailed" 
            style="height: 58px;"
            title="Verify information on the Shopping Cart Page (in MK Individual Tests)"
            href="#t1634110217.0">&nbsp;</a>
    </td>
    <td class="testview-item" 
        data-sr-exectime="39.7792955" data-sr-rescode="440" data-sr-order="6" data-sr-acttime="0.017">
        <a
            class="bar colorFailed" 
            style="height: 53px;"
            title="Navigate to the Login Page and Verify Checkout as Guest button (in MK Individual Tests)"
            href="#t-1192265979.0">&nbsp;</a>
    </td>
    <td class="testview-item" 
        data-sr-exectime="42.2604358" data-sr-rescode="440" data-sr-order="7" data-sr-acttime="0.013">
        <a
            class="bar colorFailed" 
            style="height: 56px;"
            title="Navigate to CheckoutPage1 (in MK Individual Tests)"
            href="#t-2104053305.0">&nbsp;</a>
    </td>
    <td class="testview-item" 
        data-sr-exectime="37.6391682" data-sr-rescode="440" data-sr-order="8" data-sr-acttime="0.016">
        <a
            class="bar colorFailed" 
            style="height: 50px;"
            title="Complete Checkout Page 1 and Submit (in MK Individual Tests)"
            href="#t512868338.0">&nbsp;</a>
    </td>
    <td class="testview-item" 
        data-sr-exectime="44.3165525" data-sr-rescode="440" data-sr-order="9" data-sr-acttime="0.0">
        <a
            class="bar colorFailed" 
            style="height: 59px;"
            title="Confrim Order Summary information on Checkout Page2 (in MK Individual Tests)"
            href="#t-381477281.0">&nbsp;</a>
    </td>
    <td class="testview-item" 
        data-sr-exectime="32.4748723" data-sr-rescode="440" data-sr-order="10" data-sr-acttime="0.02">
        <a
            class="bar colorFailed" 
            style="height: 43px;"
            title="Complete Payment Information and Submit Order (in MK Individual Tests)"
            href="#t-2076185334.0">&nbsp;</a>
    </td>
    <td class="testview-item" 
        data-sr-exectime="35.5470474" data-sr-rescode="440" data-sr-order="11" data-sr-acttime="0.016">
        <a
            class="bar colorFailed" 
            style="height: 47px;"
            title="Dismiss all the Popup windows to get to the receipt page (in MK Individual Tests)"
            href="#t-122693259.0">&nbsp;</a>
    </td>
    <td class="testview-item" 
        data-sr-exectime="37.6681706" data-sr-rescode="440" data-sr-order="12" data-sr-acttime="0.013">
        <a
            class="bar colorFailed" 
            style="height: 50px;"
            title="Confirm information on the Receipt Page (in MK Individual Tests)"
            href="#t1882691919.0">&nbsp;</a>
    </td>
                        <td class="right-padding">&nbsp;</td>
                    </tr>
                    <tr class="horizontal-scale">
                        <td class="left-padding">&nbsp;</td>
                        <td colspan="10">&nbsp;</td>
                    </tr>
                </table>
            </div>
        </div>

        <h2>Feature Summary</h2>
        <table class="testEvents">
                <tr>
            <th>Feature</th>
        <th colspan="2">Success rate</th>
        <th>Tests</th>
        <th>Succeeded</th>
        <th>Failed</th>
        <th>Pending</th>
        <th>Ignored</th>
        <th>Skipped</th>
    </tr>

    <tr>
            <td><a href="#f-1094047952">MK end to end test case</a></td>
            <td>
            0%
    </td>
    <td>
        <table class="timelineview" cellpadding="0" cellspacing="0">
            <tr>
                    <td>
                        <a class="bar colorFailed" 
                                style="width: 199px;" 
                                title="1 failed" 
                            href="#error_summary"
                                />
                    </td>
            </tr>
        </table>
    </td>
    <td>1</td>
    <td>0</td>
    <td>1</td>
    <td>0</td>
    <td>0</td>
    <td>0</td>

    </tr>
    <tr>
            <td><a href="#f-1729506386">MK Individual Tests</a></td>
            <td>
            0%
    </td>
    <td>
        <table class="timelineview" cellpadding="0" cellspacing="0">
            <tr>
                    <td>
                        <a class="bar colorFailed" 
                                style="width: 199px;" 
                                title="12 failed" 
                            href="#error_summary"
                                />
                    </td>
            </tr>
        </table>
    </td>
    <td>12</td>
    <td>0</td>
    <td>12</td>
    <td>0</td>
    <td>0</td>
    <td>0</td>

    </tr>
        </table>

        <a name="error_summary" />
        <h2>Error Summary</h2>
        <table class="testEvents">
                <tr>
            <th>Test</th>
        <th colspan="2">Success rate</th>
        <th>Tests</th>
        <th>Succeeded</th>
        <th>Failed</th>
        <th>Pending</th>
        <th>Ignored</th>
        <th>Skipped</th>
    </tr>

                <tr>
                    <td>
                        <a href="#t785844260.0">End to End (in UnitTestProject1, MK end to end test case)</a>
                    </td>
                        <td>
            0%
    </td>
    <td>
        <table class="timelineview" cellpadding="0" cellspacing="0">
            <tr>
                    <td>
                        <a class="bar colorFailed" 
                                style="width: 199px;" 
                                title="1 failed" 
                            href="#error_summary"
                                />
                    </td>
            </tr>
        </table>
    </td>
    <td>1</td>
    <td>0</td>
    <td>1</td>
    <td>0</td>
    <td>0</td>
    <td>0</td>

                </tr>
                <tr>
                    <td colspan="9" style="padding-left: 20px;"><div class="errorMessage">Error: This is not the correct page</div></td>
                </tr>
                <tr>
                    <td>
                        <a href="#t162003897.0">Confirm Alert is Present and Dismiss (in UnitTestProject1, MK Individual Tests)</a>
                    </td>
                        <td>
            0%
    </td>
    <td>
        <table class="timelineview" cellpadding="0" cellspacing="0">
            <tr>
                    <td>
                        <a class="bar colorFailed" 
                                style="width: 199px;" 
                                title="1 failed" 
                            href="#error_summary"
                                />
                    </td>
            </tr>
        </table>
    </td>
    <td>1</td>
    <td>0</td>
    <td>1</td>
    <td>0</td>
    <td>0</td>
    <td>0</td>

                </tr>
                <tr>
                    <td colspan="9" style="padding-left: 20px;"><div class="errorMessage">Error: This is not the correct page</div></td>
                </tr>
                <tr>
                    <td>
                        <a href="#t-1297465784.0">Search for Paua Shamrock Earrings (in UnitTestProject1, MK Individual Tests)</a>
                    </td>
                        <td>
            0%
    </td>
    <td>
        <table class="timelineview" cellpadding="0" cellspacing="0">
            <tr>
                    <td>
                        <a class="bar colorFailed" 
                                style="width: 199px;" 
                                title="1 failed" 
                            href="#error_summary"
                                />
                    </td>
            </tr>
        </table>
    </td>
    <td>1</td>
    <td>0</td>
    <td>1</td>
    <td>0</td>
    <td>0</td>
    <td>0</td>

                </tr>
                <tr>
                    <td colspan="9" style="padding-left: 20px;"><div class="errorMessage">Error: This is not the correct page</div></td>
                </tr>
                <tr>
                    <td>
                        <a href="#t118516224.0">Add Paua Shamrock Earrings to Cart and Confirm Popup Info (in UnitTestProject1, MK Individual Tests)</a>
                    </td>
                        <td>
            0%
    </td>
    <td>
        <table class="timelineview" cellpadding="0" cellspacing="0">
            <tr>
                    <td>
                        <a class="bar colorFailed" 
                                style="width: 199px;" 
                                title="1 failed" 
                            href="#error_summary"
                                />
                    </td>
            </tr>
        </table>
    </td>
    <td>1</td>
    <td>0</td>
    <td>1</td>
    <td>0</td>
    <td>0</td>
    <td>0</td>

                </tr>
                <tr>
                    <td colspan="9" style="padding-left: 20px;"><div class="errorMessage">Error: This is not the correct page</div></td>
                </tr>
                <tr>
                    <td>
                        <a href="#t-78859643.0">Add Paua Shamrock Earrings to Cart click Popup and Confirm Shopping Cart Page Load (in UnitTestProject1, MK Individual Tests)</a>
                    </td>
                        <td>
            0%
    </td>
    <td>
        <table class="timelineview" cellpadding="0" cellspacing="0">
            <tr>
                    <td>
                        <a class="bar colorFailed" 
                                style="width: 199px;" 
                                title="1 failed" 
                            href="#error_summary"
                                />
                    </td>
            </tr>
        </table>
    </td>
    <td>1</td>
    <td>0</td>
    <td>1</td>
    <td>0</td>
    <td>0</td>
    <td>0</td>

                </tr>
                <tr>
                    <td colspan="9" style="padding-left: 20px;"><div class="errorMessage">Error: This is not the correct page</div></td>
                </tr>
                <tr>
                    <td>
                        <a href="#t1634110217.0">Verify information on the Shopping Cart Page (in UnitTestProject1, MK Individual Tests)</a>
                    </td>
                        <td>
            0%
    </td>
    <td>
        <table class="timelineview" cellpadding="0" cellspacing="0">
            <tr>
                    <td>
                        <a class="bar colorFailed" 
                                style="width: 199px;" 
                                title="1 failed" 
                            href="#error_summary"
                                />
                    </td>
            </tr>
        </table>
    </td>
    <td>1</td>
    <td>0</td>
    <td>1</td>
    <td>0</td>
    <td>0</td>
    <td>0</td>

                </tr>
                <tr>
                    <td colspan="9" style="padding-left: 20px;"><div class="errorMessage">Error: This is not the correct page</div></td>
                </tr>
                <tr>
                    <td>
                        <a href="#t-1192265979.0">Navigate to the Login Page and Verify Checkout as Guest button (in UnitTestProject1, MK Individual Tests)</a>
                    </td>
                        <td>
            0%
    </td>
    <td>
        <table class="timelineview" cellpadding="0" cellspacing="0">
            <tr>
                    <td>
                        <a class="bar colorFailed" 
                                style="width: 199px;" 
                                title="1 failed" 
                            href="#error_summary"
                                />
                    </td>
            </tr>
        </table>
    </td>
    <td>1</td>
    <td>0</td>
    <td>1</td>
    <td>0</td>
    <td>0</td>
    <td>0</td>

                </tr>
                <tr>
                    <td colspan="9" style="padding-left: 20px;"><div class="errorMessage">Error: This is not the correct page</div></td>
                </tr>
                <tr>
                    <td>
                        <a href="#t-2104053305.0">Navigate to CheckoutPage1 (in UnitTestProject1, MK Individual Tests)</a>
                    </td>
                        <td>
            0%
    </td>
    <td>
        <table class="timelineview" cellpadding="0" cellspacing="0">
            <tr>
                    <td>
                        <a class="bar colorFailed" 
                                style="width: 199px;" 
                                title="1 failed" 
                            href="#error_summary"
                                />
                    </td>
            </tr>
        </table>
    </td>
    <td>1</td>
    <td>0</td>
    <td>1</td>
    <td>0</td>
    <td>0</td>
    <td>0</td>

                </tr>
                <tr>
                    <td colspan="9" style="padding-left: 20px;"><div class="errorMessage">Error: This is not the correct page</div></td>
                </tr>
                <tr>
                    <td>
                        <a href="#t512868338.0">Complete Checkout Page 1 and Submit (in UnitTestProject1, MK Individual Tests)</a>
                    </td>
                        <td>
            0%
    </td>
    <td>
        <table class="timelineview" cellpadding="0" cellspacing="0">
            <tr>
                    <td>
                        <a class="bar colorFailed" 
                                style="width: 199px;" 
                                title="1 failed" 
                            href="#error_summary"
                                />
                    </td>
            </tr>
        </table>
    </td>
    <td>1</td>
    <td>0</td>
    <td>1</td>
    <td>0</td>
    <td>0</td>
    <td>0</td>

                </tr>
                <tr>
                    <td colspan="9" style="padding-left: 20px;"><div class="errorMessage">Error: This is not the correct page</div></td>
                </tr>
                <tr>
                    <td>
                        <a href="#t-381477281.0">Confrim Order Summary information on Checkout Page2 (in UnitTestProject1, MK Individual Tests)</a>
                    </td>
                        <td>
            0%
    </td>
    <td>
        <table class="timelineview" cellpadding="0" cellspacing="0">
            <tr>
                    <td>
                        <a class="bar colorFailed" 
                                style="width: 199px;" 
                                title="1 failed" 
                            href="#error_summary"
                                />
                    </td>
            </tr>
        </table>
    </td>
    <td>1</td>
    <td>0</td>
    <td>1</td>
    <td>0</td>
    <td>0</td>
    <td>0</td>

                </tr>
                <tr>
                    <td colspan="9" style="padding-left: 20px;"><div class="errorMessage">Error: This is not the correct page</div></td>
                </tr>
                <tr>
                    <td>
                        <a href="#t-2076185334.0">Complete Payment Information and Submit Order (in UnitTestProject1, MK Individual Tests)</a>
                    </td>
                        <td>
            0%
    </td>
    <td>
        <table class="timelineview" cellpadding="0" cellspacing="0">
            <tr>
                    <td>
                        <a class="bar colorFailed" 
                                style="width: 199px;" 
                                title="1 failed" 
                            href="#error_summary"
                                />
                    </td>
            </tr>
        </table>
    </td>
    <td>1</td>
    <td>0</td>
    <td>1</td>
    <td>0</td>
    <td>0</td>
    <td>0</td>

                </tr>
                <tr>
                    <td colspan="9" style="padding-left: 20px;"><div class="errorMessage">Error: This is not the correct page</div></td>
                </tr>
                <tr>
                    <td>
                        <a href="#t-122693259.0">Dismiss all the Popup windows to get to the receipt page (in UnitTestProject1, MK Individual Tests)</a>
                    </td>
                        <td>
            0%
    </td>
    <td>
        <table class="timelineview" cellpadding="0" cellspacing="0">
            <tr>
                    <td>
                        <a class="bar colorFailed" 
                                style="width: 199px;" 
                                title="1 failed" 
                            href="#error_summary"
                                />
                    </td>
            </tr>
        </table>
    </td>
    <td>1</td>
    <td>0</td>
    <td>1</td>
    <td>0</td>
    <td>0</td>
    <td>0</td>

                </tr>
                <tr>
                    <td colspan="9" style="padding-left: 20px;"><div class="errorMessage">Error: This is not the correct page</div></td>
                </tr>
                <tr>
                    <td>
                        <a href="#t1882691919.0">Confirm information on the Receipt Page (in UnitTestProject1, MK Individual Tests)</a>
                    </td>
                        <td>
            0%
    </td>
    <td>
        <table class="timelineview" cellpadding="0" cellspacing="0">
            <tr>
                    <td>
                        <a class="bar colorFailed" 
                                style="width: 199px;" 
                                title="1 failed" 
                            href="#error_summary"
                                />
                    </td>
            </tr>
        </table>
    </td>
    <td>1</td>
    <td>0</td>
    <td>1</td>
    <td>0</td>
    <td>0</td>
    <td>0</td>

                </tr>
                <tr>
                    <td colspan="9" style="padding-left: 20px;"><div class="errorMessage">Error: This is not the correct page</div></td>
                </tr>
        </table>

        <h2>Scenario Summary</h2>
            <a name="f-1094047952" />
            <h3>Feature: MK end to end test case</h3>
                <div class="description">
                    Tests the entire flow from beginning to end
                </div>
            <table class="testEvents">
                    <tr>
            <th>Test</th>
        <th colspan="2">Success rate</th>
        <th>Tests</th>
        <th>Succeeded</th>
        <th>Failed</th>
        <th>Pending</th>
        <th>Ignored</th>
        <th>Skipped</th>
    </tr>

                    <tr>
                        <td>
                                    <a href="#t785844260.0">Scenario: End to End</a>

                        </td>
                            <td>
            0%
    </td>
    <td>
        <table class="timelineview" cellpadding="0" cellspacing="0">
            <tr>
                    <td>
                        <a class="bar colorFailed" 
                                style="width: 199px;" 
                                title="1 failed" 
                            href="#error_summary"
                                />
                    </td>
            </tr>
        </table>
    </td>
    <td>1</td>
    <td>0</td>
    <td>1</td>
    <td>0</td>
    <td>0</td>
    <td>0</td>

                    </tr>
            </table>
            <a name="f-1729506386" />
            <h3>Feature: MK Individual Tests</h3>
                <div class="description">
                    Scenarios designed to test single aspect of the Miles Kimball Website
                </div>
            <table class="testEvents">
                    <tr>
            <th>Test</th>
        <th colspan="2">Success rate</th>
        <th>Tests</th>
        <th>Succeeded</th>
        <th>Failed</th>
        <th>Pending</th>
        <th>Ignored</th>
        <th>Skipped</th>
    </tr>

                    <tr>
                        <td>
                                    <a href="#t162003897.0">Scenario: Confirm Alert is Present and Dismiss</a>

                        </td>
                            <td>
            0%
    </td>
    <td>
        <table class="timelineview" cellpadding="0" cellspacing="0">
            <tr>
                    <td>
                        <a class="bar colorFailed" 
                                style="width: 199px;" 
                                title="1 failed" 
                            href="#error_summary"
                                />
                    </td>
            </tr>
        </table>
    </td>
    <td>1</td>
    <td>0</td>
    <td>1</td>
    <td>0</td>
    <td>0</td>
    <td>0</td>

                    </tr>
                    <tr>
                        <td>
                                    <a href="#t-1297465784.0">Scenario: Search for Paua Shamrock Earrings</a>

                        </td>
                            <td>
            0%
    </td>
    <td>
        <table class="timelineview" cellpadding="0" cellspacing="0">
            <tr>
                    <td>
                        <a class="bar colorFailed" 
                                style="width: 199px;" 
                                title="1 failed" 
                            href="#error_summary"
                                />
                    </td>
            </tr>
        </table>
    </td>
    <td>1</td>
    <td>0</td>
    <td>1</td>
    <td>0</td>
    <td>0</td>
    <td>0</td>

                    </tr>
                    <tr>
                        <td>
                                    <a href="#t118516224.0">Scenario: Add Paua Shamrock Earrings to Cart and Confirm Popup Info</a>

                        </td>
                            <td>
            0%
    </td>
    <td>
        <table class="timelineview" cellpadding="0" cellspacing="0">
            <tr>
                    <td>
                        <a class="bar colorFailed" 
                                style="width: 199px;" 
                                title="1 failed" 
                            href="#error_summary"
                                />
                    </td>
            </tr>
        </table>
    </td>
    <td>1</td>
    <td>0</td>
    <td>1</td>
    <td>0</td>
    <td>0</td>
    <td>0</td>

                    </tr>
                    <tr>
                        <td>
                                    <a href="#t-78859643.0">Scenario: Add Paua Shamrock Earrings to Cart click Popup and Confirm Shopping Cart Page Load</a>

                        </td>
                            <td>
            0%
    </td>
    <td>
        <table class="timelineview" cellpadding="0" cellspacing="0">
            <tr>
                    <td>
                        <a class="bar colorFailed" 
                                style="width: 199px;" 
                                title="1 failed" 
                            href="#error_summary"
                                />
                    </td>
            </tr>
        </table>
    </td>
    <td>1</td>
    <td>0</td>
    <td>1</td>
    <td>0</td>
    <td>0</td>
    <td>0</td>

                    </tr>
                    <tr>
                        <td>
                                    <a href="#t1634110217.0">Scenario: Verify information on the Shopping Cart Page</a>

                        </td>
                            <td>
            0%
    </td>
    <td>
        <table class="timelineview" cellpadding="0" cellspacing="0">
            <tr>
                    <td>
                        <a class="bar colorFailed" 
                                style="width: 199px;" 
                                title="1 failed" 
                            href="#error_summary"
                                />
                    </td>
            </tr>
        </table>
    </td>
    <td>1</td>
    <td>0</td>
    <td>1</td>
    <td>0</td>
    <td>0</td>
    <td>0</td>

                    </tr>
                    <tr>
                        <td>
                                    <a href="#t-1192265979.0">Scenario: Navigate to the Login Page and Verify Checkout as Guest button</a>

                        </td>
                            <td>
            0%
    </td>
    <td>
        <table class="timelineview" cellpadding="0" cellspacing="0">
            <tr>
                    <td>
                        <a class="bar colorFailed" 
                                style="width: 199px;" 
                                title="1 failed" 
                            href="#error_summary"
                                />
                    </td>
            </tr>
        </table>
    </td>
    <td>1</td>
    <td>0</td>
    <td>1</td>
    <td>0</td>
    <td>0</td>
    <td>0</td>

                    </tr>
                    <tr>
                        <td>
                                    <a href="#t-2104053305.0">Scenario: Navigate to CheckoutPage1</a>

                        </td>
                            <td>
            0%
    </td>
    <td>
        <table class="timelineview" cellpadding="0" cellspacing="0">
            <tr>
                    <td>
                        <a class="bar colorFailed" 
                                style="width: 199px;" 
                                title="1 failed" 
                            href="#error_summary"
                                />
                    </td>
            </tr>
        </table>
    </td>
    <td>1</td>
    <td>0</td>
    <td>1</td>
    <td>0</td>
    <td>0</td>
    <td>0</td>

                    </tr>
                    <tr>
                        <td>
                                    <a href="#t512868338.0">Scenario: Complete Checkout Page 1 and Submit</a>

                        </td>
                            <td>
            0%
    </td>
    <td>
        <table class="timelineview" cellpadding="0" cellspacing="0">
            <tr>
                    <td>
                        <a class="bar colorFailed" 
                                style="width: 199px;" 
                                title="1 failed" 
                            href="#error_summary"
                                />
                    </td>
            </tr>
        </table>
    </td>
    <td>1</td>
    <td>0</td>
    <td>1</td>
    <td>0</td>
    <td>0</td>
    <td>0</td>

                    </tr>
                    <tr>
                        <td>
                                    <a href="#t-381477281.0">Scenario: Confrim Order Summary information on Checkout Page2</a>

                        </td>
                            <td>
            0%
    </td>
    <td>
        <table class="timelineview" cellpadding="0" cellspacing="0">
            <tr>
                    <td>
                        <a class="bar colorFailed" 
                                style="width: 199px;" 
                                title="1 failed" 
                            href="#error_summary"
                                />
                    </td>
            </tr>
        </table>
    </td>
    <td>1</td>
    <td>0</td>
    <td>1</td>
    <td>0</td>
    <td>0</td>
    <td>0</td>

                    </tr>
                    <tr>
                        <td>
                                    <a href="#t-2076185334.0">Scenario: Complete Payment Information and Submit Order</a>

                        </td>
                            <td>
            0%
    </td>
    <td>
        <table class="timelineview" cellpadding="0" cellspacing="0">
            <tr>
                    <td>
                        <a class="bar colorFailed" 
                                style="width: 199px;" 
                                title="1 failed" 
                            href="#error_summary"
                                />
                    </td>
            </tr>
        </table>
    </td>
    <td>1</td>
    <td>0</td>
    <td>1</td>
    <td>0</td>
    <td>0</td>
    <td>0</td>

                    </tr>
                    <tr>
                        <td>
                                    <a href="#t-122693259.0">Scenario: Dismiss all the Popup windows to get to the receipt page</a>

                        </td>
                            <td>
            0%
    </td>
    <td>
        <table class="timelineview" cellpadding="0" cellspacing="0">
            <tr>
                    <td>
                        <a class="bar colorFailed" 
                                style="width: 199px;" 
                                title="1 failed" 
                            href="#error_summary"
                                />
                    </td>
            </tr>
        </table>
    </td>
    <td>1</td>
    <td>0</td>
    <td>1</td>
    <td>0</td>
    <td>0</td>
    <td>0</td>

                    </tr>
                    <tr>
                        <td>
                                    <a href="#t1882691919.0">Scenario: Confirm information on the Receipt Page</a>

                        </td>
                            <td>
            0%
    </td>
    <td>
        <table class="timelineview" cellpadding="0" cellspacing="0">
            <tr>
                    <td>
                        <a class="bar colorFailed" 
                                style="width: 199px;" 
                                title="1 failed" 
                            href="#error_summary"
                                />
                    </td>
            </tr>
        </table>
    </td>
    <td>1</td>
    <td>0</td>
    <td>1</td>
    <td>0</td>
    <td>0</td>
    <td>0</td>

                    </tr>
            </table>

        <h2>Execution Details</h2>
            <a name="t785844260.0" />
            <h3>Scenario: End to End (in UnitTestProject1, MK end to end test case)</h3>
            <ul>
                <li>Status: Failed</li>
                <li>Start time: 1/13/2016 8:12:42 AM</li>
                <li>Execution time (sec): 32.8969187</li>
                <li>Thread: #0</li>
                <li>Error: This is not the correct page</li>
            </ul>
            <table class="testEvents">
                <tr>
                    <th>Steps</th>
                    <th>Trace</th>
                    <th>Result</th>
                </tr>
                    <tr>
                        <td>
                            <pre class="log">Given I am on the Miles Kimball website</pre>
                        </td>
                        <td>
                            <!--[TestArrange: Scenario - End to End]-->
                            <pre class="log">error: This is not the correct page</pre>
                                <div class="errorMessage">This is not the correct page</div>
                                <pre class="stackTrace">OpenQA.Selenium.InvalidElementStateException: This is not the correct page
   at UnitTestProject1.PageObjects.Pages.MKHomePage..ctor(IWebDriver webDriver) in C:\Users\Kevin Berg\documents\visual studio 2015\Projects\UnitTestProject1\UnitTestProject1\PageObjects\Pages\MKHomePage.cs:line 30
   at UnitTestProject1.MKEndToEndTestCaseSteps.GivenIAmOnTheMilesKimballWebsite() in C:\Users\Kevin Berg\documents\visual studio 2015\Projects\UnitTestProject1\UnitTestProject1\MKEndToEndTestCaseSteps.cs:line 22
   at lambda_method(Closure , IContextManager )
   at TechTalk.SpecFlow.Bindings.BindingInvoker.InvokeBinding(IBinding binding, IContextManager contextManager, Object[] arguments, ITestTracer testTracer, TimeSpan&amp; duration)
   at TechTalk.SpecFlow.Infrastructure.TestExecutionEngine.ExecuteStepMatch(BindingMatch match, Object[] arguments)
   at TechTalk.SpecFlow.Infrastructure.TestExecutionEngine.ExecuteStep(StepInstance stepInstance)
   at TechTalk.SpecFlow.Infrastructure.TestExecutionEngine.OnAfterLastStep()
   at TechTalk.SpecFlow.TestRunner.CollectScenarioErrors()
   at UnitTestProject1.MKEndToEndTestCaseFeature.ScenarioCleanup() in C:\Users\Kevin Berg\documents\visual studio 2015\Projects\UnitTestProject1\UnitTestProject1\MKEndToEnd.feature.cs:line 0
   at UnitTestProject1.MKEndToEndTestCaseFeature.EndToEnd() in C:\Users\Kevin Berg\documents\visual studio 2015\Projects\UnitTestProject1\UnitTestProject1\MKEndToEnd.feature:line 18
   at TechTalk.SpecRun.Framework.TaskExecutors.StaticOrInstanceMethodExecutor.ExecuteInternal(ITestThreadExecutionContext testThreadExecutionContext) in c:\TeamCity\buildAgent\work\1ace6ed01d0a43bb\TechTalk.SpecRun.Framework.Interfaces\TaskExecutors\StaticOrInstanceMethodExecutor.cs:line 40
   at TechTalk.SpecRun.Framework.TaskExecutors.StaticOrInstanceMethodExecutor.Execute(ITestThreadExecutionContext testThreadExecutionContext) in c:\TeamCity\buildAgent\work\1ace6ed01d0a43bb\TechTalk.SpecRun.Framework.Interfaces\TaskExecutors\StaticOrInstanceMethodExecutor.cs:line 21
   at TechTalk.SpecRun.Framework.TestAssemblyExecutor.ExecuteTestNodeTask(TestNode testNode, ITaskExecutor task, TraceEventType eventType) in c:\TeamCity\buildAgent\work\1ace6ed01d0a43bb\TechTalk.SpecRun.Framework.Executor\TestAssemblyExecutor.cs:line 215</pre>
                        </td>
                        <td>Failed in 30.367s</td>
                    </tr>
                    <tr>
                        <td>
                            <pre class="log">And I dismiss the popup</pre>
                        </td>
                        <td>
                            <!--[TestArrange: Scenario - End to End]-->
                            <pre class="log">skipped because of previous errors</pre>
                        </td>
                        <td>Skipped in 0.001s</td>
                    </tr>
                    <tr>
                        <td>
                            <pre class="log">And I search for Paua Shamrock Earrings using the SKU</pre>
                        </td>
                        <td>
                            <!--[TestArrange: Scenario - End to End]-->
                            <pre class="log">skipped because of previous errors</pre>
                        </td>
                        <td>Skipped in 0s</td>
                    </tr>
                    <tr>
                        <td>
                            <pre class="log">And I click add to cart</pre>
                        </td>
                        <td>
                            <!--[TestArrange: Scenario - End to End]-->
                            <pre class="log">skipped because of previous errors</pre>
                        </td>
                        <td>Skipped in 0s</td>
                    </tr>
                    <tr>
                        <td>
                            <pre class="log">And I click View Cart / Checkout</pre>
                        </td>
                        <td>
                            <!--[TestArrange: Scenario - End to End]-->
                            <pre class="log">skipped because of previous errors</pre>
                        </td>
                        <td>Skipped in 0s</td>
                    </tr>
                    <tr>
                        <td>
                            <pre class="log">And I click Checkout</pre>
                        </td>
                        <td>
                            <!--[TestArrange: Scenario - End to End]-->
                            <pre class="log">skipped because of previous errors</pre>
                        </td>
                        <td>Skipped in 0s</td>
                    </tr>
                    <tr>
                        <td>
                            <pre class="log">And I click Checkout as Guest</pre>
                        </td>
                        <td>
                            <!--[TestArrange: Scenario - End to End]-->
                            <pre class="log">skipped because of previous errors</pre>
                        </td>
                        <td>Skipped in 0s</td>
                    </tr>
                    <tr>
                        <td>
                            <pre class="log">And Complete the various fields</pre>
                        </td>
                        <td>
                            <!--[TestArrange: Scenario - End to End]-->
                            <pre class="log">skipped because of previous errors</pre>
                        </td>
                        <td>Skipped in 0s</td>
                    </tr>
                    <tr>
                        <td>
                            <pre class="log">And I click Proceed to Payment &amp; Review</pre>
                        </td>
                        <td>
                            <!--[TestArrange: Scenario - End to End]-->
                            <pre class="log">skipped because of previous errors</pre>
                        </td>
                        <td>Skipped in 0s</td>
                    </tr>
                    <tr>
                        <td>
                            <pre class="log">And I enter payment information</pre>
                        </td>
                        <td>
                            <!--[TestArrange: Scenario - End to End]-->
                            <pre class="log">skipped because of previous errors</pre>
                        </td>
                        <td>Skipped in 0s</td>
                    </tr>
                    <tr>
                        <td>
                            <pre class="log">And I click Submit Order</pre>
                        </td>
                        <td>
                            <!--[TestArrange: Scenario - End to End]-->
                            <pre class="log">skipped because of previous errors</pre>
                        </td>
                        <td>Skipped in 0s</td>
                    </tr>
                    <tr>
                        <td>
                            <pre class="log">And I dismiss the popup windows</pre>
                        </td>
                        <td>
                            <!--[TestArrange: Scenario - End to End]-->
                            <pre class="log">skipped because of previous errors</pre>
                        </td>
                        <td>Skipped in 0.001s</td>
                    </tr>
                    <tr>
                        <td>
                            <pre class="log">Then the receipt page should confirm the order</pre>
                        </td>
                        <td>
                            <!--[TestAssert: Scenario - End to End]-->
                            <pre class="log">skipped because of previous errors</pre>
                        </td>
                        <td>Skipped in 0.021s</td>
                    </tr>
            </table>
            <a name="t162003897.0" />
            <h3>Scenario: Confirm Alert is Present and Dismiss (in UnitTestProject1, MK Individual Tests)</h3>
            <ul>
                <li>Status: Failed</li>
                <li>Start time: 1/13/2016 8:12:42 AM</li>
                <li>Execution time (sec): 32.0528678</li>
                <li>Thread: #1</li>
                <li>Error: This is not the correct page</li>
            </ul>
            <table class="testEvents">
                <tr>
                    <th>Steps</th>
                    <th>Trace</th>
                    <th>Result</th>
                </tr>
                    <tr>
                        <td>
                            <pre class="log">Given I am on the Miles Kimball homepage</pre>
                        </td>
                        <td>
                            <!--[TestArrange: Scenario - Confirm Alert is Present and Dismiss]-->
                            <pre class="log">done: MKIndividualTestsSteps.GivenIAmOnTheMilesKimballHomepage() (10.8s)</pre>
                        </td>
                        <td>Succeeded in 29.771s</td>
                    </tr>
                    <tr>
                        <td>
                            <pre class="log">And the Free Shipping alert Appears</pre>
                        </td>
                        <td>
                            <!--[TestArrange: Scenario - Confirm Alert is Present and Dismiss]-->
                            <pre class="log">error: This is not the correct page</pre>
                                <div class="errorMessage">This is not the correct page</div>
                                <pre class="stackTrace">OpenQA.Selenium.InvalidElementStateException: This is not the correct page
   at UnitTestProject1.PageObjects.Pages.MKHomePage..ctor(IWebDriver webDriver) in C:\Users\Kevin Berg\documents\visual studio 2015\Projects\UnitTestProject1\UnitTestProject1\PageObjects\Pages\MKHomePage.cs:line 30
   at UnitTestProject1.MKIndividualTestsSteps.GivenTheFreeShippingAlertAppears() in C:\Users\Kevin Berg\documents\visual studio 2015\Projects\UnitTestProject1\UnitTestProject1\MKIndividualTestsSteps.cs:line 28
   at lambda_method(Closure , IContextManager )
   at TechTalk.SpecFlow.Bindings.BindingInvoker.InvokeBinding(IBinding binding, IContextManager contextManager, Object[] arguments, ITestTracer testTracer, TimeSpan&amp; duration)
   at TechTalk.SpecFlow.Infrastructure.TestExecutionEngine.ExecuteStepMatch(BindingMatch match, Object[] arguments)
   at TechTalk.SpecFlow.Infrastructure.TestExecutionEngine.ExecuteStep(StepInstance stepInstance)
   at TechTalk.SpecFlow.Infrastructure.TestExecutionEngine.OnAfterLastStep()
   at TechTalk.SpecFlow.TestRunner.CollectScenarioErrors()
   at UnitTestProject1.MKIndividualTestsFeature.ScenarioCleanup() in C:\Users\Kevin Berg\documents\visual studio 2015\Projects\UnitTestProject1\UnitTestProject1\MKIndividualTests.feature.cs:line 0
   at UnitTestProject1.MKIndividualTestsFeature.ConfirmAlertIsPresentAndDismiss() in C:\Users\Kevin Berg\documents\visual studio 2015\Projects\UnitTestProject1\UnitTestProject1\MKIndividualTests.feature:line 9
   at TechTalk.SpecRun.Framework.TaskExecutors.StaticOrInstanceMethodExecutor.ExecuteInternal(ITestThreadExecutionContext testThreadExecutionContext) in c:\TeamCity\buildAgent\work\1ace6ed01d0a43bb\TechTalk.SpecRun.Framework.Interfaces\TaskExecutors\StaticOrInstanceMethodExecutor.cs:line 40
   at TechTalk.SpecRun.Framework.TaskExecutors.StaticOrInstanceMethodExecutor.Execute(ITestThreadExecutionContext testThreadExecutionContext) in c:\TeamCity\buildAgent\work\1ace6ed01d0a43bb\TechTalk.SpecRun.Framework.Interfaces\TaskExecutors\StaticOrInstanceMethodExecutor.cs:line 21
   at TechTalk.SpecRun.Framework.TestAssemblyExecutor.ExecuteTestNodeTask(TestNode testNode, ITaskExecutor task, TraceEventType eventType) in c:\TeamCity\buildAgent\work\1ace6ed01d0a43bb\TechTalk.SpecRun.Framework.Executor\TestAssemblyExecutor.cs:line 215</pre>
                        </td>
                        <td>Failed in 0.073s</td>
                    </tr>
                    <tr>
                        <td>
                            <pre class="log">When I dismiss the popup</pre>
                        </td>
                        <td>
                            <!--[TestAct: Scenario - Confirm Alert is Present and Dismiss]-->
                            <pre class="log">skipped because of previous errors</pre>
                        </td>
                        <td>Skipped in 0.014s</td>
                    </tr>
                    <tr>
                        <td>
                            <pre class="log">Then the alert should not be present</pre>
                        </td>
                        <td>
                            <!--[TestAssert: Scenario - Confirm Alert is Present and Dismiss]-->
                            <pre class="log">skipped because of previous errors</pre>
                        </td>
                        <td>Skipped in 0.025s</td>
                    </tr>
            </table>
            <a name="t-1297465784.0" />
            <h3>Scenario: Search for Paua Shamrock Earrings (in UnitTestProject1, MK Individual Tests)</h3>
            <ul>
                <li>Status: Failed</li>
                <li>Start time: 1/13/2016 8:12:42 AM</li>
                <li>Execution time (sec): 45.333625</li>
                <li>Thread: #2</li>
                <li>Error: This is not the correct page</li>
            </ul>
            <table class="testEvents">
                <tr>
                    <th>Steps</th>
                    <th>Trace</th>
                    <th>Result</th>
                </tr>
                    <tr>
                        <td>
                            <pre class="log">Given I am on the Miles Kimball homepage</pre>
                        </td>
                        <td>
                            <!--[TestArrange: Scenario - Search for Paua Shamrock Earrings]-->
                            <pre class="log">done: MKIndividualTestsSteps.GivenIAmOnTheMilesKimballHomepage() (21.1s)</pre>
                        </td>
                        <td>Succeeded in 42.056s</td>
                    </tr>
                    <tr>
                        <td>
                            <pre class="log">And I dismiss the Free Shipping popup</pre>
                        </td>
                        <td>
                            <!--[TestArrange: Scenario - Search for Paua Shamrock Earrings]-->
                            <pre class="log">error: This is not the correct page</pre>
                                <div class="errorMessage">This is not the correct page</div>
                                <pre class="stackTrace">OpenQA.Selenium.InvalidElementStateException: This is not the correct page
   at UnitTestProject1.PageObjects.Pages.MKHomePage..ctor(IWebDriver webDriver) in C:\Users\Kevin Berg\documents\visual studio 2015\Projects\UnitTestProject1\UnitTestProject1\PageObjects\Pages\MKHomePage.cs:line 30
   at UnitTestProject1.MKIndividualTestsSteps.GivenIDismissThePopup() in C:\Users\Kevin Berg\documents\visual studio 2015\Projects\UnitTestProject1\UnitTestProject1\MKIndividualTestsSteps.cs:line 52
   at lambda_method(Closure , IContextManager )
   at TechTalk.SpecFlow.Bindings.BindingInvoker.InvokeBinding(IBinding binding, IContextManager contextManager, Object[] arguments, ITestTracer testTracer, TimeSpan&amp; duration)
   at TechTalk.SpecFlow.Infrastructure.TestExecutionEngine.ExecuteStepMatch(BindingMatch match, Object[] arguments)
   at TechTalk.SpecFlow.Infrastructure.TestExecutionEngine.ExecuteStep(StepInstance stepInstance)
   at TechTalk.SpecFlow.Infrastructure.TestExecutionEngine.OnAfterLastStep()
   at TechTalk.SpecFlow.TestRunner.CollectScenarioErrors()
   at UnitTestProject1.MKIndividualTestsFeature.ScenarioCleanup() in C:\Users\Kevin Berg\documents\visual studio 2015\Projects\UnitTestProject1\UnitTestProject1\MKIndividualTests.feature.cs:line 0
   at UnitTestProject1.MKIndividualTestsFeature.SearchForPauaShamrockEarrings() in C:\Users\Kevin Berg\documents\visual studio 2015\Projects\UnitTestProject1\UnitTestProject1\MKIndividualTests.feature:line 15
   at TechTalk.SpecRun.Framework.TaskExecutors.StaticOrInstanceMethodExecutor.ExecuteInternal(ITestThreadExecutionContext testThreadExecutionContext) in c:\TeamCity\buildAgent\work\1ace6ed01d0a43bb\TechTalk.SpecRun.Framework.Interfaces\TaskExecutors\StaticOrInstanceMethodExecutor.cs:line 40
   at TechTalk.SpecRun.Framework.TaskExecutors.StaticOrInstanceMethodExecutor.Execute(ITestThreadExecutionContext testThreadExecutionContext) in c:\TeamCity\buildAgent\work\1ace6ed01d0a43bb\TechTalk.SpecRun.Framework.Interfaces\TaskExecutors\StaticOrInstanceMethodExecutor.cs:line 21
   at TechTalk.SpecRun.Framework.TestAssemblyExecutor.ExecuteTestNodeTask(TestNode testNode, ITaskExecutor task, TraceEventType eventType) in c:\TeamCity\buildAgent\work\1ace6ed01d0a43bb\TechTalk.SpecRun.Framework.Executor\TestAssemblyExecutor.cs:line 215</pre>
                        </td>
                        <td>Failed in 0.097s</td>
                    </tr>
                    <tr>
                        <td>
                            <pre class="log">When I enter the SKU in the search box and submit</pre>
                        </td>
                        <td>
                            <!--[TestAct: Scenario - Search for Paua Shamrock Earrings]-->
                            <pre class="log">skipped because of previous errors</pre>
                        </td>
                        <td>Skipped in 0.015s</td>
                    </tr>
                    <tr>
                        <td>
                            <pre class="log">Then I should be on the Paua Shamrock product page</pre>
                        </td>
                        <td>
                            <!--[TestAssert: Scenario - Search for Paua Shamrock Earrings]-->
                            <pre class="log">skipped because of previous errors</pre>
                        </td>
                        <td>Skipped in 0.029s</td>
                    </tr>
            </table>
            <a name="t118516224.0" />
            <h3>Scenario: Add Paua Shamrock Earrings to Cart and Confirm Popup Info (in UnitTestProject1, MK Individual Tests)</h3>
            <ul>
                <li>Status: Failed</li>
                <li>Start time: 1/13/2016 8:12:43 AM</li>
                <li>Execution time (sec): 42.3284598</li>
                <li>Thread: #3</li>
                <li>Error: This is not the correct page</li>
            </ul>
            <table class="testEvents">
                <tr>
                    <th>Steps</th>
                    <th>Trace</th>
                    <th>Result</th>
                </tr>
                    <tr>
                        <td>
                            <pre class="log">Given I am on the product page</pre>
                        </td>
                        <td>
                            <!--[TestArrange: Scenario - Add Paua Shamrock Earrings to Cart and Confirm Popup Info]-->
                            <pre class="log">error: This is not the correct page</pre>
                                <div class="errorMessage">This is not the correct page</div>
                                <pre class="stackTrace">OpenQA.Selenium.InvalidElementStateException: This is not the correct page
   at UnitTestProject1.PageObjects.Pages.MKProductPage..ctor(IWebDriver webDriver) in C:\Users\Kevin Berg\documents\visual studio 2015\Projects\UnitTestProject1\UnitTestProject1\PageObjects\Pages\MKProductPage.cs:line 39
   at UnitTestProject1.MKIndividualTestsSteps.GivenIAmOnTheProductPage() in C:\Users\Kevin Berg\documents\visual studio 2015\Projects\UnitTestProject1\UnitTestProject1\MKIndividualTestsSteps.cs:line 76
   at lambda_method(Closure , IContextManager )
   at TechTalk.SpecFlow.Bindings.BindingInvoker.InvokeBinding(IBinding binding, IContextManager contextManager, Object[] arguments, ITestTracer testTracer, TimeSpan&amp; duration)
   at TechTalk.SpecFlow.Infrastructure.TestExecutionEngine.ExecuteStepMatch(BindingMatch match, Object[] arguments)
   at TechTalk.SpecFlow.Infrastructure.TestExecutionEngine.ExecuteStep(StepInstance stepInstance)
   at TechTalk.SpecFlow.Infrastructure.TestExecutionEngine.OnAfterLastStep()
   at TechTalk.SpecFlow.TestRunner.CollectScenarioErrors()
   at UnitTestProject1.MKIndividualTestsFeature.ScenarioCleanup() in C:\Users\Kevin Berg\documents\visual studio 2015\Projects\UnitTestProject1\UnitTestProject1\MKIndividualTests.feature.cs:line 0
   at UnitTestProject1.MKIndividualTestsFeature.AddPauaShamrockEarringsToCartAndConfirmPopupInfo() in C:\Users\Kevin Berg\documents\visual studio 2015\Projects\UnitTestProject1\UnitTestProject1\MKIndividualTests.feature:line 21
   at TechTalk.SpecRun.Framework.TaskExecutors.StaticOrInstanceMethodExecutor.ExecuteInternal(ITestThreadExecutionContext testThreadExecutionContext) in c:\TeamCity\buildAgent\work\1ace6ed01d0a43bb\TechTalk.SpecRun.Framework.Interfaces\TaskExecutors\StaticOrInstanceMethodExecutor.cs:line 40
   at TechTalk.SpecRun.Framework.TaskExecutors.StaticOrInstanceMethodExecutor.Execute(ITestThreadExecutionContext testThreadExecutionContext) in c:\TeamCity\buildAgent\work\1ace6ed01d0a43bb\TechTalk.SpecRun.Framework.Interfaces\TaskExecutors\StaticOrInstanceMethodExecutor.cs:line 21
   at TechTalk.SpecRun.Framework.TestAssemblyExecutor.ExecuteTestNodeTask(TestNode testNode, ITaskExecutor task, TraceEventType eventType) in c:\TeamCity\buildAgent\work\1ace6ed01d0a43bb\TechTalk.SpecRun.Framework.Executor\TestAssemblyExecutor.cs:line 215</pre>
                        </td>
                        <td>Failed in 39.251s</td>
                    </tr>
                    <tr>
                        <td>
                            <pre class="log">And I dismiss the Free Shipping popup</pre>
                        </td>
                        <td>
                            <!--[TestArrange: Scenario - Add Paua Shamrock Earrings to Cart and Confirm Popup Info]-->
                            <pre class="log">skipped because of previous errors</pre>
                        </td>
                        <td>Skipped in 0.001s</td>
                    </tr>
                    <tr>
                        <td>
                            <pre class="log">When I click the Add to Cart Button</pre>
                        </td>
                        <td>
                            <!--[TestAct: Scenario - Add Paua Shamrock Earrings to Cart and Confirm Popup Info]-->
                            <pre class="log">skipped because of previous errors</pre>
                        </td>
                        <td>Skipped in 0.013s</td>
                    </tr>
                    <tr>
                        <td>
                            <pre class="log">Then the popup should appear with the correct information</pre>
                        </td>
                        <td>
                            <!--[TestAssert: Scenario - Add Paua Shamrock Earrings to Cart and Confirm Popup Info]-->
                            <pre class="log">skipped because of previous errors</pre>
                        </td>
                        <td>Skipped in 0.022s</td>
                    </tr>
            </table>
            <a name="t-78859643.0" />
            <h3>Scenario: Add Paua Shamrock Earrings to Cart click Popup and Confirm Shopping Cart Page Load (in UnitTestProject1, MK Individual Tests)</h3>
            <ul>
                <li>Status: Failed</li>
                <li>Start time: 1/13/2016 8:12:43 AM</li>
                <li>Execution time (sec): 40.7093622</li>
                <li>Thread: #4</li>
                <li>Error: This is not the correct page</li>
            </ul>
            <table class="testEvents">
                <tr>
                    <th>Steps</th>
                    <th>Trace</th>
                    <th>Result</th>
                </tr>
                    <tr>
                        <td>
                            <pre class="log">Given I am on the product page</pre>
                        </td>
                        <td>
                            <!--[TestArrange: Scenario - Add Paua Shamrock Earrings to Cart click Popup and Confirm Shopping Cart Page Load]-->
                            <pre class="log">error: This is not the correct page</pre>
                                <div class="errorMessage">This is not the correct page</div>
                                <pre class="stackTrace">OpenQA.Selenium.InvalidElementStateException: This is not the correct page
   at UnitTestProject1.PageObjects.Pages.MKProductPage..ctor(IWebDriver webDriver) in C:\Users\Kevin Berg\documents\visual studio 2015\Projects\UnitTestProject1\UnitTestProject1\PageObjects\Pages\MKProductPage.cs:line 39
   at UnitTestProject1.MKIndividualTestsSteps.GivenIAmOnTheProductPage() in C:\Users\Kevin Berg\documents\visual studio 2015\Projects\UnitTestProject1\UnitTestProject1\MKIndividualTestsSteps.cs:line 76
   at lambda_method(Closure , IContextManager )
   at TechTalk.SpecFlow.Bindings.BindingInvoker.InvokeBinding(IBinding binding, IContextManager contextManager, Object[] arguments, ITestTracer testTracer, TimeSpan&amp; duration)
   at TechTalk.SpecFlow.Infrastructure.TestExecutionEngine.ExecuteStepMatch(BindingMatch match, Object[] arguments)
   at TechTalk.SpecFlow.Infrastructure.TestExecutionEngine.ExecuteStep(StepInstance stepInstance)
   at TechTalk.SpecFlow.Infrastructure.TestExecutionEngine.OnAfterLastStep()
   at TechTalk.SpecFlow.TestRunner.CollectScenarioErrors()
   at UnitTestProject1.MKIndividualTestsFeature.ScenarioCleanup() in C:\Users\Kevin Berg\documents\visual studio 2015\Projects\UnitTestProject1\UnitTestProject1\MKIndividualTests.feature.cs:line 0
   at UnitTestProject1.MKIndividualTestsFeature.AddPauaShamrockEarringsToCartClickPopupAndConfirmShoppingCartPageLoad() in C:\Users\Kevin Berg\documents\visual studio 2015\Projects\UnitTestProject1\UnitTestProject1\MKIndividualTests.feature:line 28
   at TechTalk.SpecRun.Framework.TaskExecutors.StaticOrInstanceMethodExecutor.ExecuteInternal(ITestThreadExecutionContext testThreadExecutionContext) in c:\TeamCity\buildAgent\work\1ace6ed01d0a43bb\TechTalk.SpecRun.Framework.Interfaces\TaskExecutors\StaticOrInstanceMethodExecutor.cs:line 40
   at TechTalk.SpecRun.Framework.TaskExecutors.StaticOrInstanceMethodExecutor.Execute(ITestThreadExecutionContext testThreadExecutionContext) in c:\TeamCity\buildAgent\work\1ace6ed01d0a43bb\TechTalk.SpecRun.Framework.Interfaces\TaskExecutors\StaticOrInstanceMethodExecutor.cs:line 21
   at TechTalk.SpecRun.Framework.TestAssemblyExecutor.ExecuteTestNodeTask(TestNode testNode, ITaskExecutor task, TraceEventType eventType) in c:\TeamCity\buildAgent\work\1ace6ed01d0a43bb\TechTalk.SpecRun.Framework.Executor\TestAssemblyExecutor.cs:line 215</pre>
                        </td>
                        <td>Failed in 35.862s</td>
                    </tr>
                    <tr>
                        <td>
                            <pre class="log">And I dismiss the Free Shipping popup</pre>
                        </td>
                        <td>
                            <!--[TestArrange: Scenario - Add Paua Shamrock Earrings to Cart click Popup and Confirm Shopping Cart Page Load]-->
                            <pre class="log">skipped because of previous errors</pre>
                        </td>
                        <td>Skipped in 0.001s</td>
                    </tr>
                    <tr>
                        <td>
                            <pre class="log">When I click the Add to Cart Button</pre>
                        </td>
                        <td>
                            <!--[TestAct: Scenario - Add Paua Shamrock Earrings to Cart click Popup and Confirm Shopping Cart Page Load]-->
                            <pre class="log">skipped because of previous errors</pre>
                        </td>
                        <td>Skipped in 0.013s</td>
                    </tr>
                    <tr>
                        <td>
                            <pre class="log">When I click the View Cart / Checkout Button</pre>
                        </td>
                        <td>
                            <!--[TestAct: Scenario - Add Paua Shamrock Earrings to Cart click Popup and Confirm Shopping Cart Page Load]-->
                            <pre class="log">skipped because of previous errors</pre>
                        </td>
                        <td>Skipped in 0s</td>
                    </tr>
                    <tr>
                        <td>
                            <pre class="log">Then I should be on the shopping cart page</pre>
                        </td>
                        <td>
                            <!--[TestAssert: Scenario - Add Paua Shamrock Earrings to Cart click Popup and Confirm Shopping Cart Page Load]-->
                            <pre class="log">skipped because of previous errors</pre>
                        </td>
                        <td>Skipped in 0.026s</td>
                    </tr>
            </table>
            <a name="t1634110217.0" />
            <h3>Scenario: Verify information on the Shopping Cart Page (in UnitTestProject1, MK Individual Tests)</h3>
            <ul>
                <li>Status: Failed</li>
                <li>Start time: 1/13/2016 8:12:43 AM</li>
                <li>Execution time (sec): 43.7845379</li>
                <li>Thread: #5</li>
                <li>Error: This is not the correct page</li>
            </ul>
            <table class="testEvents">
                <tr>
                    <th>Steps</th>
                    <th>Trace</th>
                    <th>Result</th>
                </tr>
                    <tr>
                        <td>
                            <pre class="log">Given I am on the Shopping Cart Page</pre>
                        </td>
                        <td>
                            <!--[TestArrange: Scenario - Verify information on the Shopping Cart Page]-->
                            <pre class="log">error: This is not the correct page</pre>
                                <div class="errorMessage">This is not the correct page</div>
                                <pre class="stackTrace">OpenQA.Selenium.InvalidElementStateException: This is not the correct page
   at UnitTestProject1.PageObjects.Pages.MKProductPage..ctor(IWebDriver webDriver) in C:\Users\Kevin Berg\documents\visual studio 2015\Projects\UnitTestProject1\UnitTestProject1\PageObjects\Pages\MKProductPage.cs:line 39
   at UnitTestProject1.MKIndividualTestsSteps.GivenIAmOnTheShoppingCartPage() in C:\Users\Kevin Berg\documents\visual studio 2015\Projects\UnitTestProject1\UnitTestProject1\MKIndividualTestsSteps.cs:line 118
   at lambda_method(Closure , IContextManager )
   at TechTalk.SpecFlow.Bindings.BindingInvoker.InvokeBinding(IBinding binding, IContextManager contextManager, Object[] arguments, ITestTracer testTracer, TimeSpan&amp; duration)
   at TechTalk.SpecFlow.Infrastructure.TestExecutionEngine.ExecuteStepMatch(BindingMatch match, Object[] arguments)
   at TechTalk.SpecFlow.Infrastructure.TestExecutionEngine.ExecuteStep(StepInstance stepInstance)
   at TechTalk.SpecFlow.Infrastructure.TestExecutionEngine.OnAfterLastStep()
   at TechTalk.SpecFlow.TestRunner.CollectScenarioErrors()
   at UnitTestProject1.MKIndividualTestsFeature.ScenarioCleanup() in C:\Users\Kevin Berg\documents\visual studio 2015\Projects\UnitTestProject1\UnitTestProject1\MKIndividualTests.feature.cs:line 0
   at UnitTestProject1.MKIndividualTestsFeature.VerifyInformationOnTheShoppingCartPage() in C:\Users\Kevin Berg\documents\visual studio 2015\Projects\UnitTestProject1\UnitTestProject1\MKIndividualTests.feature:line 32
   at TechTalk.SpecRun.Framework.TaskExecutors.StaticOrInstanceMethodExecutor.ExecuteInternal(ITestThreadExecutionContext testThreadExecutionContext) in c:\TeamCity\buildAgent\work\1ace6ed01d0a43bb\TechTalk.SpecRun.Framework.Interfaces\TaskExecutors\StaticOrInstanceMethodExecutor.cs:line 40
   at TechTalk.SpecRun.Framework.TaskExecutors.StaticOrInstanceMethodExecutor.Execute(ITestThreadExecutionContext testThreadExecutionContext) in c:\TeamCity\buildAgent\work\1ace6ed01d0a43bb\TechTalk.SpecRun.Framework.Interfaces\TaskExecutors\StaticOrInstanceMethodExecutor.cs:line 21
   at TechTalk.SpecRun.Framework.TestAssemblyExecutor.ExecuteTestNodeTask(TestNode testNode, ITaskExecutor task, TraceEventType eventType) in c:\TeamCity\buildAgent\work\1ace6ed01d0a43bb\TechTalk.SpecRun.Framework.Executor\TestAssemblyExecutor.cs:line 215</pre>
                        </td>
                        <td>Failed in 40.087s</td>
                    </tr>
                    <tr>
                        <td>
                            <pre class="log">Then The expected information should be present</pre>
                        </td>
                        <td>
                            <!--[TestAssert: Scenario - Verify information on the Shopping Cart Page]-->
                            <pre class="log">skipped because of previous errors</pre>
                        </td>
                        <td>Skipped in 0.024s</td>
                    </tr>
            </table>
            <a name="t-1192265979.0" />
            <h3>Scenario: Navigate to the Login Page and Verify Checkout as Guest button (in UnitTestProject1, MK Individual Tests)</h3>
            <ul>
                <li>Status: Failed</li>
                <li>Start time: 1/13/2016 8:12:44 AM</li>
                <li>Execution time (sec): 39.7792955</li>
                <li>Thread: #6</li>
                <li>Error: This is not the correct page</li>
            </ul>
            <table class="testEvents">
                <tr>
                    <th>Steps</th>
                    <th>Trace</th>
                    <th>Result</th>
                </tr>
                    <tr>
                        <td>
                            <pre class="log">Given I am on the Shopping Cart Page</pre>
                        </td>
                        <td>
                            <!--[TestArrange: Scenario - Navigate to the Login Page and Verify Checkout as Guest button]-->
                            <pre class="log">error: This is not the correct page</pre>
                                <div class="errorMessage">This is not the correct page</div>
                                <pre class="stackTrace">OpenQA.Selenium.InvalidElementStateException: This is not the correct page
   at UnitTestProject1.PageObjects.Pages.MKProductPage..ctor(IWebDriver webDriver) in C:\Users\Kevin Berg\documents\visual studio 2015\Projects\UnitTestProject1\UnitTestProject1\PageObjects\Pages\MKProductPage.cs:line 39
   at UnitTestProject1.MKIndividualTestsSteps.GivenIAmOnTheShoppingCartPage() in C:\Users\Kevin Berg\documents\visual studio 2015\Projects\UnitTestProject1\UnitTestProject1\MKIndividualTestsSteps.cs:line 118
   at lambda_method(Closure , IContextManager )
   at TechTalk.SpecFlow.Bindings.BindingInvoker.InvokeBinding(IBinding binding, IContextManager contextManager, Object[] arguments, ITestTracer testTracer, TimeSpan&amp; duration)
   at TechTalk.SpecFlow.Infrastructure.TestExecutionEngine.ExecuteStepMatch(BindingMatch match, Object[] arguments)
   at TechTalk.SpecFlow.Infrastructure.TestExecutionEngine.ExecuteStep(StepInstance stepInstance)
   at TechTalk.SpecFlow.Infrastructure.TestExecutionEngine.OnAfterLastStep()
   at TechTalk.SpecFlow.TestRunner.CollectScenarioErrors()
   at UnitTestProject1.MKIndividualTestsFeature.ScenarioCleanup() in C:\Users\Kevin Berg\documents\visual studio 2015\Projects\UnitTestProject1\UnitTestProject1\MKIndividualTests.feature.cs:line 0
   at UnitTestProject1.MKIndividualTestsFeature.NavigateToTheLoginPageAndVerifyCheckoutAsGuestButton() in C:\Users\Kevin Berg\documents\visual studio 2015\Projects\UnitTestProject1\UnitTestProject1\MKIndividualTests.feature:line 37
   at TechTalk.SpecRun.Framework.TaskExecutors.StaticOrInstanceMethodExecutor.ExecuteInternal(ITestThreadExecutionContext testThreadExecutionContext) in c:\TeamCity\buildAgent\work\1ace6ed01d0a43bb\TechTalk.SpecRun.Framework.Interfaces\TaskExecutors\StaticOrInstanceMethodExecutor.cs:line 40
   at TechTalk.SpecRun.Framework.TaskExecutors.StaticOrInstanceMethodExecutor.Execute(ITestThreadExecutionContext testThreadExecutionContext) in c:\TeamCity\buildAgent\work\1ace6ed01d0a43bb\TechTalk.SpecRun.Framework.Interfaces\TaskExecutors\StaticOrInstanceMethodExecutor.cs:line 21
   at TechTalk.SpecRun.Framework.TestAssemblyExecutor.ExecuteTestNodeTask(TestNode testNode, ITaskExecutor task, TraceEventType eventType) in c:\TeamCity\buildAgent\work\1ace6ed01d0a43bb\TechTalk.SpecRun.Framework.Executor\TestAssemblyExecutor.cs:line 215</pre>
                        </td>
                        <td>Failed in 35.941s</td>
                    </tr>
                    <tr>
                        <td>
                            <pre class="log">When I click on the Checkout button</pre>
                        </td>
                        <td>
                            <!--[TestAct: Scenario - Navigate to the Login Page and Verify Checkout as Guest button]-->
                            <pre class="log">skipped because of previous errors</pre>
                        </td>
                        <td>Skipped in 0.017s</td>
                    </tr>
                    <tr>
                        <td>
                            <pre class="log">Then I should see the Checkout as Guest Button</pre>
                        </td>
                        <td>
                            <!--[TestAssert: Scenario - Navigate to the Login Page and Verify Checkout as Guest button]-->
                            <pre class="log">skipped because of previous errors</pre>
                        </td>
                        <td>Skipped in 0.04s</td>
                    </tr>
            </table>
            <a name="t-2104053305.0" />
            <h3>Scenario: Navigate to CheckoutPage1 (in UnitTestProject1, MK Individual Tests)</h3>
            <ul>
                <li>Status: Failed</li>
                <li>Start time: 1/13/2016 8:12:44 AM</li>
                <li>Execution time (sec): 42.2604358</li>
                <li>Thread: #7</li>
                <li>Error: This is not the correct page</li>
            </ul>
            <table class="testEvents">
                <tr>
                    <th>Steps</th>
                    <th>Trace</th>
                    <th>Result</th>
                </tr>
                    <tr>
                        <td>
                            <pre class="log">Given I am on the Shopping Cart Page</pre>
                        </td>
                        <td>
                            <!--[TestArrange: Scenario - Navigate to CheckoutPage1]-->
                            <pre class="log">error: This is not the correct page</pre>
                                <div class="errorMessage">This is not the correct page</div>
                                <pre class="stackTrace">OpenQA.Selenium.InvalidElementStateException: This is not the correct page
   at UnitTestProject1.PageObjects.Pages.MKProductPage..ctor(IWebDriver webDriver) in C:\Users\Kevin Berg\documents\visual studio 2015\Projects\UnitTestProject1\UnitTestProject1\PageObjects\Pages\MKProductPage.cs:line 39
   at UnitTestProject1.MKIndividualTestsSteps.GivenIAmOnTheShoppingCartPage() in C:\Users\Kevin Berg\documents\visual studio 2015\Projects\UnitTestProject1\UnitTestProject1\MKIndividualTestsSteps.cs:line 118
   at lambda_method(Closure , IContextManager )
   at TechTalk.SpecFlow.Bindings.BindingInvoker.InvokeBinding(IBinding binding, IContextManager contextManager, Object[] arguments, ITestTracer testTracer, TimeSpan&amp; duration)
   at TechTalk.SpecFlow.Infrastructure.TestExecutionEngine.ExecuteStepMatch(BindingMatch match, Object[] arguments)
   at TechTalk.SpecFlow.Infrastructure.TestExecutionEngine.ExecuteStep(StepInstance stepInstance)
   at TechTalk.SpecFlow.Infrastructure.TestExecutionEngine.OnAfterLastStep()
   at TechTalk.SpecFlow.TestRunner.CollectScenarioErrors()
   at UnitTestProject1.MKIndividualTestsFeature.ScenarioCleanup() in C:\Users\Kevin Berg\documents\visual studio 2015\Projects\UnitTestProject1\UnitTestProject1\MKIndividualTests.feature.cs:line 0
   at UnitTestProject1.MKIndividualTestsFeature.NavigateToCheckoutPage1() in C:\Users\Kevin Berg\documents\visual studio 2015\Projects\UnitTestProject1\UnitTestProject1\MKIndividualTests.feature:line 43
   at TechTalk.SpecRun.Framework.TaskExecutors.StaticOrInstanceMethodExecutor.ExecuteInternal(ITestThreadExecutionContext testThreadExecutionContext) in c:\TeamCity\buildAgent\work\1ace6ed01d0a43bb\TechTalk.SpecRun.Framework.Interfaces\TaskExecutors\StaticOrInstanceMethodExecutor.cs:line 40
   at TechTalk.SpecRun.Framework.TaskExecutors.StaticOrInstanceMethodExecutor.Execute(ITestThreadExecutionContext testThreadExecutionContext) in c:\TeamCity\buildAgent\work\1ace6ed01d0a43bb\TechTalk.SpecRun.Framework.Interfaces\TaskExecutors\StaticOrInstanceMethodExecutor.cs:line 21
   at TechTalk.SpecRun.Framework.TestAssemblyExecutor.ExecuteTestNodeTask(TestNode testNode, ITaskExecutor task, TraceEventType eventType) in c:\TeamCity\buildAgent\work\1ace6ed01d0a43bb\TechTalk.SpecRun.Framework.Executor\TestAssemblyExecutor.cs:line 215</pre>
                        </td>
                        <td>Failed in 37.413s</td>
                    </tr>
                    <tr>
                        <td>
                            <pre class="log">When I click on the Checkout button</pre>
                        </td>
                        <td>
                            <!--[TestAct: Scenario - Navigate to CheckoutPage1]-->
                            <pre class="log">skipped because of previous errors</pre>
                        </td>
                        <td>Skipped in 0.013s</td>
                    </tr>
                    <tr>
                        <td>
                            <pre class="log">When I click on the Checkout as Guest Button</pre>
                        </td>
                        <td>
                            <!--[TestAct: Scenario - Navigate to CheckoutPage1]-->
                            <pre class="log">skipped because of previous errors</pre>
                        </td>
                        <td>Skipped in 0s</td>
                    </tr>
                    <tr>
                        <td>
                            <pre class="log">Then I should be on the first Checkout Page</pre>
                        </td>
                        <td>
                            <!--[TestAssert: Scenario - Navigate to CheckoutPage1]-->
                            <pre class="log">skipped because of previous errors</pre>
                        </td>
                        <td>Skipped in 0.026s</td>
                    </tr>
            </table>
            <a name="t512868338.0" />
            <h3>Scenario: Complete Checkout Page 1 and Submit (in UnitTestProject1, MK Individual Tests)</h3>
            <ul>
                <li>Status: Failed</li>
                <li>Start time: 1/13/2016 8:12:44 AM</li>
                <li>Execution time (sec): 37.6391682</li>
                <li>Thread: #8</li>
                <li>Error: This is not the correct page</li>
            </ul>
            <table class="testEvents">
                <tr>
                    <th>Steps</th>
                    <th>Trace</th>
                    <th>Result</th>
                </tr>
                    <tr>
                        <td>
                            <pre class="log">Given I am on the first Checkout Page</pre>
                        </td>
                        <td>
                            <!--[TestArrange: Scenario - Complete Checkout Page 1 and Submit]-->
                            <pre class="log">error: This is not the correct page</pre>
                                <div class="errorMessage">This is not the correct page</div>
                                <pre class="stackTrace">OpenQA.Selenium.InvalidElementStateException: This is not the correct page
   at UnitTestProject1.PageObjects.Pages.MKProductPage..ctor(IWebDriver webDriver) in C:\Users\Kevin Berg\documents\visual studio 2015\Projects\UnitTestProject1\UnitTestProject1\PageObjects\Pages\MKProductPage.cs:line 39
   at UnitTestProject1.MKIndividualTestsSteps.GivenIAmOnTheFirstCheckoutPage() in C:\Users\Kevin Berg\documents\visual studio 2015\Projects\UnitTestProject1\UnitTestProject1\MKIndividualTestsSteps.cs:line 177
   at lambda_method(Closure , IContextManager )
   at TechTalk.SpecFlow.Bindings.BindingInvoker.InvokeBinding(IBinding binding, IContextManager contextManager, Object[] arguments, ITestTracer testTracer, TimeSpan&amp; duration)
   at TechTalk.SpecFlow.Infrastructure.TestExecutionEngine.ExecuteStepMatch(BindingMatch match, Object[] arguments)
   at TechTalk.SpecFlow.Infrastructure.TestExecutionEngine.ExecuteStep(StepInstance stepInstance)
   at TechTalk.SpecFlow.Infrastructure.TestExecutionEngine.OnAfterLastStep()
   at TechTalk.SpecFlow.TestRunner.CollectScenarioErrors()
   at UnitTestProject1.MKIndividualTestsFeature.ScenarioCleanup() in C:\Users\Kevin Berg\documents\visual studio 2015\Projects\UnitTestProject1\UnitTestProject1\MKIndividualTests.feature.cs:line 0
   at UnitTestProject1.MKIndividualTestsFeature.CompleteCheckoutPage1AndSubmit() in C:\Users\Kevin Berg\documents\visual studio 2015\Projects\UnitTestProject1\UnitTestProject1\MKIndividualTests.feature:line 49
   at TechTalk.SpecRun.Framework.TaskExecutors.StaticOrInstanceMethodExecutor.ExecuteInternal(ITestThreadExecutionContext testThreadExecutionContext) in c:\TeamCity\buildAgent\work\1ace6ed01d0a43bb\TechTalk.SpecRun.Framework.Interfaces\TaskExecutors\StaticOrInstanceMethodExecutor.cs:line 40
   at TechTalk.SpecRun.Framework.TaskExecutors.StaticOrInstanceMethodExecutor.Execute(ITestThreadExecutionContext testThreadExecutionContext) in c:\TeamCity\buildAgent\work\1ace6ed01d0a43bb\TechTalk.SpecRun.Framework.Interfaces\TaskExecutors\StaticOrInstanceMethodExecutor.cs:line 21
   at TechTalk.SpecRun.Framework.TestAssemblyExecutor.ExecuteTestNodeTask(TestNode testNode, ITaskExecutor task, TraceEventType eventType) in c:\TeamCity\buildAgent\work\1ace6ed01d0a43bb\TechTalk.SpecRun.Framework.Executor\TestAssemblyExecutor.cs:line 215</pre>
                        </td>
                        <td>Failed in 32.96s</td>
                    </tr>
                    <tr>
                        <td>
                            <pre class="log">When I complete the form and confirm order summary information</pre>
                        </td>
                        <td>
                            <!--[TestAct: Scenario - Complete Checkout Page 1 and Submit]-->
                            <pre class="log">skipped because of previous errors</pre>
                        </td>
                        <td>Skipped in 0.015s</td>
                    </tr>
                    <tr>
                        <td>
                            <pre class="log">When I click the Proceed to Payment and Review Button</pre>
                        </td>
                        <td>
                            <!--[TestAct: Scenario - Complete Checkout Page 1 and Submit]-->
                            <pre class="log">skipped because of previous errors</pre>
                        </td>
                        <td>Skipped in 0.001s</td>
                    </tr>
                    <tr>
                        <td>
                            <pre class="log">Then I should be on the second checkout page</pre>
                        </td>
                        <td>
                            <!--[TestAssert: Scenario - Complete Checkout Page 1 and Submit]-->
                            <pre class="log">skipped because of previous errors</pre>
                        </td>
                        <td>Skipped in 0.021s</td>
                    </tr>
            </table>
            <a name="t-381477281.0" />
            <h3>Scenario: Confrim Order Summary information on Checkout Page2 (in UnitTestProject1, MK Individual Tests)</h3>
            <ul>
                <li>Status: Failed</li>
                <li>Start time: 1/13/2016 8:12:45 AM</li>
                <li>Execution time (sec): 44.3165525</li>
                <li>Thread: #9</li>
                <li>Error: This is not the correct page</li>
            </ul>
            <table class="testEvents">
                <tr>
                    <th>Steps</th>
                    <th>Trace</th>
                    <th>Result</th>
                </tr>
                    <tr>
                        <td>
                            <pre class="log">Given I am on the second checkout page</pre>
                        </td>
                        <td>
                            <!--[TestArrange: Scenario - Confrim Order Summary information on Checkout Page2]-->
                            <pre class="log">error: This is not the correct page</pre>
                                <div class="errorMessage">This is not the correct page</div>
                                <pre class="stackTrace">OpenQA.Selenium.InvalidElementStateException: This is not the correct page
   at UnitTestProject1.PageObjects.Pages.MKProductPage..ctor(IWebDriver webDriver) in C:\Users\Kevin Berg\documents\visual studio 2015\Projects\UnitTestProject1\UnitTestProject1\PageObjects\Pages\MKProductPage.cs:line 39
   at UnitTestProject1.MKIndividualTestsSteps.GivenIAmOnTheSecondCheckoutPage() in C:\Users\Kevin Berg\documents\visual studio 2015\Projects\UnitTestProject1\UnitTestProject1\MKIndividualTestsSteps.cs:line 235
   at lambda_method(Closure , IContextManager )
   at TechTalk.SpecFlow.Bindings.BindingInvoker.InvokeBinding(IBinding binding, IContextManager contextManager, Object[] arguments, ITestTracer testTracer, TimeSpan&amp; duration)
   at TechTalk.SpecFlow.Infrastructure.TestExecutionEngine.ExecuteStepMatch(BindingMatch match, Object[] arguments)
   at TechTalk.SpecFlow.Infrastructure.TestExecutionEngine.ExecuteStep(StepInstance stepInstance)
   at TechTalk.SpecFlow.Infrastructure.TestExecutionEngine.OnAfterLastStep()
   at TechTalk.SpecFlow.TestRunner.CollectScenarioErrors()
   at UnitTestProject1.MKIndividualTestsFeature.ScenarioCleanup() in C:\Users\Kevin Berg\documents\visual studio 2015\Projects\UnitTestProject1\UnitTestProject1\MKIndividualTests.feature.cs:line 0
   at UnitTestProject1.MKIndividualTestsFeature.ConfrimOrderSummaryInformationOnCheckoutPage2() in C:\Users\Kevin Berg\documents\visual studio 2015\Projects\UnitTestProject1\UnitTestProject1\MKIndividualTests.feature:line 53
   at TechTalk.SpecRun.Framework.TaskExecutors.StaticOrInstanceMethodExecutor.ExecuteInternal(ITestThreadExecutionContext testThreadExecutionContext) in c:\TeamCity\buildAgent\work\1ace6ed01d0a43bb\TechTalk.SpecRun.Framework.Interfaces\TaskExecutors\StaticOrInstanceMethodExecutor.cs:line 40
   at TechTalk.SpecRun.Framework.TaskExecutors.StaticOrInstanceMethodExecutor.Execute(ITestThreadExecutionContext testThreadExecutionContext) in c:\TeamCity\buildAgent\work\1ace6ed01d0a43bb\TechTalk.SpecRun.Framework.Interfaces\TaskExecutors\StaticOrInstanceMethodExecutor.cs:line 21
   at TechTalk.SpecRun.Framework.TestAssemblyExecutor.ExecuteTestNodeTask(TestNode testNode, ITaskExecutor task, TraceEventType eventType) in c:\TeamCity\buildAgent\work\1ace6ed01d0a43bb\TechTalk.SpecRun.Framework.Executor\TestAssemblyExecutor.cs:line 215</pre>
                        </td>
                        <td>Failed in 39.622s</td>
                    </tr>
                    <tr>
                        <td>
                            <pre class="log">Then the correct information should be present</pre>
                        </td>
                        <td>
                            <!--[TestAssert: Scenario - Confrim Order Summary information on Checkout Page2]-->
                            <pre class="log">skipped because of previous errors</pre>
                        </td>
                        <td>Skipped in 0.023s</td>
                    </tr>
            </table>
            <a name="t-2076185334.0" />
            <h3>Scenario: Complete Payment Information and Submit Order (in UnitTestProject1, MK Individual Tests)</h3>
            <ul>
                <li>Status: Failed</li>
                <li>Start time: 1/13/2016 8:12:45 AM</li>
                <li>Execution time (sec): 32.4748723</li>
                <li>Thread: #10</li>
                <li>Error: This is not the correct page</li>
            </ul>
            <table class="testEvents">
                <tr>
                    <th>Steps</th>
                    <th>Trace</th>
                    <th>Result</th>
                </tr>
                    <tr>
                        <td>
                            <pre class="log">Given I am on the second checkout page</pre>
                        </td>
                        <td>
                            <!--[TestArrange: Scenario - Complete Payment Information and Submit Order]-->
                            <pre class="log">error: This is not the correct page</pre>
                                <div class="errorMessage">This is not the correct page</div>
                                <pre class="stackTrace">OpenQA.Selenium.InvalidElementStateException: This is not the correct page
   at UnitTestProject1.PageObjects.Pages.MKProductPage..ctor(IWebDriver webDriver) in C:\Users\Kevin Berg\documents\visual studio 2015\Projects\UnitTestProject1\UnitTestProject1\PageObjects\Pages\MKProductPage.cs:line 39
   at UnitTestProject1.MKIndividualTestsSteps.GivenIAmOnTheSecondCheckoutPage() in C:\Users\Kevin Berg\documents\visual studio 2015\Projects\UnitTestProject1\UnitTestProject1\MKIndividualTestsSteps.cs:line 235
   at lambda_method(Closure , IContextManager )
   at TechTalk.SpecFlow.Bindings.BindingInvoker.InvokeBinding(IBinding binding, IContextManager contextManager, Object[] arguments, ITestTracer testTracer, TimeSpan&amp; duration)
   at TechTalk.SpecFlow.Infrastructure.TestExecutionEngine.ExecuteStepMatch(BindingMatch match, Object[] arguments)
   at TechTalk.SpecFlow.Infrastructure.TestExecutionEngine.ExecuteStep(StepInstance stepInstance)
   at TechTalk.SpecFlow.Infrastructure.TestExecutionEngine.OnAfterLastStep()
   at TechTalk.SpecFlow.TestRunner.CollectScenarioErrors()
   at UnitTestProject1.MKIndividualTestsFeature.ScenarioCleanup() in C:\Users\Kevin Berg\documents\visual studio 2015\Projects\UnitTestProject1\UnitTestProject1\MKIndividualTests.feature.cs:line 0
   at UnitTestProject1.MKIndividualTestsFeature.CompletePaymentInformationAndSubmitOrder() in C:\Users\Kevin Berg\documents\visual studio 2015\Projects\UnitTestProject1\UnitTestProject1\MKIndividualTests.feature:line 59
   at TechTalk.SpecRun.Framework.TaskExecutors.StaticOrInstanceMethodExecutor.ExecuteInternal(ITestThreadExecutionContext testThreadExecutionContext) in c:\TeamCity\buildAgent\work\1ace6ed01d0a43bb\TechTalk.SpecRun.Framework.Interfaces\TaskExecutors\StaticOrInstanceMethodExecutor.cs:line 40
   at TechTalk.SpecRun.Framework.TaskExecutors.StaticOrInstanceMethodExecutor.Execute(ITestThreadExecutionContext testThreadExecutionContext) in c:\TeamCity\buildAgent\work\1ace6ed01d0a43bb\TechTalk.SpecRun.Framework.Interfaces\TaskExecutors\StaticOrInstanceMethodExecutor.cs:line 21
   at TechTalk.SpecRun.Framework.TestAssemblyExecutor.ExecuteTestNodeTask(TestNode testNode, ITaskExecutor task, TraceEventType eventType) in c:\TeamCity\buildAgent\work\1ace6ed01d0a43bb\TechTalk.SpecRun.Framework.Executor\TestAssemblyExecutor.cs:line 215</pre>
                        </td>
                        <td>Failed in 26.831s</td>
                    </tr>
                    <tr>
                        <td>
                            <pre class="log">When I fill complete the payment information</pre>
                        </td>
                        <td>
                            <!--[TestAct: Scenario - Complete Payment Information and Submit Order]-->
                            <pre class="log">skipped because of previous errors</pre>
                        </td>
                        <td>Skipped in 0.019s</td>
                    </tr>
                    <tr>
                        <td>
                            <pre class="log">When I click the submit order button</pre>
                        </td>
                        <td>
                            <!--[TestAct: Scenario - Complete Payment Information and Submit Order]-->
                            <pre class="log">skipped because of previous errors</pre>
                        </td>
                        <td>Skipped in 0.001s</td>
                    </tr>
                    <tr>
                        <td>
                            <pre class="log">Then I should be on the receipt page</pre>
                        </td>
                        <td>
                            <!--[TestAssert: Scenario - Complete Payment Information and Submit Order]-->
                            <pre class="log">skipped because of previous errors</pre>
                        </td>
                        <td>Skipped in 0.027s</td>
                    </tr>
            </table>
            <a name="t-122693259.0" />
            <h3>Scenario: Dismiss all the Popup windows to get to the receipt page (in UnitTestProject1, MK Individual Tests)</h3>
            <ul>
                <li>Status: Failed</li>
                <li>Start time: 1/13/2016 8:12:45 AM</li>
                <li>Execution time (sec): 35.5470474</li>
                <li>Thread: #11</li>
                <li>Error: This is not the correct page</li>
            </ul>
            <table class="testEvents">
                <tr>
                    <th>Steps</th>
                    <th>Trace</th>
                    <th>Result</th>
                </tr>
                    <tr>
                        <td>
                            <pre class="log">Given I am on the receipt page</pre>
                        </td>
                        <td>
                            <!--[TestArrange: Scenario - Dismiss all the Popup windows to get to the receipt page]-->
                            <pre class="log">error: This is not the correct page</pre>
                                <div class="errorMessage">This is not the correct page</div>
                                <pre class="stackTrace">OpenQA.Selenium.InvalidElementStateException: This is not the correct page
   at UnitTestProject1.PageObjects.Pages.MKProductPage..ctor(IWebDriver webDriver) in C:\Users\Kevin Berg\documents\visual studio 2015\Projects\UnitTestProject1\UnitTestProject1\PageObjects\Pages\MKProductPage.cs:line 39
   at UnitTestProject1.MKIndividualTestsSteps.GivenIAmOnTheReceiptPage() in C:\Users\Kevin Berg\documents\visual studio 2015\Projects\UnitTestProject1\UnitTestProject1\MKIndividualTestsSteps.cs:line 304
   at lambda_method(Closure , IContextManager )
   at TechTalk.SpecFlow.Bindings.BindingInvoker.InvokeBinding(IBinding binding, IContextManager contextManager, Object[] arguments, ITestTracer testTracer, TimeSpan&amp; duration)
   at TechTalk.SpecFlow.Infrastructure.TestExecutionEngine.ExecuteStepMatch(BindingMatch match, Object[] arguments)
   at TechTalk.SpecFlow.Infrastructure.TestExecutionEngine.ExecuteStep(StepInstance stepInstance)
   at TechTalk.SpecFlow.Infrastructure.TestExecutionEngine.OnAfterLastStep()
   at TechTalk.SpecFlow.TestRunner.CollectScenarioErrors()
   at UnitTestProject1.MKIndividualTestsFeature.ScenarioCleanup() in C:\Users\Kevin Berg\documents\visual studio 2015\Projects\UnitTestProject1\UnitTestProject1\MKIndividualTests.feature.cs:line 0
   at UnitTestProject1.MKIndividualTestsFeature.DismissAllThePopupWindowsToGetToTheReceiptPage() in C:\Users\Kevin Berg\documents\visual studio 2015\Projects\UnitTestProject1\UnitTestProject1\MKIndividualTests.feature:line 64
   at TechTalk.SpecRun.Framework.TaskExecutors.StaticOrInstanceMethodExecutor.ExecuteInternal(ITestThreadExecutionContext testThreadExecutionContext) in c:\TeamCity\buildAgent\work\1ace6ed01d0a43bb\TechTalk.SpecRun.Framework.Interfaces\TaskExecutors\StaticOrInstanceMethodExecutor.cs:line 40
   at TechTalk.SpecRun.Framework.TaskExecutors.StaticOrInstanceMethodExecutor.Execute(ITestThreadExecutionContext testThreadExecutionContext) in c:\TeamCity\buildAgent\work\1ace6ed01d0a43bb\TechTalk.SpecRun.Framework.Interfaces\TaskExecutors\StaticOrInstanceMethodExecutor.cs:line 21
   at TechTalk.SpecRun.Framework.TestAssemblyExecutor.ExecuteTestNodeTask(TestNode testNode, ITaskExecutor task, TraceEventType eventType) in c:\TeamCity\buildAgent\work\1ace6ed01d0a43bb\TechTalk.SpecRun.Framework.Executor\TestAssemblyExecutor.cs:line 215</pre>
                        </td>
                        <td>Failed in 29.975s</td>
                    </tr>
                    <tr>
                        <td>
                            <pre class="log">When I close the popups</pre>
                        </td>
                        <td>
                            <!--[TestAct: Scenario - Dismiss all the Popup windows to get to the receipt page]-->
                            <pre class="log">skipped because of previous errors</pre>
                        </td>
                        <td>Skipped in 0.016s</td>
                    </tr>
                    <tr>
                        <td>
                            <pre class="log">Then they should not be present</pre>
                        </td>
                        <td>
                            <!--[TestAssert: Scenario - Dismiss all the Popup windows to get to the receipt page]-->
                            <pre class="log">skipped because of previous errors</pre>
                        </td>
                        <td>Skipped in 0.025s</td>
                    </tr>
            </table>
            <a name="t1882691919.0" />
            <h3>Scenario: Confirm information on the Receipt Page (in UnitTestProject1, MK Individual Tests)</h3>
            <ul>
                <li>Status: Failed</li>
                <li>Start time: 1/13/2016 8:12:45 AM</li>
                <li>Execution time (sec): 37.6681706</li>
                <li>Thread: #12</li>
                <li>Error: This is not the correct page</li>
            </ul>
            <table class="testEvents">
                <tr>
                    <th>Steps</th>
                    <th>Trace</th>
                    <th>Result</th>
                </tr>
                    <tr>
                        <td>
                            <pre class="log">Given I am on the receipt page</pre>
                        </td>
                        <td>
                            <!--[TestArrange: Scenario - Confirm information on the Receipt Page]-->
                            <pre class="log">error: This is not the correct page</pre>
                                <div class="errorMessage">This is not the correct page</div>
                                <pre class="stackTrace">OpenQA.Selenium.InvalidElementStateException: This is not the correct page
   at UnitTestProject1.PageObjects.Pages.MKProductPage..ctor(IWebDriver webDriver) in C:\Users\Kevin Berg\documents\visual studio 2015\Projects\UnitTestProject1\UnitTestProject1\PageObjects\Pages\MKProductPage.cs:line 39
   at UnitTestProject1.MKIndividualTestsSteps.GivenIAmOnTheReceiptPage() in C:\Users\Kevin Berg\documents\visual studio 2015\Projects\UnitTestProject1\UnitTestProject1\MKIndividualTestsSteps.cs:line 304
   at lambda_method(Closure , IContextManager )
   at TechTalk.SpecFlow.Bindings.BindingInvoker.InvokeBinding(IBinding binding, IContextManager contextManager, Object[] arguments, ITestTracer testTracer, TimeSpan&amp; duration)
   at TechTalk.SpecFlow.Infrastructure.TestExecutionEngine.ExecuteStepMatch(BindingMatch match, Object[] arguments)
   at TechTalk.SpecFlow.Infrastructure.TestExecutionEngine.ExecuteStep(StepInstance stepInstance)
   at TechTalk.SpecFlow.Infrastructure.TestExecutionEngine.OnAfterLastStep()
   at TechTalk.SpecFlow.TestRunner.CollectScenarioErrors()
   at UnitTestProject1.MKIndividualTestsFeature.ScenarioCleanup() in C:\Users\Kevin Berg\documents\visual studio 2015\Projects\UnitTestProject1\UnitTestProject1\MKIndividualTests.feature.cs:line 0
   at UnitTestProject1.MKIndividualTestsFeature.ConfirmInformationOnTheReceiptPage() in C:\Users\Kevin Berg\documents\visual studio 2015\Projects\UnitTestProject1\UnitTestProject1\MKIndividualTests.feature:line 69
   at TechTalk.SpecRun.Framework.TaskExecutors.StaticOrInstanceMethodExecutor.ExecuteInternal(ITestThreadExecutionContext testThreadExecutionContext) in c:\TeamCity\buildAgent\work\1ace6ed01d0a43bb\TechTalk.SpecRun.Framework.Interfaces\TaskExecutors\StaticOrInstanceMethodExecutor.cs:line 40
   at TechTalk.SpecRun.Framework.TaskExecutors.StaticOrInstanceMethodExecutor.Execute(ITestThreadExecutionContext testThreadExecutionContext) in c:\TeamCity\buildAgent\work\1ace6ed01d0a43bb\TechTalk.SpecRun.Framework.Interfaces\TaskExecutors\StaticOrInstanceMethodExecutor.cs:line 21
   at TechTalk.SpecRun.Framework.TestAssemblyExecutor.ExecuteTestNodeTask(TestNode testNode, ITaskExecutor task, TraceEventType eventType) in c:\TeamCity\buildAgent\work\1ace6ed01d0a43bb\TechTalk.SpecRun.Framework.Executor\TestAssemblyExecutor.cs:line 215</pre>
                        </td>
                        <td>Failed in 32.528s</td>
                    </tr>
                    <tr>
                        <td>
                            <pre class="log">When I close the popups</pre>
                        </td>
                        <td>
                            <!--[TestAct: Scenario - Confirm information on the Receipt Page]-->
                            <pre class="log">skipped because of previous errors</pre>
                        </td>
                        <td>Skipped in 0.013s</td>
                    </tr>
                    <tr>
                        <td>
                            <pre class="log">Then I will confirm all the pertinent information</pre>
                        </td>
                        <td>
                            <!--[TestAssert: Scenario - Confirm information on the Receipt Page]-->
                            <pre class="log">skipped because of previous errors</pre>
                        </td>
                        <td>Skipped in 0.027s</td>
                    </tr>
            </table>
	</body>
</html>