<!DOCTYPE html>








<html>
	<head>
        <meta http-equiv="content-type" content="text/html; charset=UTF-8" />
		<title>UnitTestProject1 Test Execution Report</title>
        <script type="text/javascript" src="http://code.jquery.com/jquery-1.6.2.min.js"></script>
        <script type="text/javascript">
            /**
            * jQuery.fn.sortElements
            * --------------
            * #author James Padolsey (http://james.padolsey.com)
            * #version 0.11
            * #updated 18-MAR-2010
            * #url https://raw.github.com/jamespadolsey/jQuery-Plugins/master/sortElements/jquery.sortElements.js
            * --------------
            * #param Function comparator:
            *   Exactly the same behaviour as [1,2,3].sort(comparator)
            *   
            * #param Function getSortable
            *   A function that should return the element that is
            *   to be sorted. The comparator will run on the
            *   current collection, but you may want the actual
            *   resulting sort to occur on a parent or another
            *   associated element.
            *   
            *   E.g. $('td').sortElements(comparator, function(){
            *      return this.parentNode; 
            *   })
            *   
            *   The <td>'s parent (<tr>) will be sorted instead
            *   of the <td> itself.
            */
            jQuery.fn.sortElements = (function () {

                var sort = [].sort;

                return function (comparator, getSortable) {

                    getSortable = getSortable || function () { return this; };

                    var placements = this.map(function () {

                        var sortElement = getSortable.call(this),
                parentNode = sortElement.parentNode,

                        // Since the element itself will change position, we have
                        // to have some way of storing it's original position in
                        // the DOM. The easiest way is to have a 'flag' node:
                nextSibling = parentNode.insertBefore(
                    document.createTextNode(''),
                    sortElement.nextSibling
                );

                        return function () {

                            if (parentNode === this) {
                                throw new Error(
                        "You can't sort elements if any one is a descendant of another."
                    );
                            }

                            // Insert before flag:
                            parentNode.insertBefore(this, nextSibling);
                            // Remove flag:
                            parentNode.removeChild(nextSibling);

                        };

                    });

                    return sort.call(this, comparator).each(function (i) {
                        placements[i].call(getSortable.call(this));
                    });

                };

            })();
        </script>
        <script type="text/javascript">
            jQuery.fn.setBarSizes = (function () {
                return function (metricName, maxBarSize, min) {
                    var max = Math.max.apply(Math, $.makeArray($(this).map(function () { return Number($(this).attr('data-sr-' + metricName)); })));
                    var scale = 1.0;
                    while (max > 0.0 && max <= 10.0) {
                        scale = scale * 10.0;
                        max = max * 10.0;
                    }
                    max = (Math.ceil(max / 2) * 2) / scale;

                    this.each(function () {
                        var barAnchor = $(this).find('a');
                        var actual = $(this).attr('data-sr-' + metricName);
                        var newHeight = Math.max(Math.round(maxBarSize * (actual - min) / (max - min)), 2);
                        barAnchor.css({ height: newHeight });
                    });

                    var unit = "";
                    if (metricName.substr(metricName.length - 4, 4) === "time")
                        unit = "s";

                    $('#testview .scale-min-label').each(function () {
                        $(this).text(min.toString() + unit);
                    });
                    $('#testview .scale-max-label').each(function () {
                        $(this).text(max.toString() + unit);
                    });
                    var mid = max / 2;
                    $('#testview .scale-mid-label').each(function () {
                        $(this).text(mid.toString() + unit);
                    });
                };
            })();

            function getComparer(metricName, isDesc) {
                return function (a, b) {
                    var aNumber = Number($(a).attr('data-sr-' + metricName));
                    var bNumber = Number($(b).attr('data-sr-' + metricName));
                    var result = aNumber > bNumber ? 1 : (aNumber < bNumber ? -1 : 0);
                    if (isDesc)
                        result = -1 * result;

                    if (result == 0 && metricName != "order")
                        result = getComparer("order", false)(a, b);

                    return result;
                };
            }

            var currentSort = "";
            function doSort(allowToggleDesc) {
                var newSort = $("input[name='barSortOrder']:checked").val();
                if (allowToggleDesc && currentSort == newSort) {
                    $('#barSortDesc').click();
                    doSort(false);
                    return;
                }
                currentSort = newSort;
                $('#testview td.testview-item').sortElements(getComparer(newSort, $('#barSortDesc').is(':checked')));
            }


            function doSetHeights(allowSort) {
                var selectedMetric = $("input[name='barHeight']:checked").val();
                $('#testview td.testview-item').setBarSizes(selectedMetric, 60, 0.0);

                if (allowSort && currentSort != selectedMetric) {
                    var $radios = $("input[name='barSortOrder']");
                    $radios.filter('[value=' + selectedMetric + ']').attr('checked', true);
                    $("#barSortDesc").attr("checked", [true]);
                    doSort(false);
                }
            }

            $(document).ready(function () {
                $("input[name='barSortOrder']").click(function () { doSort(true); return true; });
                $("input[name='barSortDesc']").change(function () { doSort(false); });
                $("input[name='barHeight']").change(function () { doSetHeights(true); });

                doSort(false);
                doSetHeights(false);

                $("div.scrollable").css({ 'overflow': 'auto' });
            });
        </script>

        <style type="text/css">
            body 
            {
                color: #000000;
                font-family: Arial,Liberation Sans,DejaVu Sans,sans-serif;
                line-height: 130%;
            }
            h1 {
                font-family: Trebuchet MS,Liberation Sans,DejaVu Sans,sans-serif;
                font-size: 170%;
                font-weight: bold;
            }            
            h2 {
                font-family: Trebuchet MS,Liberation Sans,DejaVu Sans,sans-serif;
                font-size: 130%;
                font-weight: bold;
                margin-bottom: 5px;
            }            
            h3 {
                font-family: Trebuchet MS,Liberation Sans,DejaVu Sans,sans-serif;
                font-size: 120%;
                font-weight: bold;
                margin-bottom: 5px;
            }            
            a.bar
            {
                text-decoration: none;
                display: block;
                line-height: 1px;
            }
            .description
            {
                font-style: italic;
            }
            .log 
            {
                width: 600px;
                white-space: pre-wrap;
                display: block;
                margin: 0px;
            }
            .errorMessage 
            {
                width: 600px;
                color: Red;
                font-weight: bold;
            }
            .stackTrace 
            {
                width: 600px;
                white-space: pre-wrap;
                font-style: italic;
                color: Red;
                display: block;
            }
            table.testEvents
            {
                border: solid 1px #e8eef4;
                border-collapse: collapse;
            }
            table.testEvents td
            {
                vertical-align: top;
                padding: 5px;
                border: solid 1px #e8eef4;
            }
            table.testEvents th
            {
                padding: 6px 5px;
                text-align: left;
                background-color: #e8eef4;
                border: solid 1px #e8eef4;                
            }
            .comment
            {
                font-style: italic;
                font-size: smaller;
            }
            .startupBar
            {
                background-color: #EEEEEE;
                cursor: default;
            }
            
            .colorSucceeded
            {
                background-color: #90ED7B;
            }
            .colorIgnored
            {
                background-color: #FFFF85;
            }
            .colorPending
            {
                background-color: #D47BED;
            }
            .colorNothingToRun
            {
                background-color: #CCCCFF;
            }
            .colorSkipped
            {
                background-color: #CCCCFF;
            }
            .colorInconclusive
            {
                background-color: #7BEDED;
            }
            .colorCleanupFailed
            {
                background-color: #FFCCCC;
            }
            .colorRandomlyFailed
            {
                background-color: #EDB07B;
            }
            .colorFailed
            {
                background-color: #ED5F5F;
            }
            .colorInitializationFailed
            {
                background-color: #FF0000;
            }
            .colorFrameworkError
            {
                background-color: #FF0000;
            }
            ul.subNodeLinks
            {
                padding-left: 20px;
                margin: 0px;
            }
            ul.subNodeLinks li
            {
                list-style: none;
            }
            
            /* views general */
            div.scrollable
            {
                /*overflow: auto; - thsi has to be set from js, because of an IE9 bug */
            }
            div.viewbox
            {
                position: relative;
                border: 3px solid #e8eef4;
            }
            div.viewbox table
            {
                border: 0px;
            }
                        
            /* testview */
            #testview
            {
                padding-top: 23px;
            }
            
            table.testview-items td
            {
                vertical-align: bottom;
                padding: 0px 1px 0px 1px;
            }
            td.right-padding, td.left-padding
            {
                width: 25px;
                min-width: 25px;
            }
            table.testview-items a.bar
            {
                width: 5px;
            }
            table.testview-items tr.testview-items-row
            {
                height: 60px;
            }
            
            /* scale */
            table.vertical-scale 
            {
                position: absolute;
                top: 23px;
                left: 0px;
                width: 100%;
                z-index: -100;
            }
            table.vertical-scale td, tr.horizontal-scale td
            {
                font-size: 60%;
                line-height: normal;
            }
            table.vertical-scale tr.scale-max, table.vertical-scale tr.scale-mid 
            {
                height: 30px;
            }
            tr.horizontal-scale, table.vertical-scale tr.scale-min 
            {
                height: 12px;
            }
            
            td.scale-max-label, td.scale-mid-label, td.scale-min-label
            {
                border-top: solid 1px #E6E6E6;
                text-align: left;
                vertical-align: top;
            }
            td.scale-10-label
            {
                border-left: solid 1px #E6E6E6;
                text-align: left;
                vertical-align: bottom;
                padding-left: 1px;
            }
            tr.scale-mid td, tr.scale-min td, tr.scale-max td
            {
                border-top: solid 1px #E6E6E6;
            }
           
            
            /* bar-control */
            #bar-control
            {
                font-size: 60%;
                line-height: normal;
                position: absolute;
                right: 0px;
                top: 0px;
            }
            #bar-control label
            {
                font-weight: bold;
                vertical-align: middle;
            }
            #bar-control .option
            {
                vertical-align: middle;
                text-transform: lowercase;
            }
            #bar-control input[type="checkbox"]
            {
                padding: 0 2px 0 3px;
            }
            #bar-control input
            {
                vertical-align: top;
                height: 12px;
                margin: 0px;
                padding: 0px;
            }
            #bar-control div
            {
                float: right;
                margin: 3px 5px 3px 5px;
            }
            
            
            /* timeline view */
            #timelineview
            {
                padding-top: 5px;
            }
            table.timelineview a
            {
                height: 20px;
            }
            table.timelineview td
            {
                vertical-align: bottom;
                padding: 0px 1px 0px 0px;
                border: 0px;
            }
            tr.thread-items-row
            {
                height: 25px;
            }
            tr.thread-items-row td
            {
                vertical-align: bottom;
            }
            td.thread-label
            {
                padding: 0px 6px 0px 6px;
                text-align: right;
                line-height: 18px;
                vertical-align: bottom;
            }
            th.thread-label
            {
                padding: 3px 6px 0px 6px;
                line-height: 18px;
                text-align: left;
                vertical-align: bottom;
            }
        </style>
	</head>
	<body>
        <h1>UnitTestProject1 Test Execution Report</h1>
        <ul>
            <li>Project: UnitTestProject1</li>
            <li>Configuration: Default</li>
            <li>Test Assemblies: C:\Users\Kevin Berg\documents\visual studio 2015\Projects\UnitTestProject1\UnitTestProject1\bin\Debug\UnitTestProject1.dll</li>
            <li>Start Time: 1/8/2016 4:56:21 PM</li>
            <li>Duration: 00:00:59.5520908</li>
            <li>Test Threads: 10</li>
        </ul>

        <h2>Result: 3 failed</h2>
        <table class="testEvents">
                <tr>
        <th colspan="2">Success rate</th>
        <th>Tests</th>
        <th>Succeeded</th>
        <th>Failed</th>
        <th>Pending</th>
        <th>Ignored</th>
        <th>Skipped</th>
    </tr>

                <tr>
            <td>
            60%
    </td>
    <td>
        <table class="timelineview" cellpadding="0" cellspacing="0">
            <tr>
                    <td>
                        <a class="bar colorSucceeded" 
                                style="width: 119px;" 
                                title="6 succeeded" 
                                />
                    </td>
                    <td>
                        <a class="bar colorFailed" 
                                style="width: 59px;" 
                                title="3 failed" 
                            href="#error_summary"
                                />
                    </td>
                    <td>
                        <a class="bar colorPending" 
                                style="width: 19px;" 
                                title="1 pending" 
                                />
                    </td>
            </tr>
        </table>
    </td>
    <td>10</td>
    <td>6</td>
    <td>3</td>
    <td>1</td>
    <td>0</td>
    <td>0</td>

    </tr>

        </table>
        
        <h2>Test Timeline Summary</h2>
        <div id="timelineview" class="viewbox">
            <div class="scrollable">
                <table cellpadding="0" cellspacing="0">
                    <tr>
                        <th class="thread-label" colspan="2">thread</th>
                    </tr>
                        <tr class="thread-items-row">
                            <td class="thread-label" title="Machine: DESKTOP-N7IQCOC">#0</td>
                            <td colspan="1">
                                <table class="timelineview" cellpadding="0" cellspacing="0">
                                    <tr>
                                            <td>
        <a
            class="bar startupBar" 
            style="width: 3px;" 
                title="test thread startup" 
        >&nbsp;</a>
    </td>

    <td>
        <a
            class="bar colorSucceeded" 
            style="width: 25px;" 
                title="Verify Title 1 (in GuineaPig)" 
                href="#t75336259.0"
        >&nbsp;</a>
    </td>
                                    </tr>
                                </table>
                            </td>
                        </tr>
                        <tr class="thread-items-row">
                            <td class="thread-label" title="Machine: DESKTOP-N7IQCOC">#1</td>
                            <td colspan="1">
                                <table class="timelineview" cellpadding="0" cellspacing="0">
                                    <tr>
                                            <td>
        <a
            class="bar startupBar" 
            style="width: 3px;" 
                title="test thread startup" 
        >&nbsp;</a>
    </td>

    <td>
        <a
            class="bar colorSucceeded" 
            style="width: 24px;" 
                title="Verify Title 2 (in GuineaPig)" 
                href="#t75401795.0"
        >&nbsp;</a>
    </td>
                                    </tr>
                                </table>
                            </td>
                        </tr>
                        <tr class="thread-items-row">
                            <td class="thread-label" title="Machine: DESKTOP-N7IQCOC">#2</td>
                            <td colspan="1">
                                <table class="timelineview" cellpadding="0" cellspacing="0">
                                    <tr>
                                            <td>
        <a
            class="bar startupBar" 
            style="width: 3px;" 
                title="test thread startup" 
        >&nbsp;</a>
    </td>

    <td>
        <a
            class="bar colorSucceeded" 
            style="width: 25px;" 
                title="Verify Title 3 (in GuineaPig)" 
                href="#t75467331.0"
        >&nbsp;</a>
    </td>
                                    </tr>
                                </table>
                            </td>
                        </tr>
                        <tr class="thread-items-row">
                            <td class="thread-label" title="Machine: DESKTOP-N7IQCOC">#3</td>
                            <td colspan="1">
                                <table class="timelineview" cellpadding="0" cellspacing="0">
                                    <tr>
                                            <td>
        <a
            class="bar startupBar" 
            style="width: 3px;" 
                title="test thread startup" 
        >&nbsp;</a>
    </td>

    <td>
        <a
            class="bar colorPending" 
            style="width: 23px;" 
                title="End to End (in SpecFlowFeature1)" 
                href="#t884731088.0"
        >&nbsp;</a>
    </td>
                                    </tr>
                                </table>
                            </td>
                        </tr>
                        <tr class="thread-items-row">
                            <td class="thread-label" title="Machine: DESKTOP-N7IQCOC">#4</td>
                            <td colspan="1">
                                <table class="timelineview" cellpadding="0" cellspacing="0">
                                    <tr>
                                            <td>
        <a
            class="bar startupBar" 
            style="width: 3px;" 
                title="test thread startup" 
        >&nbsp;</a>
    </td>

    <td>
        <a
            class="bar colorFailed" 
            style="width: 64px;" 
                title="Confirm Alert is Present and Dismiss (in MK Individual Tests)" 
                href="#t162003897.0"
        >&nbsp;</a>
    </td>
                                    </tr>
                                </table>
                            </td>
                        </tr>
                        <tr class="thread-items-row">
                            <td class="thread-label" title="Machine: DESKTOP-N7IQCOC">#5</td>
                            <td colspan="1">
                                <table class="timelineview" cellpadding="0" cellspacing="0">
                                    <tr>
                                            <td>
        <a
            class="bar startupBar" 
            style="width: 3px;" 
                title="test thread startup" 
        >&nbsp;</a>
    </td>

    <td>
        <a
            class="bar colorFailed" 
            style="width: 65px;" 
                title="Confirm Alert is Present and Dismiss 2 (in MK Individual Tests)" 
                href="#t611163774.0"
        >&nbsp;</a>
    </td>
                                    </tr>
                                </table>
                            </td>
                        </tr>
                        <tr class="thread-items-row">
                            <td class="thread-label" title="Machine: DESKTOP-N7IQCOC">#6</td>
                            <td colspan="1">
                                <table class="timelineview" cellpadding="0" cellspacing="0">
                                    <tr>
                                            <td>
        <a
            class="bar startupBar" 
            style="width: 3px;" 
                title="test thread startup" 
        >&nbsp;</a>
    </td>

    <td>
        <a
            class="bar colorSucceeded" 
            style="width: 37px;" 
                title="Confirm Alert is Present and Dismiss 3 (in MK Individual Tests)" 
                href="#t611098238.0"
        >&nbsp;</a>
    </td>
                                    </tr>
                                </table>
                            </td>
                        </tr>
                        <tr class="thread-items-row">
                            <td class="thread-label" title="Machine: DESKTOP-N7IQCOC">#7</td>
                            <td colspan="1">
                                <table class="timelineview" cellpadding="0" cellspacing="0">
                                    <tr>
                                            <td>
        <a
            class="bar startupBar" 
            style="width: 3px;" 
                title="test thread startup" 
        >&nbsp;</a>
    </td>

    <td>
        <a
            class="bar colorFailed" 
            style="width: 54px;" 
                title="Confirm Alert is Present and Dismiss 4 (in MK Individual Tests)" 
                href="#t610508414.0"
        >&nbsp;</a>
    </td>
                                    </tr>
                                </table>
                            </td>
                        </tr>
                        <tr class="thread-items-row">
                            <td class="thread-label" title="Machine: DESKTOP-N7IQCOC">#8</td>
                            <td colspan="1">
                                <table class="timelineview" cellpadding="0" cellspacing="0">
                                    <tr>
                                            <td>
        <a
            class="bar startupBar" 
            style="width: 3px;" 
                title="test thread startup" 
        >&nbsp;</a>
    </td>

    <td>
        <a
            class="bar colorSucceeded" 
            style="width: 47px;" 
                title="Confirm Alert is Present and Dismiss 5 (in MK Individual Tests)" 
                href="#t610442878.0"
        >&nbsp;</a>
    </td>
                                    </tr>
                                </table>
                            </td>
                        </tr>
                        <tr class="thread-items-row">
                            <td class="thread-label" title="Machine: DESKTOP-N7IQCOC">#9</td>
                            <td colspan="1">
                                <table class="timelineview" cellpadding="0" cellspacing="0">
                                    <tr>
                                            <td>
        <a
            class="bar startupBar" 
            style="width: 3px;" 
                title="test thread startup" 
        >&nbsp;</a>
    </td>

    <td>
        <a
            class="bar colorSucceeded" 
            style="width: 46px;" 
                title="Confirm Alert is Present and Dismiss 6 (in MK Individual Tests)" 
                href="#t610377342.0"
        >&nbsp;</a>
    </td>
                                    </tr>
                                </table>
                            </td>
                        </tr>
                    <tr class="horizontal-scale">
                        <td>&nbsp;</td>
                        <td class="scale-10-label">0s</td>
                    </tr>
                </table>
            </div>
        </div>

        <h2>Test Result View</h2>
        <div id="testview" class="viewbox">
            <div id="bar-control">
                <div id="bar-control-sort">
                    <label>sort by:</label>
                    <span class="option"><input type="radio" name="barSortOrder" value="exectime" />Time</span>
                    <span class="option"><input type="radio" name="barSortOrder" value="acttime" />Act Time</span>
                    <span class="option"><input type="radio" name="barSortOrder" value="order" />Execution</span>
                    <span class="option"><input type="radio" name="barSortOrder" value="rescode" checked="checked" />Result</span>
                    <span class="option"><input type="checkbox" name="barSortDesc" id="barSortDesc" checked="checked" />desc</span>
                </div>
                <div id="bar-control-heights">
                    <label>heights:</label>
                    <span class="option"><input type="radio" checked="checked" name="barHeight" value="exectime" />Time</span>
                    <span class="option"><input type="radio" name="barHeight" value="acttime" />Act Time</span>
                    
                </div>
            </div>
            <table class="vertical-scale" cellpadding="0" cellspacing="0">
                <tr class="scale-max">
                    <td class="left-padding scale-max-label">&nbsp;</td>
                    <td colspan="10">&nbsp;</td>
                    <td class="right-padding">&nbsp;</td>
                </tr>
                <tr class="scale-mid">
                    <td class="left-padding scale-mid-label">&nbsp;</td>
                    <td colspan="10">&nbsp;</td>
                    <td class="right-padding">&nbsp;</td>
                </tr>
                <tr class="scale-min">
                    <td class="left-padding scale-min-label">&nbsp;</td>
                    <td colspan="10">&nbsp;</td>
                    <td class="right-padding">&nbsp;</td>
                </tr>
            </table>
            <div class="scrollable">
                <table class="testview-items" cellpadding="0" cellspacing="0">
                    <tr class="testview-items-row">
                        <td class="left-padding">&nbsp;</td>
    <td class="testview-item" 
        data-sr-exectime="25.1799702" data-sr-rescode="110" data-sr-order="0" data-sr-acttime="0.093">
        <a
            class="bar colorSucceeded" 
            style="height: 26px;"
            title="Verify Title 1 (in GuineaPig)"
            href="#t75336259.0">&nbsp;</a>
    </td>
    <td class="testview-item" 
        data-sr-exectime="24.0989277" data-sr-rescode="110" data-sr-order="1" data-sr-acttime="0.186">
        <a
            class="bar colorSucceeded" 
            style="height: 25px;"
            title="Verify Title 2 (in GuineaPig)"
            href="#t75401795.0">&nbsp;</a>
    </td>
    <td class="testview-item" 
        data-sr-exectime="24.8869576" data-sr-rescode="110" data-sr-order="2" data-sr-acttime="0.132">
        <a
            class="bar colorSucceeded" 
            style="height: 25px;"
            title="Verify Title 3 (in GuineaPig)"
            href="#t75467331.0">&nbsp;</a>
    </td>
    <td class="testview-item" 
        data-sr-exectime="34.3642753" data-sr-rescode="110" data-sr-order="6" data-sr-acttime="4.056">
        <a
            class="bar colorSucceeded" 
            style="height: 35px;"
            title="Confirm Alert is Present and Dismiss 3 (in MK Individual Tests)"
            href="#t611098238.0">&nbsp;</a>
    </td>
    <td class="testview-item" 
        data-sr-exectime="42.0105111" data-sr-rescode="110" data-sr-order="7" data-sr-acttime="4.161">
        <a
            class="bar colorSucceeded" 
            style="height: 43px;"
            title="Confirm Alert is Present and Dismiss 5 (in MK Individual Tests)"
            href="#t610442878.0">&nbsp;</a>
    </td>
    <td class="testview-item" 
        data-sr-exectime="41.2734867" data-sr-rescode="110" data-sr-order="9" data-sr-acttime="4.081">
        <a
            class="bar colorSucceeded" 
            style="height: 42px;"
            title="Confirm Alert is Present and Dismiss 6 (in MK Individual Tests)"
            href="#t610377342.0">&nbsp;</a>
    </td>
    <td class="testview-item" 
        data-sr-exectime="23.3648993" data-sr-rescode="210" data-sr-order="3" data-sr-acttime="0.0">
        <a
            class="bar colorPending" 
            style="height: 24px;"
            title="End to End (in SpecFlowFeature1)"
            href="#t884731088.0">&nbsp;</a>
    </td>
    <td class="testview-item" 
        data-sr-exectime="58.2620494" data-sr-rescode="440" data-sr-order="4" data-sr-acttime="0.002">
        <a
            class="bar colorFailed" 
            style="height: 60px;"
            title="Confirm Alert is Present and Dismiss (in MK Individual Tests)"
            href="#t162003897.0">&nbsp;</a>
    </td>
    <td class="testview-item" 
        data-sr-exectime="58.5710551" data-sr-rescode="440" data-sr-order="5" data-sr-acttime="0.003">
        <a
            class="bar colorFailed" 
            style="height: 60px;"
            title="Confirm Alert is Present and Dismiss 2 (in MK Individual Tests)"
            href="#t611163774.0">&nbsp;</a>
    </td>
    <td class="testview-item" 
        data-sr-exectime="48.2057112" data-sr-rescode="440" data-sr-order="8" data-sr-acttime="0.002">
        <a
            class="bar colorFailed" 
            style="height: 49px;"
            title="Confirm Alert is Present and Dismiss 4 (in MK Individual Tests)"
            href="#t610508414.0">&nbsp;</a>
    </td>
                        <td class="right-padding">&nbsp;</td>
                    </tr>
                    <tr class="horizontal-scale">
                        <td class="left-padding">&nbsp;</td>
                        <td colspan="10">&nbsp;</td>
                    </tr>
                </table>
            </div>
        </div>

        <h2>Feature Summary</h2>
        <table class="testEvents">
                <tr>
            <th>Feature</th>
        <th colspan="2">Success rate</th>
        <th>Tests</th>
        <th>Succeeded</th>
        <th>Failed</th>
        <th>Pending</th>
        <th>Ignored</th>
        <th>Skipped</th>
    </tr>

    <tr>
            <td><a href="#f2095038673">GuineaPig</a></td>
            <td>
            100%
    </td>
    <td>
        <table class="timelineview" cellpadding="0" cellspacing="0">
            <tr>
                    <td>
                        <a class="bar colorSucceeded" 
                                style="width: 199px;" 
                                title="3 succeeded" 
                                />
                    </td>
            </tr>
        </table>
    </td>
    <td>3</td>
    <td>3</td>
    <td>0</td>
    <td>0</td>
    <td>0</td>
    <td>0</td>

    </tr>
    <tr>
            <td><a href="#f-1729506386">MK Individual Tests</a></td>
            <td>
            50%
    </td>
    <td>
        <table class="timelineview" cellpadding="0" cellspacing="0">
            <tr>
                    <td>
                        <a class="bar colorSucceeded" 
                                style="width: 99px;" 
                                title="3 succeeded" 
                                />
                    </td>
                    <td>
                        <a class="bar colorFailed" 
                                style="width: 99px;" 
                                title="3 failed" 
                            href="#error_summary"
                                />
                    </td>
            </tr>
        </table>
    </td>
    <td>6</td>
    <td>3</td>
    <td>3</td>
    <td>0</td>
    <td>0</td>
    <td>0</td>

    </tr>
    <tr>
            <td><a href="#f-1532574780">SpecFlowFeature1</a></td>
            <td>
            0%
    </td>
    <td>
        <table class="timelineview" cellpadding="0" cellspacing="0">
            <tr>
                    <td>
                        <a class="bar colorPending" 
                                style="width: 199px;" 
                                title="1 pending" 
                                />
                    </td>
            </tr>
        </table>
    </td>
    <td>1</td>
    <td>0</td>
    <td>0</td>
    <td>1</td>
    <td>0</td>
    <td>0</td>

    </tr>
        </table>

        <a name="error_summary" />
        <h2>Error Summary</h2>
        <table class="testEvents">
                <tr>
            <th>Test</th>
        <th colspan="2">Success rate</th>
        <th>Tests</th>
        <th>Succeeded</th>
        <th>Failed</th>
        <th>Pending</th>
        <th>Ignored</th>
        <th>Skipped</th>
    </tr>

                <tr>
                    <td>
                        <a href="#t162003897.0">Confirm Alert is Present and Dismiss (in UnitTestProject1, MK Individual Tests)</a>
                    </td>
                        <td>
            0%
    </td>
    <td>
        <table class="timelineview" cellpadding="0" cellspacing="0">
            <tr>
                    <td>
                        <a class="bar colorFailed" 
                                style="width: 199px;" 
                                title="1 failed" 
                            href="#error_summary"
                                />
                    </td>
            </tr>
        </table>
    </td>
    <td>1</td>
    <td>0</td>
    <td>1</td>
    <td>0</td>
    <td>0</td>
    <td>0</td>

                </tr>
                <tr>
                    <td colspan="9" style="padding-left: 20px;"><div class="errorMessage">Error: Could not find element by: By.Id: mf234</div></td>
                </tr>
                <tr>
                    <td>
                        <a href="#t611163774.0">Confirm Alert is Present and Dismiss 2 (in UnitTestProject1, MK Individual Tests)</a>
                    </td>
                        <td>
            0%
    </td>
    <td>
        <table class="timelineview" cellpadding="0" cellspacing="0">
            <tr>
                    <td>
                        <a class="bar colorFailed" 
                                style="width: 199px;" 
                                title="1 failed" 
                            href="#error_summary"
                                />
                    </td>
            </tr>
        </table>
    </td>
    <td>1</td>
    <td>0</td>
    <td>1</td>
    <td>0</td>
    <td>0</td>
    <td>0</td>

                </tr>
                <tr>
                    <td colspan="9" style="padding-left: 20px;"><div class="errorMessage">Error: Could not find element by: By.Id: mf234</div></td>
                </tr>
                <tr>
                    <td>
                        <a href="#t610508414.0">Confirm Alert is Present and Dismiss 4 (in UnitTestProject1, MK Individual Tests)</a>
                    </td>
                        <td>
            0%
    </td>
    <td>
        <table class="timelineview" cellpadding="0" cellspacing="0">
            <tr>
                    <td>
                        <a class="bar colorFailed" 
                                style="width: 199px;" 
                                title="1 failed" 
                            href="#error_summary"
                                />
                    </td>
            </tr>
        </table>
    </td>
    <td>1</td>
    <td>0</td>
    <td>1</td>
    <td>0</td>
    <td>0</td>
    <td>0</td>

                </tr>
                <tr>
                    <td colspan="9" style="padding-left: 20px;"><div class="errorMessage">Error: Could not find element by: By.Id: mf234</div></td>
                </tr>
        </table>

        <h2>Scenario Summary</h2>
            <a name="f2095038673" />
            <h3>Feature: GuineaPig</h3>
                <div class="description">
                    Testing various aspects of the Sauce Labs Guinea Pig website
                </div>
            <table class="testEvents">
                    <tr>
            <th>Test</th>
        <th colspan="2">Success rate</th>
        <th>Tests</th>
        <th>Succeeded</th>
        <th>Failed</th>
        <th>Pending</th>
        <th>Ignored</th>
        <th>Skipped</th>
    </tr>

                    <tr>
                        <td>
                                    <a href="#t75336259.0">Scenario: Verify Title 1</a>

                        </td>
                            <td>
            100%
    </td>
    <td>
        <table class="timelineview" cellpadding="0" cellspacing="0">
            <tr>
                    <td>
                        <a class="bar colorSucceeded" 
                                style="width: 199px;" 
                                title="1 succeeded" 
                                />
                    </td>
            </tr>
        </table>
    </td>
    <td>1</td>
    <td>1</td>
    <td>0</td>
    <td>0</td>
    <td>0</td>
    <td>0</td>

                    </tr>
                    <tr>
                        <td>
                                    <a href="#t75401795.0">Scenario: Verify Title 2</a>

                        </td>
                            <td>
            100%
    </td>
    <td>
        <table class="timelineview" cellpadding="0" cellspacing="0">
            <tr>
                    <td>
                        <a class="bar colorSucceeded" 
                                style="width: 199px;" 
                                title="1 succeeded" 
                                />
                    </td>
            </tr>
        </table>
    </td>
    <td>1</td>
    <td>1</td>
    <td>0</td>
    <td>0</td>
    <td>0</td>
    <td>0</td>

                    </tr>
                    <tr>
                        <td>
                                    <a href="#t75467331.0">Scenario: Verify Title 3</a>

                        </td>
                            <td>
            100%
    </td>
    <td>
        <table class="timelineview" cellpadding="0" cellspacing="0">
            <tr>
                    <td>
                        <a class="bar colorSucceeded" 
                                style="width: 199px;" 
                                title="1 succeeded" 
                                />
                    </td>
            </tr>
        </table>
    </td>
    <td>1</td>
    <td>1</td>
    <td>0</td>
    <td>0</td>
    <td>0</td>
    <td>0</td>

                    </tr>
            </table>
            <a name="f-1729506386" />
            <h3>Feature: MK Individual Tests</h3>
                <div class="description">
                    Scenarios designed to test single aspect of the Miles Kimball Website
                </div>
            <table class="testEvents">
                    <tr>
            <th>Test</th>
        <th colspan="2">Success rate</th>
        <th>Tests</th>
        <th>Succeeded</th>
        <th>Failed</th>
        <th>Pending</th>
        <th>Ignored</th>
        <th>Skipped</th>
    </tr>

                    <tr>
                        <td>
                                    <a href="#t162003897.0">Scenario: Confirm Alert is Present and Dismiss</a>

                        </td>
                            <td>
            0%
    </td>
    <td>
        <table class="timelineview" cellpadding="0" cellspacing="0">
            <tr>
                    <td>
                        <a class="bar colorFailed" 
                                style="width: 199px;" 
                                title="1 failed" 
                            href="#error_summary"
                                />
                    </td>
            </tr>
        </table>
    </td>
    <td>1</td>
    <td>0</td>
    <td>1</td>
    <td>0</td>
    <td>0</td>
    <td>0</td>

                    </tr>
                    <tr>
                        <td>
                                    <a href="#t611163774.0">Scenario: Confirm Alert is Present and Dismiss 2</a>

                        </td>
                            <td>
            0%
    </td>
    <td>
        <table class="timelineview" cellpadding="0" cellspacing="0">
            <tr>
                    <td>
                        <a class="bar colorFailed" 
                                style="width: 199px;" 
                                title="1 failed" 
                            href="#error_summary"
                                />
                    </td>
            </tr>
        </table>
    </td>
    <td>1</td>
    <td>0</td>
    <td>1</td>
    <td>0</td>
    <td>0</td>
    <td>0</td>

                    </tr>
                    <tr>
                        <td>
                                    <a href="#t611098238.0">Scenario: Confirm Alert is Present and Dismiss 3</a>

                        </td>
                            <td>
            100%
    </td>
    <td>
        <table class="timelineview" cellpadding="0" cellspacing="0">
            <tr>
                    <td>
                        <a class="bar colorSucceeded" 
                                style="width: 199px;" 
                                title="1 succeeded" 
                                />
                    </td>
            </tr>
        </table>
    </td>
    <td>1</td>
    <td>1</td>
    <td>0</td>
    <td>0</td>
    <td>0</td>
    <td>0</td>

                    </tr>
                    <tr>
                        <td>
                                    <a href="#t610508414.0">Scenario: Confirm Alert is Present and Dismiss 4</a>

                        </td>
                            <td>
            0%
    </td>
    <td>
        <table class="timelineview" cellpadding="0" cellspacing="0">
            <tr>
                    <td>
                        <a class="bar colorFailed" 
                                style="width: 199px;" 
                                title="1 failed" 
                            href="#error_summary"
                                />
                    </td>
            </tr>
        </table>
    </td>
    <td>1</td>
    <td>0</td>
    <td>1</td>
    <td>0</td>
    <td>0</td>
    <td>0</td>

                    </tr>
                    <tr>
                        <td>
                                    <a href="#t610442878.0">Scenario: Confirm Alert is Present and Dismiss 5</a>

                        </td>
                            <td>
            100%
    </td>
    <td>
        <table class="timelineview" cellpadding="0" cellspacing="0">
            <tr>
                    <td>
                        <a class="bar colorSucceeded" 
                                style="width: 199px;" 
                                title="1 succeeded" 
                                />
                    </td>
            </tr>
        </table>
    </td>
    <td>1</td>
    <td>1</td>
    <td>0</td>
    <td>0</td>
    <td>0</td>
    <td>0</td>

                    </tr>
                    <tr>
                        <td>
                                    <a href="#t610377342.0">Scenario: Confirm Alert is Present and Dismiss 6</a>

                        </td>
                            <td>
            100%
    </td>
    <td>
        <table class="timelineview" cellpadding="0" cellspacing="0">
            <tr>
                    <td>
                        <a class="bar colorSucceeded" 
                                style="width: 199px;" 
                                title="1 succeeded" 
                                />
                    </td>
            </tr>
        </table>
    </td>
    <td>1</td>
    <td>1</td>
    <td>0</td>
    <td>0</td>
    <td>0</td>
    <td>0</td>

                    </tr>
            </table>
            <a name="f-1532574780" />
            <h3>Feature: SpecFlowFeature1</h3>
                <div class="description">
                    Tests the entire test case from beginning to end
                </div>
            <table class="testEvents">
                    <tr>
            <th>Test</th>
        <th colspan="2">Success rate</th>
        <th>Tests</th>
        <th>Succeeded</th>
        <th>Failed</th>
        <th>Pending</th>
        <th>Ignored</th>
        <th>Skipped</th>
    </tr>

                    <tr>
                        <td>
                                    <a href="#t884731088.0">Scenario: End to End</a>

                        </td>
                            <td>
            0%
    </td>
    <td>
        <table class="timelineview" cellpadding="0" cellspacing="0">
            <tr>
                    <td>
                        <a class="bar colorPending" 
                                style="width: 199px;" 
                                title="1 pending" 
                                />
                    </td>
            </tr>
        </table>
    </td>
    <td>1</td>
    <td>0</td>
    <td>0</td>
    <td>1</td>
    <td>0</td>
    <td>0</td>

                    </tr>
            </table>

        <h2>Execution Details</h2>
            <a name="t75336259.0" />
            <h3>Scenario: Verify Title 1 (in UnitTestProject1, GuineaPig)</h3>
            <ul>
                <li>Status: Succeeded</li>
                <li>Start time: 1/8/2016 4:56:22 PM</li>
                <li>Execution time (sec): 25.1799702</li>
                <li>Thread: #0</li>
            </ul>
            <table class="testEvents">
                <tr>
                    <th>Steps</th>
                    <th>Trace</th>
                    <th>Result</th>
                </tr>
                    <tr>
                        <td>
                            <pre class="log">Given I am on the Guinea Pig Website</pre>
                        </td>
                        <td>
                            <!--[TestArrange: Scenario - Verify Title 1]-->
                            <pre class="log">done: GuineaPigSteps.GivenIAmOnTheGuineaPigWebsite() (1.9s)</pre>
                        </td>
                        <td>Succeeded in 23.226s</td>
                    </tr>
                    <tr>
                        <td>
                            <pre class="log">When I check the title</pre>
                        </td>
                        <td>
                            <!--[TestAct: Scenario - Verify Title 1]-->
                            <pre class="log">I am a page title - Sauce Labs
done: GuineaPigSteps.WhenICheckTheTitle() (0.1s)</pre>
                        </td>
                        <td>Succeeded in 0.093s</td>
                    </tr>
                    <tr>
                        <td>
                            <pre class="log">Then the title should be what I expect</pre>
                        </td>
                        <td>
                            <!--[TestAssert: Scenario - Verify Title 1]-->
                            <pre class="log">done: GuineaPigSteps.ThenTheTitleShouldBeWhatIExpect() (0.0s)</pre>
                        </td>
                        <td>Succeeded in 0.052s</td>
                    </tr>
            </table>
            <a name="t75401795.0" />
            <h3>Scenario: Verify Title 2 (in UnitTestProject1, GuineaPig)</h3>
            <ul>
                <li>Status: Succeeded</li>
                <li>Start time: 1/8/2016 4:56:22 PM</li>
                <li>Execution time (sec): 24.0989277</li>
                <li>Thread: #1</li>
            </ul>
            <table class="testEvents">
                <tr>
                    <th>Steps</th>
                    <th>Trace</th>
                    <th>Result</th>
                </tr>
                    <tr>
                        <td>
                            <pre class="log">Given I am on the Guinea Pig Website</pre>
                        </td>
                        <td>
                            <!--[TestArrange: Scenario - Verify Title 2]-->
                            <pre class="log">done: GuineaPigSteps.GivenIAmOnTheGuineaPigWebsite() (1.4s)</pre>
                        </td>
                        <td>Succeeded in 21.207s</td>
                    </tr>
                    <tr>
                        <td>
                            <pre class="log">When I check the title</pre>
                        </td>
                        <td>
                            <!--[TestAct: Scenario - Verify Title 2]-->
                            <pre class="log">I am a page title - Sauce Labs
done: GuineaPigSteps.WhenICheckTheTitle() (0.2s)</pre>
                        </td>
                        <td>Succeeded in 0.186s</td>
                    </tr>
                    <tr>
                        <td>
                            <pre class="log">Then the title should be what I expect</pre>
                        </td>
                        <td>
                            <!--[TestAssert: Scenario - Verify Title 2]-->
                            <pre class="log">done: GuineaPigSteps.ThenTheTitleShouldBeWhatIExpect() (0.1s)</pre>
                        </td>
                        <td>Succeeded in 0.06s</td>
                    </tr>
            </table>
            <a name="t75467331.0" />
            <h3>Scenario: Verify Title 3 (in UnitTestProject1, GuineaPig)</h3>
            <ul>
                <li>Status: Succeeded</li>
                <li>Start time: 1/8/2016 4:56:22 PM</li>
                <li>Execution time (sec): 24.8869576</li>
                <li>Thread: #2</li>
            </ul>
            <table class="testEvents">
                <tr>
                    <th>Steps</th>
                    <th>Trace</th>
                    <th>Result</th>
                </tr>
                    <tr>
                        <td>
                            <pre class="log">Given I am on the Guinea Pig Website</pre>
                        </td>
                        <td>
                            <!--[TestArrange: Scenario - Verify Title 3]-->
                            <pre class="log">done: GuineaPigSteps.GivenIAmOnTheGuineaPigWebsite() (1.7s)</pre>
                        </td>
                        <td>Succeeded in 22.047s</td>
                    </tr>
                    <tr>
                        <td>
                            <pre class="log">When I check the title</pre>
                        </td>
                        <td>
                            <!--[TestAct: Scenario - Verify Title 3]-->
                            <pre class="log">I am a page title - Sauce Labs
done: GuineaPigSteps.WhenICheckTheTitle() (0.1s)</pre>
                        </td>
                        <td>Succeeded in 0.132s</td>
                    </tr>
                    <tr>
                        <td>
                            <pre class="log">Then the title should be what I expect</pre>
                        </td>
                        <td>
                            <!--[TestAssert: Scenario - Verify Title 3]-->
                            <pre class="log">done: GuineaPigSteps.ThenTheTitleShouldBeWhatIExpect() (0.1s)</pre>
                        </td>
                        <td>Succeeded in 0.073s</td>
                    </tr>
            </table>
            <a name="t884731088.0" />
            <h3>Scenario: End to End (in UnitTestProject1, SpecFlowFeature1)</h3>
            <ul>
                <li>Status: Pending</li>
                <li>Start time: 1/8/2016 4:56:22 PM</li>
                <li>Execution time (sec): 23.3648993</li>
                <li>Thread: #3</li>
            </ul>
            <table class="testEvents">
                <tr>
                    <th>Steps</th>
                    <th>Trace</th>
                    <th>Result</th>
                </tr>
                    <tr>
                        <td>
                            <pre class="log">Given I am on the Miles Kimball website</pre>
                        </td>
                        <td>
                            <!--[TestArrange: Scenario - End to End]-->
                            <pre class="log">No matching step definition found for the step. Use the following code to create one:
        [Given(@&quot;I am on the Miles Kimball website&quot;)]
        public void GivenIAmOnTheMilesKimballWebsite()
        {
            ScenarioContext.Current.Pending();
        }</pre>
                        </td>
                        <td>Pending in 20.301s</td>
                    </tr>
                    <tr>
                        <td>
                            <pre class="log">And I dismiss the popup</pre>
                        </td>
                        <td>
                            <!--[TestArrange: Scenario - End to End]-->
                            <pre class="log">No matching step definition found for the step. Use the following code to create one:
        [Given(@&quot;I dismiss the popup&quot;)]
        public void GivenIDismissThePopup()
        {
            ScenarioContext.Current.Pending();
        }</pre>
                        </td>
                        <td>Pending in 0.001s</td>
                    </tr>
                    <tr>
                        <td>
                            <pre class="log">And I search for Paua Shamrock Earrings using the SKU</pre>
                        </td>
                        <td>
                            <!--[TestArrange: Scenario - End to End]-->
                            <pre class="log">No matching step definition found for the step. Use the following code to create one:
        [Given(@&quot;I search for Paua Shamrock Earrings using the SKU&quot;)]
        public void GivenISearchForPauaShamrockEarringsUsingTheSKU()
        {
            ScenarioContext.Current.Pending();
        }</pre>
                        </td>
                        <td>Pending in 0s</td>
                    </tr>
                    <tr>
                        <td>
                            <pre class="log">And I click add to cart</pre>
                        </td>
                        <td>
                            <!--[TestArrange: Scenario - End to End]-->
                            <pre class="log">No matching step definition found for the step. Use the following code to create one:
        [Given(@&quot;I click add to cart&quot;)]
        public void GivenIClickAddToCart()
        {
            ScenarioContext.Current.Pending();
        }</pre>
                        </td>
                        <td>Pending in 0.001s</td>
                    </tr>
                    <tr>
                        <td>
                            <pre class="log">And I click View Cart / Checkout</pre>
                        </td>
                        <td>
                            <!--[TestArrange: Scenario - End to End]-->
                            <pre class="log">No matching step definition found for the step. Use the following code to create one:
        [Given(@&quot;I click View Cart / Checkout&quot;)]
        public void GivenIClickViewCartCheckout()
        {
            ScenarioContext.Current.Pending();
        }</pre>
                        </td>
                        <td>Pending in 0.001s</td>
                    </tr>
                    <tr>
                        <td>
                            <pre class="log">And I click Checkout</pre>
                        </td>
                        <td>
                            <!--[TestArrange: Scenario - End to End]-->
                            <pre class="log">No matching step definition found for the step. Use the following code to create one:
        [Given(@&quot;I click Checkout&quot;)]
        public void GivenIClickCheckout()
        {
            ScenarioContext.Current.Pending();
        }</pre>
                        </td>
                        <td>Pending in 0.001s</td>
                    </tr>
                    <tr>
                        <td>
                            <pre class="log">And I click Checkout as Guest</pre>
                        </td>
                        <td>
                            <!--[TestArrange: Scenario - End to End]-->
                            <pre class="log">No matching step definition found for the step. Use the following code to create one:
        [Given(@&quot;I click Checkout as Guest&quot;)]
        public void GivenIClickCheckoutAsGuest()
        {
            ScenarioContext.Current.Pending();
        }</pre>
                        </td>
                        <td>Pending in 0.001s</td>
                    </tr>
                    <tr>
                        <td>
                            <pre class="log">And Complete the various fields</pre>
                        </td>
                        <td>
                            <!--[TestArrange: Scenario - End to End]-->
                            <pre class="log">No matching step definition found for the step. Use the following code to create one:
        [Given(@&quot;Complete the various fields&quot;)]
        public void GivenCompleteTheVariousFields()
        {
            ScenarioContext.Current.Pending();
        }</pre>
                        </td>
                        <td>Pending in 0.001s</td>
                    </tr>
                    <tr>
                        <td>
                            <pre class="log">And I click Proceed to Payment &amp; Review</pre>
                        </td>
                        <td>
                            <!--[TestArrange: Scenario - End to End]-->
                            <pre class="log">No matching step definition found for the step. Use the following code to create one:
        [Given(@&quot;I click Proceed to Payment &amp; Review&quot;)]
        public void GivenIClickProceedToPaymentReview()
        {
            ScenarioContext.Current.Pending();
        }</pre>
                        </td>
                        <td>Pending in 0s</td>
                    </tr>
                    <tr>
                        <td>
                            <pre class="log">And I enter payment information</pre>
                        </td>
                        <td>
                            <!--[TestArrange: Scenario - End to End]-->
                            <pre class="log">No matching step definition found for the step. Use the following code to create one:
        [Given(@&quot;I enter payment information&quot;)]
        public void GivenIEnterPaymentInformation()
        {
            ScenarioContext.Current.Pending();
        }</pre>
                        </td>
                        <td>Pending in 0.001s</td>
                    </tr>
                    <tr>
                        <td>
                            <pre class="log">And I click Submit Order</pre>
                        </td>
                        <td>
                            <!--[TestArrange: Scenario - End to End]-->
                            <pre class="log">No matching step definition found for the step. Use the following code to create one:
        [Given(@&quot;I click Submit Order&quot;)]
        public void GivenIClickSubmitOrder()
        {
            ScenarioContext.Current.Pending();
        }</pre>
                        </td>
                        <td>Pending in 0.001s</td>
                    </tr>
                    <tr>
                        <td>
                            <pre class="log">Then the result should be 120 on the screen</pre>
                        </td>
                        <td>
                            <!--[TestAssert: Scenario - End to End]-->
                            <pre class="log">No matching step definition found for the step. Use the following code to create one:
        [Then(@&quot;the result should be (.*) on the screen&quot;)]
        public void ThenTheResultShouldBeOnTheScreen(int p0)
        {
            ScenarioContext.Current.Pending();
        }
Pending: No matching step definition found for one or more steps.
using System;
using TechTalk.SpecFlow;

namespace MyNamespace
{
    [Binding]
    public class StepDefinitions
    {
        [Given(@&quot;I am on the Miles Kimball website&quot;)]
        public void GivenIAmOnTheMilesKimballWebsite()
        {
            ScenarioContext.Current.Pending();
        }
        
        [Given(@&quot;I dismiss the popup&quot;)]
        public void GivenIDismissThePopup()
        {
            ScenarioContext.Current.Pending();
        }
        
        [Given(@&quot;I search for Paua Shamrock Earrings using the SKU&quot;)]
        public void GivenISearchForPauaShamrockEarringsUsingTheSKU()
        {
            ScenarioContext.Current.Pending();
        }
        
        [Given(@&quot;I click add to cart&quot;)]
        public void GivenIClickAddToCart()
        {
            ScenarioContext.Current.Pending();
        }
        
        [Given(@&quot;I click View Cart / Checkout&quot;)]
        public void GivenIClickViewCartCheckout()
        {
            ScenarioContext.Current.Pending();
        }
        
        [Given(@&quot;I click Checkout&quot;)]
        public void GivenIClickCheckout()
        {
            ScenarioContext.Current.Pending();
        }
        
        [Given(@&quot;I click Checkout as Guest&quot;)]
        public void GivenIClickCheckoutAsGuest()
        {
            ScenarioContext.Current.Pending();
        }
        
        [Given(@&quot;Complete the various fields&quot;)]
        public void GivenCompleteTheVariousFields()
        {
            ScenarioContext.Current.Pending();
        }
        
        [Given(@&quot;I click Proceed to Payment &amp; Review&quot;)]
        public void GivenIClickProceedToPaymentReview()
        {
            ScenarioContext.Current.Pending();
        }
        
        [Given(@&quot;I enter payment information&quot;)]
        public void GivenIEnterPaymentInformation()
        {
            ScenarioContext.Current.Pending();
        }
        
        [Given(@&quot;I click Submit Order&quot;)]
        public void GivenIClickSubmitOrder()
        {
            ScenarioContext.Current.Pending();
        }
        
        [Then(@&quot;the result should be (.*) on the screen&quot;)]
        public void ThenTheResultShouldBeOnTheScreen(int p0)
        {
            ScenarioContext.Current.Pending();
        }
    }
}</pre>
                        </td>
                        <td>Pending in 0.024s</td>
                    </tr>
            </table>
            <a name="t162003897.0" />
            <h3>Scenario: Confirm Alert is Present and Dismiss (in UnitTestProject1, MK Individual Tests)</h3>
            <ul>
                <li>Status: Failed</li>
                <li>Start time: 1/8/2016 4:56:22 PM</li>
                <li>Execution time (sec): 58.2620494</li>
                <li>Thread: #4</li>
                <li>Error: Could not find element by: By.Id: mf234</li>
            </ul>
            <table class="testEvents">
                <tr>
                    <th>Steps</th>
                    <th>Trace</th>
                    <th>Result</th>
                </tr>
                    <tr>
                        <td>
                            <pre class="log">Given I am on the Miles Kimball homepage</pre>
                        </td>
                        <td>
                            <!--[TestArrange: Scenario - Confirm Alert is Present and Dismiss]-->
                            <pre class="log">done: MKIndividualTestsSteps.GivenIAmOnTheMilesKimballHomepage() (15.0s)</pre>
                        </td>
                        <td>Succeeded in 34.592s</td>
                    </tr>
                    <tr>
                        <td>
                            <pre class="log">And the Free Shipping alert Appears</pre>
                        </td>
                        <td>
                            <!--[TestArrange: Scenario - Confirm Alert is Present and Dismiss]-->
                            <pre class="log">error: Could not find element by: By.Id: mf234</pre>
                                <div class="errorMessage">Could not find element by: By.Id: mf234</div>
                                <pre class="stackTrace">OpenQA.Selenium.NoSuchElementException: Could not find element by: By.Id: mf234
   at OpenQA.Selenium.Support.PageObjects.DefaultElementLocator.LocateElement(IEnumerable`1 bys) in c:\Projects\webdriver\dotnet\src\support\PageObjects\DefaultElementLocator.cs:line 78
   at OpenQA.Selenium.Support.PageObjects.WebElementProxy.get_Element() in c:\Projects\webdriver\dotnet\src\support\PageObjects\WebElementProxy.cs:line 58
   at OpenQA.Selenium.Support.PageObjects.WebElementProxy.Invoke(IMessage msg) in c:\Projects\webdriver\dotnet\src\support\PageObjects\WebElementProxy.cs:line 91
   at System.Runtime.Remoting.Proxies.RealProxy.PrivateInvoke(MessageData&amp; msgData, Int32 type)
   at OpenQA.Selenium.IWebElement.get_Displayed()
   at UnitTestProject1.MKIndividualTestsSteps.GivenTheFreeShippingAlertAppears() in C:\Users\Kevin Berg\documents\visual studio 2015\Projects\UnitTestProject1\UnitTestProject1\MKIndividualTestsSteps.cs:line 27
   at lambda_method(Closure , IContextManager )
   at TechTalk.SpecFlow.Bindings.BindingInvoker.InvokeBinding(IBinding binding, IContextManager contextManager, Object[] arguments, ITestTracer testTracer, TimeSpan&amp; duration)
   at TechTalk.SpecFlow.Infrastructure.TestExecutionEngine.ExecuteStepMatch(BindingMatch match, Object[] arguments)
   at TechTalk.SpecFlow.Infrastructure.TestExecutionEngine.ExecuteStep(StepInstance stepInstance)
   at TechTalk.SpecFlow.Infrastructure.TestExecutionEngine.OnAfterLastStep()
   at TechTalk.SpecFlow.TestRunner.CollectScenarioErrors()
   at UnitTestProject1.MKIndividualTestsFeature.ScenarioCleanup() in C:\Users\Kevin Berg\documents\visual studio 2015\Projects\UnitTestProject1\UnitTestProject1\MKIndividualTests.feature.cs:line 0
   at UnitTestProject1.MKIndividualTestsFeature.ConfirmAlertIsPresentAndDismiss() in C:\Users\Kevin Berg\documents\visual studio 2015\Projects\UnitTestProject1\UnitTestProject1\MKIndividualTests.feature:line 8
   at TechTalk.SpecRun.Framework.TaskExecutors.StaticOrInstanceMethodExecutor.ExecuteInternal(ITestThreadExecutionContext testThreadExecutionContext) in c:\TeamCity\buildAgent\work\1ace6ed01d0a43bb\TechTalk.SpecRun.Framework.Interfaces\TaskExecutors\StaticOrInstanceMethodExecutor.cs:line 40
   at TechTalk.SpecRun.Framework.TaskExecutors.StaticOrInstanceMethodExecutor.Execute(ITestThreadExecutionContext testThreadExecutionContext) in c:\TeamCity\buildAgent\work\1ace6ed01d0a43bb\TechTalk.SpecRun.Framework.Interfaces\TaskExecutors\StaticOrInstanceMethodExecutor.cs:line 21
   at TechTalk.SpecRun.Framework.TestAssemblyExecutor.ExecuteTestNodeTask(TestNode testNode, ITaskExecutor task, TraceEventType eventType) in c:\TeamCity\buildAgent\work\1ace6ed01d0a43bb\TechTalk.SpecRun.Framework.Executor\TestAssemblyExecutor.cs:line 215</pre>
                        </td>
                        <td>Failed in 20.767s</td>
                    </tr>
                    <tr>
                        <td>
                            <pre class="log">When I dismiss the alert</pre>
                        </td>
                        <td>
                            <!--[TestAct: Scenario - Confirm Alert is Present and Dismiss]-->
                            <pre class="log">skipped because of previous errors</pre>
                        </td>
                        <td>Skipped in 0.002s</td>
                    </tr>
                    <tr>
                        <td>
                            <pre class="log">Then the alert should not be present</pre>
                        </td>
                        <td>
                            <!--[TestAssert: Scenario - Confirm Alert is Present and Dismiss]-->
                            <pre class="log">skipped because of previous errors</pre>
                        </td>
                        <td>Skipped in 0.008s</td>
                    </tr>
            </table>
            <a name="t611163774.0" />
            <h3>Scenario: Confirm Alert is Present and Dismiss 2 (in UnitTestProject1, MK Individual Tests)</h3>
            <ul>
                <li>Status: Failed</li>
                <li>Start time: 1/8/2016 4:56:22 PM</li>
                <li>Execution time (sec): 58.5710551</li>
                <li>Thread: #5</li>
                <li>Error: Could not find element by: By.Id: mf234</li>
            </ul>
            <table class="testEvents">
                <tr>
                    <th>Steps</th>
                    <th>Trace</th>
                    <th>Result</th>
                </tr>
                    <tr>
                        <td>
                            <pre class="log">Given I am on the Miles Kimball homepage</pre>
                        </td>
                        <td>
                            <!--[TestArrange: Scenario - Confirm Alert is Present and Dismiss 2]-->
                            <pre class="log">done: MKIndividualTestsSteps.GivenIAmOnTheMilesKimballHomepage() (14.0s)</pre>
                        </td>
                        <td>Succeeded in 35.102s</td>
                    </tr>
                    <tr>
                        <td>
                            <pre class="log">And the Free Shipping alert Appears</pre>
                        </td>
                        <td>
                            <!--[TestArrange: Scenario - Confirm Alert is Present and Dismiss 2]-->
                            <pre class="log">error: Could not find element by: By.Id: mf234</pre>
                                <div class="errorMessage">Could not find element by: By.Id: mf234</div>
                                <pre class="stackTrace">OpenQA.Selenium.NoSuchElementException: Could not find element by: By.Id: mf234
   at OpenQA.Selenium.Support.PageObjects.DefaultElementLocator.LocateElement(IEnumerable`1 bys) in c:\Projects\webdriver\dotnet\src\support\PageObjects\DefaultElementLocator.cs:line 78
   at OpenQA.Selenium.Support.PageObjects.WebElementProxy.get_Element() in c:\Projects\webdriver\dotnet\src\support\PageObjects\WebElementProxy.cs:line 58
   at OpenQA.Selenium.Support.PageObjects.WebElementProxy.Invoke(IMessage msg) in c:\Projects\webdriver\dotnet\src\support\PageObjects\WebElementProxy.cs:line 91
   at System.Runtime.Remoting.Proxies.RealProxy.PrivateInvoke(MessageData&amp; msgData, Int32 type)
   at OpenQA.Selenium.IWebElement.get_Displayed()
   at UnitTestProject1.MKIndividualTestsSteps.GivenTheFreeShippingAlertAppears() in C:\Users\Kevin Berg\documents\visual studio 2015\Projects\UnitTestProject1\UnitTestProject1\MKIndividualTestsSteps.cs:line 27
   at lambda_method(Closure , IContextManager )
   at TechTalk.SpecFlow.Bindings.BindingInvoker.InvokeBinding(IBinding binding, IContextManager contextManager, Object[] arguments, ITestTracer testTracer, TimeSpan&amp; duration)
   at TechTalk.SpecFlow.Infrastructure.TestExecutionEngine.ExecuteStepMatch(BindingMatch match, Object[] arguments)
   at TechTalk.SpecFlow.Infrastructure.TestExecutionEngine.ExecuteStep(StepInstance stepInstance)
   at TechTalk.SpecFlow.Infrastructure.TestExecutionEngine.OnAfterLastStep()
   at TechTalk.SpecFlow.TestRunner.CollectScenarioErrors()
   at UnitTestProject1.MKIndividualTestsFeature.ScenarioCleanup() in C:\Users\Kevin Berg\documents\visual studio 2015\Projects\UnitTestProject1\UnitTestProject1\MKIndividualTests.feature.cs:line 0
   at UnitTestProject1.MKIndividualTestsFeature.ConfirmAlertIsPresentAndDismiss2() in C:\Users\Kevin Berg\documents\visual studio 2015\Projects\UnitTestProject1\UnitTestProject1\MKIndividualTests.feature:line 14
   at TechTalk.SpecRun.Framework.TaskExecutors.StaticOrInstanceMethodExecutor.ExecuteInternal(ITestThreadExecutionContext testThreadExecutionContext) in c:\TeamCity\buildAgent\work\1ace6ed01d0a43bb\TechTalk.SpecRun.Framework.Interfaces\TaskExecutors\StaticOrInstanceMethodExecutor.cs:line 40
   at TechTalk.SpecRun.Framework.TaskExecutors.StaticOrInstanceMethodExecutor.Execute(ITestThreadExecutionContext testThreadExecutionContext) in c:\TeamCity\buildAgent\work\1ace6ed01d0a43bb\TechTalk.SpecRun.Framework.Interfaces\TaskExecutors\StaticOrInstanceMethodExecutor.cs:line 21
   at TechTalk.SpecRun.Framework.TestAssemblyExecutor.ExecuteTestNodeTask(TestNode testNode, ITaskExecutor task, TraceEventType eventType) in c:\TeamCity\buildAgent\work\1ace6ed01d0a43bb\TechTalk.SpecRun.Framework.Executor\TestAssemblyExecutor.cs:line 215</pre>
                        </td>
                        <td>Failed in 20.357s</td>
                    </tr>
                    <tr>
                        <td>
                            <pre class="log">When I dismiss the alert</pre>
                        </td>
                        <td>
                            <!--[TestAct: Scenario - Confirm Alert is Present and Dismiss 2]-->
                            <pre class="log">skipped because of previous errors</pre>
                        </td>
                        <td>Skipped in 0.003s</td>
                    </tr>
                    <tr>
                        <td>
                            <pre class="log">Then the alert should not be present</pre>
                        </td>
                        <td>
                            <!--[TestAssert: Scenario - Confirm Alert is Present and Dismiss 2]-->
                            <pre class="log">skipped because of previous errors</pre>
                        </td>
                        <td>Skipped in 0.007s</td>
                    </tr>
            </table>
            <a name="t611098238.0" />
            <h3>Scenario: Confirm Alert is Present and Dismiss 3 (in UnitTestProject1, MK Individual Tests)</h3>
            <ul>
                <li>Status: Succeeded</li>
                <li>Start time: 1/8/2016 4:56:23 PM</li>
                <li>Execution time (sec): 34.3642753</li>
                <li>Thread: #6</li>
            </ul>
            <table class="testEvents">
                <tr>
                    <th>Steps</th>
                    <th>Trace</th>
                    <th>Result</th>
                </tr>
                    <tr>
                        <td>
                            <pre class="log">Given I am on the Miles Kimball homepage</pre>
                        </td>
                        <td>
                            <!--[TestArrange: Scenario - Confirm Alert is Present and Dismiss 3]-->
                            <pre class="log">done: MKIndividualTestsSteps.GivenIAmOnTheMilesKimballHomepage() (11.4s)</pre>
                        </td>
                        <td>Succeeded in 25.836s</td>
                    </tr>
                    <tr>
                        <td>
                            <pre class="log">And the Free Shipping alert Appears</pre>
                        </td>
                        <td>
                            <!--[TestArrange: Scenario - Confirm Alert is Present and Dismiss 3]-->
                            <pre class="log">done: MKIndividualTestsSteps.GivenTheFreeShippingAlertAppears() (0.3s)</pre>
                        </td>
                        <td>Succeeded in 0.347s</td>
                    </tr>
                    <tr>
                        <td>
                            <pre class="log">When I dismiss the alert</pre>
                        </td>
                        <td>
                            <!--[TestAct: Scenario - Confirm Alert is Present and Dismiss 3]-->
                            <pre class="log">done: MKIndividualTestsSteps.WhenIDismissTheAlert() (4.1s)</pre>
                        </td>
                        <td>Succeeded in 4.056s</td>
                    </tr>
                    <tr>
                        <td>
                            <pre class="log">Then the alert should not be present</pre>
                        </td>
                        <td>
                            <!--[TestAssert: Scenario - Confirm Alert is Present and Dismiss 3]-->
                            <pre class="log">done: MKIndividualTestsSteps.ThenTheAlertShouldNotBePresent() (0.1s)</pre>
                        </td>
                        <td>Succeeded in 0.11s</td>
                    </tr>
            </table>
            <a name="t610442878.0" />
            <h3>Scenario: Confirm Alert is Present and Dismiss 5 (in UnitTestProject1, MK Individual Tests)</h3>
            <ul>
                <li>Status: Succeeded</li>
                <li>Start time: 1/8/2016 4:56:23 PM</li>
                <li>Execution time (sec): 42.0105111</li>
                <li>Thread: #8</li>
            </ul>
            <table class="testEvents">
                <tr>
                    <th>Steps</th>
                    <th>Trace</th>
                    <th>Result</th>
                </tr>
                    <tr>
                        <td>
                            <pre class="log">Given I am on the Miles Kimball homepage</pre>
                        </td>
                        <td>
                            <!--[TestArrange: Scenario - Confirm Alert is Present and Dismiss 5]-->
                            <pre class="log">done: MKIndividualTestsSteps.GivenIAmOnTheMilesKimballHomepage() (14.7s)</pre>
                        </td>
                        <td>Succeeded in 33.496s</td>
                    </tr>
                    <tr>
                        <td>
                            <pre class="log">And the Free Shipping alert Appears</pre>
                        </td>
                        <td>
                            <!--[TestArrange: Scenario - Confirm Alert is Present and Dismiss 5]-->
                            <pre class="log">done: MKIndividualTestsSteps.GivenTheFreeShippingAlertAppears() (0.3s)</pre>
                        </td>
                        <td>Succeeded in 0.313s</td>
                    </tr>
                    <tr>
                        <td>
                            <pre class="log">When I dismiss the alert</pre>
                        </td>
                        <td>
                            <!--[TestAct: Scenario - Confirm Alert is Present and Dismiss 5]-->
                            <pre class="log">done: MKIndividualTestsSteps.WhenIDismissTheAlert() (4.2s)</pre>
                        </td>
                        <td>Succeeded in 4.161s</td>
                    </tr>
                    <tr>
                        <td>
                            <pre class="log">Then the alert should not be present</pre>
                        </td>
                        <td>
                            <!--[TestAssert: Scenario - Confirm Alert is Present and Dismiss 5]-->
                            <pre class="log">done: MKIndividualTestsSteps.ThenTheAlertShouldNotBePresent() (0.1s)</pre>
                        </td>
                        <td>Succeeded in 0.087s</td>
                    </tr>
            </table>
            <a name="t610508414.0" />
            <h3>Scenario: Confirm Alert is Present and Dismiss 4 (in UnitTestProject1, MK Individual Tests)</h3>
            <ul>
                <li>Status: Failed</li>
                <li>Start time: 1/8/2016 4:56:23 PM</li>
                <li>Execution time (sec): 48.2057112</li>
                <li>Thread: #7</li>
                <li>Error: Could not find element by: By.Id: mf234</li>
            </ul>
            <table class="testEvents">
                <tr>
                    <th>Steps</th>
                    <th>Trace</th>
                    <th>Result</th>
                </tr>
                    <tr>
                        <td>
                            <pre class="log">Given I am on the Miles Kimball homepage</pre>
                        </td>
                        <td>
                            <!--[TestArrange: Scenario - Confirm Alert is Present and Dismiss 4]-->
                            <pre class="log">done: MKIndividualTestsSteps.GivenIAmOnTheMilesKimballHomepage() (10.1s)</pre>
                        </td>
                        <td>Succeeded in 24.388s</td>
                    </tr>
                    <tr>
                        <td>
                            <pre class="log">And the Free Shipping alert Appears</pre>
                        </td>
                        <td>
                            <!--[TestArrange: Scenario - Confirm Alert is Present and Dismiss 4]-->
                            <pre class="log">error: Could not find element by: By.Id: mf234</pre>
                                <div class="errorMessage">Could not find element by: By.Id: mf234</div>
                                <pre class="stackTrace">OpenQA.Selenium.NoSuchElementException: Could not find element by: By.Id: mf234
   at OpenQA.Selenium.Support.PageObjects.DefaultElementLocator.LocateElement(IEnumerable`1 bys) in c:\Projects\webdriver\dotnet\src\support\PageObjects\DefaultElementLocator.cs:line 78
   at OpenQA.Selenium.Support.PageObjects.WebElementProxy.get_Element() in c:\Projects\webdriver\dotnet\src\support\PageObjects\WebElementProxy.cs:line 58
   at OpenQA.Selenium.Support.PageObjects.WebElementProxy.Invoke(IMessage msg) in c:\Projects\webdriver\dotnet\src\support\PageObjects\WebElementProxy.cs:line 91
   at System.Runtime.Remoting.Proxies.RealProxy.PrivateInvoke(MessageData&amp; msgData, Int32 type)
   at OpenQA.Selenium.IWebElement.get_Displayed()
   at UnitTestProject1.MKIndividualTestsSteps.GivenTheFreeShippingAlertAppears() in C:\Users\Kevin Berg\documents\visual studio 2015\Projects\UnitTestProject1\UnitTestProject1\MKIndividualTestsSteps.cs:line 27
   at lambda_method(Closure , IContextManager )
   at TechTalk.SpecFlow.Bindings.BindingInvoker.InvokeBinding(IBinding binding, IContextManager contextManager, Object[] arguments, ITestTracer testTracer, TimeSpan&amp; duration)
   at TechTalk.SpecFlow.Infrastructure.TestExecutionEngine.ExecuteStepMatch(BindingMatch match, Object[] arguments)
   at TechTalk.SpecFlow.Infrastructure.TestExecutionEngine.ExecuteStep(StepInstance stepInstance)
   at TechTalk.SpecFlow.Infrastructure.TestExecutionEngine.OnAfterLastStep()
   at TechTalk.SpecFlow.TestRunner.CollectScenarioErrors()
   at UnitTestProject1.MKIndividualTestsFeature.ScenarioCleanup() in C:\Users\Kevin Berg\documents\visual studio 2015\Projects\UnitTestProject1\UnitTestProject1\MKIndividualTests.feature.cs:line 0
   at UnitTestProject1.MKIndividualTestsFeature.ConfirmAlertIsPresentAndDismiss4() in C:\Users\Kevin Berg\documents\visual studio 2015\Projects\UnitTestProject1\UnitTestProject1\MKIndividualTests.feature:line 26
   at TechTalk.SpecRun.Framework.TaskExecutors.StaticOrInstanceMethodExecutor.ExecuteInternal(ITestThreadExecutionContext testThreadExecutionContext) in c:\TeamCity\buildAgent\work\1ace6ed01d0a43bb\TechTalk.SpecRun.Framework.Interfaces\TaskExecutors\StaticOrInstanceMethodExecutor.cs:line 40
   at TechTalk.SpecRun.Framework.TaskExecutors.StaticOrInstanceMethodExecutor.Execute(ITestThreadExecutionContext testThreadExecutionContext) in c:\TeamCity\buildAgent\work\1ace6ed01d0a43bb\TechTalk.SpecRun.Framework.Interfaces\TaskExecutors\StaticOrInstanceMethodExecutor.cs:line 21
   at TechTalk.SpecRun.Framework.TestAssemblyExecutor.ExecuteTestNodeTask(TestNode testNode, ITaskExecutor task, TraceEventType eventType) in c:\TeamCity\buildAgent\work\1ace6ed01d0a43bb\TechTalk.SpecRun.Framework.Executor\TestAssemblyExecutor.cs:line 215</pre>
                        </td>
                        <td>Failed in 20.293s</td>
                    </tr>
                    <tr>
                        <td>
                            <pre class="log">When I dismiss the alert</pre>
                        </td>
                        <td>
                            <!--[TestAct: Scenario - Confirm Alert is Present and Dismiss 4]-->
                            <pre class="log">skipped because of previous errors</pre>
                        </td>
                        <td>Skipped in 0.002s</td>
                    </tr>
                    <tr>
                        <td>
                            <pre class="log">Then the alert should not be present</pre>
                        </td>
                        <td>
                            <!--[TestAssert: Scenario - Confirm Alert is Present and Dismiss 4]-->
                            <pre class="log">skipped because of previous errors</pre>
                        </td>
                        <td>Skipped in 0.007s</td>
                    </tr>
            </table>
            <a name="t610377342.0" />
            <h3>Scenario: Confirm Alert is Present and Dismiss 6 (in UnitTestProject1, MK Individual Tests)</h3>
            <ul>
                <li>Status: Succeeded</li>
                <li>Start time: 1/8/2016 4:56:24 PM</li>
                <li>Execution time (sec): 41.2734867</li>
                <li>Thread: #9</li>
            </ul>
            <table class="testEvents">
                <tr>
                    <th>Steps</th>
                    <th>Trace</th>
                    <th>Result</th>
                </tr>
                    <tr>
                        <td>
                            <pre class="log">Given I am on the Miles Kimball homepage</pre>
                        </td>
                        <td>
                            <!--[TestArrange: Scenario - Confirm Alert is Present and Dismiss 6]-->
                            <pre class="log">done: MKIndividualTestsSteps.GivenIAmOnTheMilesKimballHomepage() (16.6s)</pre>
                        </td>
                        <td>Succeeded in 33.51s</td>
                    </tr>
                    <tr>
                        <td>
                            <pre class="log">And the Free Shipping alert Appears</pre>
                        </td>
                        <td>
                            <!--[TestArrange: Scenario - Confirm Alert is Present and Dismiss 6]-->
                            <pre class="log">done: MKIndividualTestsSteps.GivenTheFreeShippingAlertAppears() (0.3s)</pre>
                        </td>
                        <td>Succeeded in 0.32s</td>
                    </tr>
                    <tr>
                        <td>
                            <pre class="log">When I dismiss the alert</pre>
                        </td>
                        <td>
                            <!--[TestAct: Scenario - Confirm Alert is Present and Dismiss 6]-->
                            <pre class="log">done: MKIndividualTestsSteps.WhenIDismissTheAlert() (4.1s)</pre>
                        </td>
                        <td>Succeeded in 4.081s</td>
                    </tr>
                    <tr>
                        <td>
                            <pre class="log">Then the alert should not be present</pre>
                        </td>
                        <td>
                            <!--[TestAssert: Scenario - Confirm Alert is Present and Dismiss 6]-->
                            <pre class="log">done: MKIndividualTestsSteps.ThenTheAlertShouldNotBePresent() (0.1s)</pre>
                        </td>
                        <td>Succeeded in 0.099s</td>
                    </tr>
            </table>
	</body>
</html>